11/15/23 01:29:55 - Generating 19 times. 
11/15/23 01:33:07 - Deployments performed.
11/15/23 01:37:48 - K6 deployed.
11/15/23 01:38:01 - K6 running -- Initial data.
Replicas:               1 desired | 1 updated | 1 total | 1 available | 0 unavailable
    Image:      cmendes/znn:800k
11/15/23 01:46:01 - K6 finishing -- Peak data.
Replicas:               8 desired | 8 updated | 8 total | 8 available | 0 unavailable
    Image:      cmendes/znn:400k
11/15/23 06:51:05 - Generating 19 times. 
11/15/23 06:58:28 - Deployments performed.
11/15/23 07:03:01 - K6 deployed.
11/15/23 07:03:12 - K6 running -- Initial data.
Replicas:               1 desired | 1 updated | 1 total | 1 available | 0 unavailable
    Image:      cmendes/znn:800k
11/15/23 07:11:12 - K6 finishing -- Peak data.
Replicas:               8 desired | 8 updated | 8 total | 6 available | 2 unavailable
    Image:      cmendes/znn:400k
11/15/23 07:19:12 - K6 finised after unload -- Final data.
Replicas:               1 desired | 1 updated | 1 total | 1 available | 0 unavailable
    Image:      cmendes/znn:800k
11/15/23 07:19:13 - Restauration has finished.
Replicas:               1 desired | 1 updated | 1 total | 1 available | 0 unavailable
    Image:      cmendes/znn:800k
