12/02/23 17:32:26 - Generating 4 times. 
12/02/23 17:35:21 - Deployments performed.
12/02/23 17:39:48 - K6 deployed.
12/02/23 17:40:00 - K6 running -- Initial data.
Name:                   kube-znn
Namespace:              default
CreationTimestamp:      Sat, 02 Dec 2023 17:35:10 -0300
Labels:                 app=kube-znn
                        version=v1
Annotations:            deployment.kubernetes.io/revision: 1
Selector:               app=kube-znn,version=v1
Replicas:               1 desired | 1 updated | 1 total | 1 available | 0 unavailable
StrategyType:           RollingUpdate
MinReadySeconds:        0
RollingUpdateStrategy:  25% max unavailable, 25% max surge
Pod Template:
  Labels:       app=kube-znn
                version=v1
  Annotations:  prometheus.io/port: 9145
                prometheus.io/scrape: true
  Containers:
   znn:
    Image:      cmendes/znn:800k
    Port:       9000/TCP
    Host Port:  0/TCP
    Limits:
      cpu:     250m
      memory:  100Mi
    Environment:
      DB_HOST:  kube-znn-db
      DB_NAME:  znn
      DB_PASS:  znn_pass
    Mounts:
      /var/www/html from shared-files (rw)
   nginx:
    Image:        openresty/openresty:alpine-fat
    Ports:        80/TCP, 9145/TCP
    Host Ports:   0/TCP, 0/TCP
    Liveness:     http-get http://:80/liveness.php delay=0s timeout=1s period=10s #success=1 #failure=3
    Readiness:    http-get http://:80/readiness.php delay=0s timeout=1s period=10s #success=1 #failure=3
    Environment:  <none>
    Mounts:
      /etc/nginx/nginx-lua-prometheus/prometheus.lua from nginx-config-volume (rw,path="prometheus.lua")
      /etc/nginx/nginx-lua-prometheus/prometheus_keys.lua from nginx-config-volume (rw,path="prometheus_keys.lua")
      /etc/nginx/nginx-lua-prometheus/prometheus_resty_counter.lua from nginx-config-volume (rw,path="prometheus_resty_counter.lua")
      /usr/local/openresty/nginx/conf/nginx.conf from nginx-config-volume (rw,path="nginx.conf")
      /var/www/html from shared-files (rw)
  Volumes:
   shared-files:
    Type:       EmptyDir (a temporary directory that shares a pod's lifetime)
    Medium:     
    SizeLimit:  <unset>
   nginx-config-volume:
    Type:      ConfigMap (a volume populated by a ConfigMap)
    Name:      nginx-config-9dm8cm6k22
    Optional:  false
Conditions:
  Type           Status  Reason
  ----           ------  ------
  Available      True    MinimumReplicasAvailable
  Progressing    True    NewReplicaSetAvailable
OldReplicaSets:  <none>
NewReplicaSet:   kube-znn-68bd9d6b5b (1/1 replicas created)
Events:
  Type    Reason             Age    From                   Message
  ----    ------             ----   ----                   -------
  Normal  ScalingReplicaSet  4m50s  deployment-controller  Scaled up replica set kube-znn-68bd9d6b5b to 1
12/02/23 17:48:00 - K6 finishing -- Peak data.
Name:                   kube-znn
Namespace:              default
CreationTimestamp:      Sat, 02 Dec 2023 17:35:10 -0300
Labels:                 app=kube-znn
                        version=v1
Annotations:            deployment.kubernetes.io/revision: 5
Selector:               app=kube-znn,version=v1
Replicas:               9 desired | 5 updated | 12 total | 4 available | 8 unavailable
StrategyType:           RollingUpdate
MinReadySeconds:        0
RollingUpdateStrategy:  25% max unavailable, 25% max surge
Pod Template:
  Labels:       app=kube-znn
                version=v1
  Annotations:  prometheus.io/port: 9145
                prometheus.io/scrape: true
  Containers:
   znn:
    Image:      cmendes/znn:600k
    Port:       9000/TCP
    Host Port:  0/TCP
    Limits:
      cpu:     250m
      memory:  100Mi
    Environment:
      DB_HOST:  kube-znn-db
      DB_NAME:  znn
      DB_PASS:  znn_pass
    Mounts:
      /var/www/html from shared-files (rw)
   nginx:
    Image:        openresty/openresty:alpine-fat
    Ports:        80/TCP, 9145/TCP
    Host Ports:   0/TCP, 0/TCP
    Liveness:     http-get http://:80/liveness.php delay=0s timeout=1s period=10s #success=1 #failure=3
    Readiness:    http-get http://:80/readiness.php delay=0s timeout=1s period=10s #success=1 #failure=3
    Environment:  <none>
    Mounts:
      /etc/nginx/nginx-lua-prometheus/prometheus.lua from nginx-config-volume (rw,path="prometheus.lua")
      /etc/nginx/nginx-lua-prometheus/prometheus_keys.lua from nginx-config-volume (rw,path="prometheus_keys.lua")
      /etc/nginx/nginx-lua-prometheus/prometheus_resty_counter.lua from nginx-config-volume (rw,path="prometheus_resty_counter.lua")
      /usr/local/openresty/nginx/conf/nginx.conf from nginx-config-volume (rw,path="nginx.conf")
      /var/www/html from shared-files (rw)
  Volumes:
   shared-files:
    Type:       EmptyDir (a temporary directory that shares a pod's lifetime)
    Medium:     
    SizeLimit:  <unset>
   nginx-config-volume:
    Type:      ConfigMap (a volume populated by a ConfigMap)
    Name:      nginx-config-9dm8cm6k22
    Optional:  false
Conditions:
  Type           Status  Reason
  ----           ------  ------
  Available      False   MinimumReplicasUnavailable
  Progressing    True    ReplicaSetUpdated
OldReplicaSets:  kube-znn-6b7655774 (7/7 replicas created)
NewReplicaSet:   kube-znn-7cbbf89f8 (5/5 replicas created)
Events:
  Type    Reason             Age                     From                   Message
  ----    ------             ----                    ----                   -------
  Normal  ScalingReplicaSet  12m                     deployment-controller  Scaled up replica set kube-znn-68bd9d6b5b to 1
  Normal  ScalingReplicaSet  7m49s                   deployment-controller  Scaled up replica set kube-znn-68bd9d6b5b to 2
  Normal  ScalingReplicaSet  7m46s                   deployment-controller  Scaled up replica set kube-znn-68bd9d6b5b to 3
  Normal  ScalingReplicaSet  7m41s                   deployment-controller  Scaled up replica set kube-znn-68bd9d6b5b to 4
  Normal  ScalingReplicaSet  7m36s                   deployment-controller  Scaled up replica set kube-znn-68bd9d6b5b to 5
  Normal  ScalingReplicaSet  7m31s                   deployment-controller  Scaled up replica set kube-znn-68bd9d6b5b to 6
  Normal  ScalingReplicaSet  7m26s                   deployment-controller  Scaled up replica set kube-znn-68bd9d6b5b to 7
  Normal  ScalingReplicaSet  7m21s                   deployment-controller  Scaled up replica set kube-znn-68bd9d6b5b to 8
  Normal  ScalingReplicaSet  7m16s                   deployment-controller  Scaled up replica set kube-znn-68bd9d6b5b to 9
  Normal  ScalingReplicaSet  6m29s                   deployment-controller  Scaled down replica set kube-znn-7cbbf89f8 to 3
  Normal  ScalingReplicaSet  2m26s (x36 over 7m11s)  deployment-controller  (combined from similar events): Scaled up replica set kube-znn-6b7655774 to 5
12/02/23 17:56:00 - K6 finised after unload -- Final data.
Name:                   kube-znn
Namespace:              default
CreationTimestamp:      Sat, 02 Dec 2023 17:35:10 -0300
Labels:                 app=kube-znn
                        version=v1
Annotations:            deployment.kubernetes.io/revision: 5
Selector:               app=kube-znn,version=v1
Replicas:               9 desired | 5 updated | 12 total | 4 available | 8 unavailable
StrategyType:           RollingUpdate
MinReadySeconds:        0
RollingUpdateStrategy:  25% max unavailable, 25% max surge
Pod Template:
  Labels:       app=kube-znn
                version=v1
  Annotations:  prometheus.io/port: 9145
                prometheus.io/scrape: true
  Containers:
   znn:
    Image:      cmendes/znn:600k
    Port:       9000/TCP
    Host Port:  0/TCP
    Limits:
      cpu:     250m
      memory:  100Mi
    Environment:
      DB_HOST:  kube-znn-db
      DB_NAME:  znn
      DB_PASS:  znn_pass
    Mounts:
      /var/www/html from shared-files (rw)
   nginx:
    Image:        openresty/openresty:alpine-fat
    Ports:        80/TCP, 9145/TCP
    Host Ports:   0/TCP, 0/TCP
    Liveness:     http-get http://:80/liveness.php delay=0s timeout=1s period=10s #success=1 #failure=3
    Readiness:    http-get http://:80/readiness.php delay=0s timeout=1s period=10s #success=1 #failure=3
    Environment:  <none>
    Mounts:
      /etc/nginx/nginx-lua-prometheus/prometheus.lua from nginx-config-volume (rw,path="prometheus.lua")
      /etc/nginx/nginx-lua-prometheus/prometheus_keys.lua from nginx-config-volume (rw,path="prometheus_keys.lua")
      /etc/nginx/nginx-lua-prometheus/prometheus_resty_counter.lua from nginx-config-volume (rw,path="prometheus_resty_counter.lua")
      /usr/local/openresty/nginx/conf/nginx.conf from nginx-config-volume (rw,path="nginx.conf")
      /var/www/html from shared-files (rw)
  Volumes:
   shared-files:
    Type:       EmptyDir (a temporary directory that shares a pod's lifetime)
    Medium:     
    SizeLimit:  <unset>
   nginx-config-volume:
    Type:      ConfigMap (a volume populated by a ConfigMap)
    Name:      nginx-config-9dm8cm6k22
    Optional:  false
Conditions:
  Type           Status  Reason
  ----           ------  ------
  Available      False   MinimumReplicasUnavailable
  Progressing    True    ReplicaSetUpdated
OldReplicaSets:  kube-znn-6b7655774 (7/7 replicas created)
NewReplicaSet:   kube-znn-7cbbf89f8 (5/5 replicas created)
Events:
  Type    Reason             Age                 From                   Message
  ----    ------             ----                ----                   -------
  Normal  ScalingReplicaSet  20m                 deployment-controller  Scaled up replica set kube-znn-68bd9d6b5b to 1
  Normal  ScalingReplicaSet  15m                 deployment-controller  Scaled up replica set kube-znn-68bd9d6b5b to 2
  Normal  ScalingReplicaSet  15m                 deployment-controller  Scaled up replica set kube-znn-68bd9d6b5b to 3
  Normal  ScalingReplicaSet  15m                 deployment-controller  Scaled up replica set kube-znn-68bd9d6b5b to 4
  Normal  ScalingReplicaSet  15m                 deployment-controller  Scaled up replica set kube-znn-68bd9d6b5b to 5
  Normal  ScalingReplicaSet  15m                 deployment-controller  Scaled up replica set kube-znn-68bd9d6b5b to 6
  Normal  ScalingReplicaSet  15m                 deployment-controller  Scaled up replica set kube-znn-68bd9d6b5b to 7
  Normal  ScalingReplicaSet  15m                 deployment-controller  Scaled up replica set kube-znn-68bd9d6b5b to 8
  Normal  ScalingReplicaSet  15m                 deployment-controller  Scaled up replica set kube-znn-68bd9d6b5b to 9
  Normal  ScalingReplicaSet  14m                 deployment-controller  Scaled down replica set kube-znn-7cbbf89f8 to 3
  Normal  ScalingReplicaSet  10m (x36 over 15m)  deployment-controller  (combined from similar events): Scaled up replica set kube-znn-6b7655774 to 5
NAME       READY   UP-TO-DATE   AVAILABLE   AGE
kube-znn   4/9     5            4           20m
NAME                                    READY   STATUS      RESTARTS   AGE
failuremanager-ccc6cc495-5wmpx          1/1     Running     0          20m
failuremonitor-68dd6cfd46-8w8gf         1/1     Running     0          20m
fidelitya-54bb58dbc6-ck9l4              1/1     Running     0          11m
grafana-65787bb97f-d9bhm                1/1     Running     0          20m
k6-vqcvv                                0/1     Completed   0          16m
kube-state-metrics-d4dff4b7c-qbl67      1/1     Running     0          20m
kube-znn-6b7655774-45x87                0/2     Pending     0          10m
kube-znn-6b7655774-64jxx                0/2     Pending     0          8m3s
kube-znn-6b7655774-bt85k                2/2     Running     0          11m
kube-znn-6b7655774-dzzgl                2/2     Running     0          11m
kube-znn-6b7655774-f8p7r                0/2     Pending     0          10m
kube-znn-6b7655774-gf48p                2/2     Running     0          11m
kube-znn-6b7655774-kkklm                2/2     Running     0          11m
kube-znn-7cbbf89f8-7pkcj                0/2     Pending     0          8m46s
kube-znn-7cbbf89f8-9r22g                0/2     Pending     0          8m46s
kube-znn-7cbbf89f8-bkd5k                0/2     Pending     0          8m46s
kube-znn-7cbbf89f8-v65t7                0/2     Pending     0          8m3s
kube-znn-7cbbf89f8-vc5wz                0/2     Pending     0          8m46s
kube-znn-db-6cc48797cf-szsnl            1/1     Running     0          20m
metacontroller-kubow-86b49ccb9b-nl4vc   1/1     Running     0          20m
nginx-ingress-8558d96667-5bspx          1/1     Running     0          20m
prometheus-ffc965799-55l5b              1/1     Running     0          20m
scalabilitya-7495b4f5b6-57q7l           1/1     Running     0          11m
Name:                   kube-znn
Namespace:              default
CreationTimestamp:      Sat, 02 Dec 2023 17:35:10 -0300
Labels:                 app=kube-znn
                        version=v1
Annotations:            deployment.kubernetes.io/revision: 11
Selector:               app=kube-znn,version=v1
Replicas:               7 desired | 5 updated | 9 total | 0 available | 9 unavailable
StrategyType:           RollingUpdate
MinReadySeconds:        0
RollingUpdateStrategy:  25% max unavailable, 25% max surge
Pod Template:
  Labels:       app=kube-znn
                version=v1
  Annotations:  prometheus.io/port: 9145
                prometheus.io/scrape: true
  Containers:
   znn:
    Image:      cmendes/znn:200k
    Port:       9000/TCP
    Host Port:  0/TCP
    Limits:
      cpu:     250m
      memory:  100Mi
    Environment:
      DB_HOST:  kube-znn-db
      DB_NAME:  znn
      DB_PASS:  znn_pass
    Mounts:
      /var/www/html from shared-files (rw)
   nginx:
    Image:        openresty/openresty:alpine-fat
    Ports:        80/TCP, 9145/TCP
    Host Ports:   0/TCP, 0/TCP
    Liveness:     http-get http://:80/liveness.php delay=0s timeout=1s period=10s #success=1 #failure=3
    Readiness:    http-get http://:80/readiness.php delay=0s timeout=1s period=10s #success=1 #failure=3
    Environment:  <none>
    Mounts:
      /etc/nginx/nginx-lua-prometheus/prometheus.lua from nginx-config-volume (rw,path="prometheus.lua")
      /etc/nginx/nginx-lua-prometheus/prometheus_keys.lua from nginx-config-volume (rw,path="prometheus_keys.lua")
      /etc/nginx/nginx-lua-prometheus/prometheus_resty_counter.lua from nginx-config-volume (rw,path="prometheus_resty_counter.lua")
      /usr/local/openresty/nginx/conf/nginx.conf from nginx-config-volume (rw,path="nginx.conf")
      /var/www/html from shared-files (rw)
  Volumes:
   shared-files:
    Type:       EmptyDir (a temporary directory that shares a pod's lifetime)
    Medium:     
    SizeLimit:  <unset>
   nginx-config-volume:
    Type:      ConfigMap (a volume populated by a ConfigMap)
    Name:      nginx-config-9dm8cm6k22
    Optional:  false
Conditions:
  Type           Status  Reason
  ----           ------  ------
  Available      False   MinimumReplicasUnavailable
  Progressing    True    ReplicaSetUpdated
OldReplicaSets:  kube-znn-7cbbf89f8 (2/2 replicas created), kube-znn-6b7655774 (2/2 replicas created)
NewReplicaSet:   kube-znn-86cccc748b (5/5 replicas created)
Events:
  Type    Reason             Age                 From                   Message
  ----    ------             ----                ----                   -------
  Normal  ScalingReplicaSet  40m                 deployment-controller  Scaled up replica set kube-znn-68bd9d6b5b to 1
  Normal  ScalingReplicaSet  35m                 deployment-controller  Scaled up replica set kube-znn-68bd9d6b5b to 2
  Normal  ScalingReplicaSet  35m                 deployment-controller  Scaled up replica set kube-znn-68bd9d6b5b to 3
  Normal  ScalingReplicaSet  35m                 deployment-controller  Scaled up replica set kube-znn-68bd9d6b5b to 4
  Normal  ScalingReplicaSet  35m                 deployment-controller  Scaled up replica set kube-znn-68bd9d6b5b to 5
  Normal  ScalingReplicaSet  35m                 deployment-controller  Scaled up replica set kube-znn-68bd9d6b5b to 6
  Normal  ScalingReplicaSet  35m                 deployment-controller  Scaled up replica set kube-znn-68bd9d6b5b to 7
  Normal  ScalingReplicaSet  35m                 deployment-controller  Scaled up replica set kube-znn-68bd9d6b5b to 8
  Normal  ScalingReplicaSet  35m                 deployment-controller  Scaled up replica set kube-znn-68bd9d6b5b to 9
  Normal  ScalingReplicaSet  34m                 deployment-controller  Scaled down replica set kube-znn-7cbbf89f8 to 3
  Normal  ScalingReplicaSet  30m (x36 over 35m)  deployment-controller  (combined from similar events): Scaled up replica set kube-znn-6b7655774 to 5
  Normal  ScalingReplicaSet  17m (x2 over 28m)   deployment-controller  Scaled up replica set kube-znn-6b7655774 to 8
  Normal  ScalingReplicaSet  17m                 deployment-controller  Scaled up replica set kube-znn-7cbbf89f8 to 6
  Normal  ScalingReplicaSet  15m                 deployment-controller  Scaled down replica set kube-znn-86cccc748b to 0
  Normal  ScalingReplicaSet  4m10s               deployment-controller  Scaled up replica set kube-znn-86cccc748b to 5
NAME       READY   UP-TO-DATE   AVAILABLE   AGE
kube-znn   0/7     5            0           40m
NAME                                    READY   STATUS      RESTARTS   AGE
failuremanager-ccc6cc495-5wmpx          1/1     Running     0          40m
failuremonitor-68dd6cfd46-8w8gf         1/1     Running     0          40m
fidelitya-54bb58dbc6-kgtb4              1/1     Running     0          15m
fidelitya-54bb58dbc6-nc2mf              1/1     Running     0          15m
grafana-65787bb97f-d9bhm                1/1     Running     0          40m
k6-vqcvv                                0/1     Completed   0          36m
kube-state-metrics-d4dff4b7c-qbl67      1/1     Running     0          40m
kube-znn-6b7655774-fvqh5                0/2     Pending     0          15m
kube-znn-6b7655774-r2zh5                0/2     Pending     0          15m
kube-znn-7cbbf89f8-frdsk                0/2     Pending     0          15m
kube-znn-7cbbf89f8-lqncz                0/2     Pending     0          15m
kube-znn-86cccc748b-6dlz2               0/2     Pending     0          15m
kube-znn-86cccc748b-dq6m2               0/2     Pending     0          14m
kube-znn-86cccc748b-jzz5x               0/2     Pending     0          4m10s
kube-znn-86cccc748b-w6hcv               0/2     Pending     0          15m
kube-znn-86cccc748b-xw6d6               0/2     Pending     0          15m
kube-znn-db-6cc48797cf-szsnl            1/1     Running     0          40m
metacontroller-kubow-86b49ccb9b-nl4vc   1/1     Running     0          40m
nginx-ingress-8558d96667-5bspx          1/1     Running     0          40m
prometheus-ffc965799-55l5b              1/1     Running     0          40m
scalabilitya-7495b4f5b6-cl48m           1/1     Running     0          15m
