11/30/23 23:45:05 - Generating 11 times. 
11/30/23 23:47:45 - Deployments performed.
11/30/23 23:52:31 - K6 deployed.
11/30/23 23:52:42 - K6 running -- Initial data.
Name:                   kube-znn
Namespace:              default
CreationTimestamp:      Thu, 30 Nov 2023 23:47:42 -0300
Labels:                 app=kube-znn
                        version=v1
Annotations:            deployment.kubernetes.io/revision: 1
Selector:               app=kube-znn,version=v1
Replicas:               1 desired | 1 updated | 1 total | 1 available | 0 unavailable
StrategyType:           RollingUpdate
MinReadySeconds:        0
RollingUpdateStrategy:  25% max unavailable, 25% max surge
Pod Template:
  Labels:       app=kube-znn
                version=v1
  Annotations:  prometheus.io/port: 9145
                prometheus.io/scrape: true
  Containers:
   znn:
    Image:      cmendes/znn:800k
    Port:       9000/TCP
    Host Port:  0/TCP
    Limits:
      cpu:     250m
      memory:  100Mi
    Environment:
      DB_HOST:  kube-znn-db
      DB_NAME:  znn
      DB_PASS:  znn_pass
    Mounts:
      /var/www/html from shared-files (rw)
   nginx:
    Image:        openresty/openresty:alpine-fat
    Ports:        80/TCP, 9145/TCP
    Host Ports:   0/TCP, 0/TCP
    Liveness:     http-get http://:80/liveness.php delay=0s timeout=1s period=10s #success=1 #failure=3
    Readiness:    http-get http://:80/readiness.php delay=0s timeout=1s period=10s #success=1 #failure=3
    Environment:  <none>
    Mounts:
      /etc/nginx/nginx-lua-prometheus/prometheus.lua from nginx-config-volume (rw,path="prometheus.lua")
      /etc/nginx/nginx-lua-prometheus/prometheus_keys.lua from nginx-config-volume (rw,path="prometheus_keys.lua")
      /etc/nginx/nginx-lua-prometheus/prometheus_resty_counter.lua from nginx-config-volume (rw,path="prometheus_resty_counter.lua")
      /usr/local/openresty/nginx/conf/nginx.conf from nginx-config-volume (rw,path="nginx.conf")
      /var/www/html from shared-files (rw)
  Volumes:
   shared-files:
    Type:       EmptyDir (a temporary directory that shares a pod's lifetime)
    Medium:     
    SizeLimit:  <unset>
   nginx-config-volume:
    Type:      ConfigMap (a volume populated by a ConfigMap)
    Name:      nginx-config-9dm8cm6k22
    Optional:  false
Conditions:
  Type           Status  Reason
  ----           ------  ------
  Available      True    MinimumReplicasAvailable
  Progressing    True    NewReplicaSetAvailable
OldReplicaSets:  <none>
NewReplicaSet:   kube-znn-5fb97667db (1/1 replicas created)
Events:
  Type    Reason             Age   From                   Message
  ----    ------             ----  ----                   -------
  Normal  ScalingReplicaSet  5m    deployment-controller  Scaled up replica set kube-znn-5fb97667db to 1
12/01/23 00:00:42 - K6 finishing -- Peak data.
Name:                   kube-znn
Namespace:              default
CreationTimestamp:      Thu, 30 Nov 2023 23:47:42 -0300
Labels:                 app=kube-znn
                        version=v1
Annotations:            deployment.kubernetes.io/revision: 3
Selector:               app=kube-znn,version=v1
Replicas:               8 desired | 8 updated | 8 total | 8 available | 0 unavailable
StrategyType:           RollingUpdate
MinReadySeconds:        0
RollingUpdateStrategy:  25% max unavailable, 25% max surge
Pod Template:
  Labels:       app=kube-znn
                version=v1
  Annotations:  prometheus.io/port: 9145
                prometheus.io/scrape: true
  Containers:
   znn:
    Image:      cmendes/znn:400k
    Port:       9000/TCP
    Host Port:  0/TCP
    Limits:
      cpu:     250m
      memory:  100Mi
    Environment:
      DB_HOST:  kube-znn-db
      DB_NAME:  znn
      DB_PASS:  znn_pass
    Mounts:
      /var/www/html from shared-files (rw)
   nginx:
    Image:        openresty/openresty:alpine-fat
    Ports:        80/TCP, 9145/TCP
    Host Ports:   0/TCP, 0/TCP
    Liveness:     http-get http://:80/liveness.php delay=0s timeout=1s period=10s #success=1 #failure=3
    Readiness:    http-get http://:80/readiness.php delay=0s timeout=1s period=10s #success=1 #failure=3
    Environment:  <none>
    Mounts:
      /etc/nginx/nginx-lua-prometheus/prometheus.lua from nginx-config-volume (rw,path="prometheus.lua")
      /etc/nginx/nginx-lua-prometheus/prometheus_keys.lua from nginx-config-volume (rw,path="prometheus_keys.lua")
      /etc/nginx/nginx-lua-prometheus/prometheus_resty_counter.lua from nginx-config-volume (rw,path="prometheus_resty_counter.lua")
      /usr/local/openresty/nginx/conf/nginx.conf from nginx-config-volume (rw,path="nginx.conf")
      /var/www/html from shared-files (rw)
  Volumes:
   shared-files:
    Type:       EmptyDir (a temporary directory that shares a pod's lifetime)
    Medium:     
    SizeLimit:  <unset>
   nginx-config-volume:
    Type:      ConfigMap (a volume populated by a ConfigMap)
    Name:      nginx-config-9dm8cm6k22
    Optional:  false
Conditions:
  Type           Status  Reason
  ----           ------  ------
  Available      True    MinimumReplicasAvailable
  Progressing    True    NewReplicaSetAvailable
OldReplicaSets:  <none>
NewReplicaSet:   kube-znn-f8d56c578 (8/8 replicas created)
Events:
  Type    Reason             Age                    From                   Message
  ----    ------             ----                   ----                   -------
  Normal  ScalingReplicaSet  13m                    deployment-controller  Scaled up replica set kube-znn-5fb97667db to 1
  Normal  ScalingReplicaSet  7m45s                  deployment-controller  Scaled up replica set kube-znn-5fb97667db to 2
  Normal  ScalingReplicaSet  7m42s                  deployment-controller  Scaled up replica set kube-znn-5fb97667db to 3
  Normal  ScalingReplicaSet  7m37s                  deployment-controller  Scaled up replica set kube-znn-5fb97667db to 4
  Normal  ScalingReplicaSet  7m32s                  deployment-controller  Scaled up replica set kube-znn-5fb97667db to 5
  Normal  ScalingReplicaSet  7m27s                  deployment-controller  Scaled up replica set kube-znn-5fb97667db to 6
  Normal  ScalingReplicaSet  7m22s                  deployment-controller  Scaled up replica set kube-znn-5fb97667db to 7
  Normal  ScalingReplicaSet  7m17s                  deployment-controller  Scaled up replica set kube-znn-5fb97667db to 8
  Normal  ScalingReplicaSet  7m12s                  deployment-controller  Scaled up replica set kube-znn-5fb97667db to 9
  Normal  ScalingReplicaSet  6m37s (x17 over 7m7s)  deployment-controller  (combined from similar events): Scaled up replica set kube-znn-f8d56c578 to 4
12/01/23 00:08:42 - K6 finised after unload -- Final data.
Name:                   kube-znn
Namespace:              default
CreationTimestamp:      Thu, 30 Nov 2023 23:47:42 -0300
Labels:                 app=kube-znn
                        version=v1
Annotations:            deployment.kubernetes.io/revision: 3
Selector:               app=kube-znn,version=v1
Replicas:               8 desired | 8 updated | 8 total | 8 available | 0 unavailable
StrategyType:           RollingUpdate
MinReadySeconds:        0
RollingUpdateStrategy:  25% max unavailable, 25% max surge
Pod Template:
  Labels:       app=kube-znn
                version=v1
  Annotations:  prometheus.io/port: 9145
                prometheus.io/scrape: true
  Containers:
   znn:
    Image:      cmendes/znn:400k
    Port:       9000/TCP
    Host Port:  0/TCP
    Limits:
      cpu:     250m
      memory:  100Mi
    Environment:
      DB_HOST:  kube-znn-db
      DB_NAME:  znn
      DB_PASS:  znn_pass
    Mounts:
      /var/www/html from shared-files (rw)
   nginx:
    Image:        openresty/openresty:alpine-fat
    Ports:        80/TCP, 9145/TCP
    Host Ports:   0/TCP, 0/TCP
    Liveness:     http-get http://:80/liveness.php delay=0s timeout=1s period=10s #success=1 #failure=3
    Readiness:    http-get http://:80/readiness.php delay=0s timeout=1s period=10s #success=1 #failure=3
    Environment:  <none>
    Mounts:
      /etc/nginx/nginx-lua-prometheus/prometheus.lua from nginx-config-volume (rw,path="prometheus.lua")
      /etc/nginx/nginx-lua-prometheus/prometheus_keys.lua from nginx-config-volume (rw,path="prometheus_keys.lua")
      /etc/nginx/nginx-lua-prometheus/prometheus_resty_counter.lua from nginx-config-volume (rw,path="prometheus_resty_counter.lua")
      /usr/local/openresty/nginx/conf/nginx.conf from nginx-config-volume (rw,path="nginx.conf")
      /var/www/html from shared-files (rw)
  Volumes:
   shared-files:
    Type:       EmptyDir (a temporary directory that shares a pod's lifetime)
    Medium:     
    SizeLimit:  <unset>
   nginx-config-volume:
    Type:      ConfigMap (a volume populated by a ConfigMap)
    Name:      nginx-config-9dm8cm6k22
    Optional:  false
Conditions:
  Type           Status  Reason
  ----           ------  ------
  Available      True    MinimumReplicasAvailable
  Progressing    True    NewReplicaSetAvailable
OldReplicaSets:  <none>
NewReplicaSet:   kube-znn-f8d56c578 (8/8 replicas created)
Events:
  Type    Reason             Age                 From                   Message
  ----    ------             ----                ----                   -------
  Normal  ScalingReplicaSet  21m                 deployment-controller  Scaled up replica set kube-znn-5fb97667db to 1
  Normal  ScalingReplicaSet  15m                 deployment-controller  Scaled up replica set kube-znn-5fb97667db to 2
  Normal  ScalingReplicaSet  15m                 deployment-controller  Scaled up replica set kube-znn-5fb97667db to 3
  Normal  ScalingReplicaSet  15m                 deployment-controller  Scaled up replica set kube-znn-5fb97667db to 4
  Normal  ScalingReplicaSet  15m                 deployment-controller  Scaled up replica set kube-znn-5fb97667db to 5
  Normal  ScalingReplicaSet  15m                 deployment-controller  Scaled up replica set kube-znn-5fb97667db to 6
  Normal  ScalingReplicaSet  15m                 deployment-controller  Scaled up replica set kube-znn-5fb97667db to 7
  Normal  ScalingReplicaSet  15m                 deployment-controller  Scaled up replica set kube-znn-5fb97667db to 8
  Normal  ScalingReplicaSet  15m                 deployment-controller  Scaled up replica set kube-znn-5fb97667db to 9
  Normal  ScalingReplicaSet  14m (x17 over 15m)  deployment-controller  (combined from similar events): Scaled up replica set kube-znn-f8d56c578 to 4
NAME       READY   UP-TO-DATE   AVAILABLE   AGE
kube-znn   8/8     8            8           21m
NAME                                 READY   STATUS      RESTARTS   AGE
failuremanager-ccc6cc495-j8jtf       1/1     Running     0          20m
failuremonitor-68dd6cfd46-z7sl2      1/1     Running     0          20m
grafana-65787bb97f-7vc68             1/1     Running     0          21m
k6-qvxv4                             0/1     Completed   0          16m
kube-state-metrics-d4dff4b7c-49t5x   1/1     Running     0          21m
kube-znn-db-6dd8968475-zwb7j         1/1     Running     0          21m
kube-znn-f8d56c578-4g5gt             2/2     Running     0          14m
kube-znn-f8d56c578-8njct             2/2     Running     0          14m
kube-znn-f8d56c578-cdp7n             2/2     Running     0          14m
kube-znn-f8d56c578-cvbrk             2/2     Running     0          14m
kube-znn-f8d56c578-cwz5l             2/2     Running     0          14m
kube-znn-f8d56c578-pfsl8             2/2     Running     0          14m
kube-znn-f8d56c578-qgd4g             2/2     Running     0          14m
kube-znn-f8d56c578-ts5m6             2/2     Running     0          14m
kubow-68487cddff-b74zb               1/1     Running     0          20m
nginx-ingress-8558d96667-dnh8c       1/1     Running     0          20m
prometheus-ffc965799-xbl7t           1/1     Running     0          21m
Name:                   kube-znn
Namespace:              default
CreationTimestamp:      Thu, 30 Nov 2023 23:47:42 -0300
Labels:                 app=kube-znn
                        version=v1
Annotations:            deployment.kubernetes.io/revision: 3
Selector:               app=kube-znn,version=v1
Replicas:               8 desired | 8 updated | 8 total | 8 available | 0 unavailable
StrategyType:           RollingUpdate
MinReadySeconds:        0
RollingUpdateStrategy:  25% max unavailable, 25% max surge
Pod Template:
  Labels:       app=kube-znn
                version=v1
  Annotations:  prometheus.io/port: 9145
                prometheus.io/scrape: true
  Containers:
   znn:
    Image:      cmendes/znn:400k
    Port:       9000/TCP
    Host Port:  0/TCP
    Limits:
      cpu:     250m
      memory:  100Mi
    Environment:
      DB_HOST:  kube-znn-db
      DB_NAME:  znn
      DB_PASS:  znn_pass
    Mounts:
      /var/www/html from shared-files (rw)
   nginx:
    Image:        openresty/openresty:alpine-fat
    Ports:        80/TCP, 9145/TCP
    Host Ports:   0/TCP, 0/TCP
    Liveness:     http-get http://:80/liveness.php delay=0s timeout=1s period=10s #success=1 #failure=3
    Readiness:    http-get http://:80/readiness.php delay=0s timeout=1s period=10s #success=1 #failure=3
    Environment:  <none>
    Mounts:
      /etc/nginx/nginx-lua-prometheus/prometheus.lua from nginx-config-volume (rw,path="prometheus.lua")
      /etc/nginx/nginx-lua-prometheus/prometheus_keys.lua from nginx-config-volume (rw,path="prometheus_keys.lua")
      /etc/nginx/nginx-lua-prometheus/prometheus_resty_counter.lua from nginx-config-volume (rw,path="prometheus_resty_counter.lua")
      /usr/local/openresty/nginx/conf/nginx.conf from nginx-config-volume (rw,path="nginx.conf")
      /var/www/html from shared-files (rw)
  Volumes:
   shared-files:
    Type:       EmptyDir (a temporary directory that shares a pod's lifetime)
    Medium:     
    SizeLimit:  <unset>
   nginx-config-volume:
    Type:      ConfigMap (a volume populated by a ConfigMap)
    Name:      nginx-config-9dm8cm6k22
    Optional:  false
Conditions:
  Type           Status  Reason
  ----           ------  ------
  Available      True    MinimumReplicasAvailable
  Progressing    True    NewReplicaSetAvailable
OldReplicaSets:  <none>
NewReplicaSet:   kube-znn-f8d56c578 (8/8 replicas created)
Events:
  Type    Reason             Age                 From                   Message
  ----    ------             ----                ----                   -------
  Normal  ScalingReplicaSet  41m                 deployment-controller  Scaled up replica set kube-znn-5fb97667db to 1
  Normal  ScalingReplicaSet  35m                 deployment-controller  Scaled up replica set kube-znn-5fb97667db to 2
  Normal  ScalingReplicaSet  35m                 deployment-controller  Scaled up replica set kube-znn-5fb97667db to 3
  Normal  ScalingReplicaSet  35m                 deployment-controller  Scaled up replica set kube-znn-5fb97667db to 4
  Normal  ScalingReplicaSet  35m                 deployment-controller  Scaled up replica set kube-znn-5fb97667db to 5
  Normal  ScalingReplicaSet  35m                 deployment-controller  Scaled up replica set kube-znn-5fb97667db to 6
  Normal  ScalingReplicaSet  35m                 deployment-controller  Scaled up replica set kube-znn-5fb97667db to 7
  Normal  ScalingReplicaSet  35m                 deployment-controller  Scaled up replica set kube-znn-5fb97667db to 8
  Normal  ScalingReplicaSet  35m                 deployment-controller  Scaled up replica set kube-znn-5fb97667db to 9
  Normal  ScalingReplicaSet  34m (x17 over 35m)  deployment-controller  (combined from similar events): Scaled up replica set kube-znn-f8d56c578 to 4
NAME       READY   UP-TO-DATE   AVAILABLE   AGE
kube-znn   8/8     8            8           41m
NAME                                 READY   STATUS      RESTARTS   AGE
failuremanager-ccc6cc495-j8jtf       1/1     Running     0          40m
failuremonitor-68dd6cfd46-z7sl2      1/1     Running     0          40m
grafana-65787bb97f-7vc68             1/1     Running     0          41m
k6-qvxv4                             0/1     Completed   0          36m
kube-state-metrics-d4dff4b7c-49t5x   1/1     Running     0          41m
kube-znn-db-6dd8968475-zwb7j         1/1     Running     0          41m
kube-znn-f8d56c578-4g5gt             2/2     Running     0          34m
kube-znn-f8d56c578-8njct             2/2     Running     0          34m
kube-znn-f8d56c578-cdp7n             2/2     Running     0          34m
kube-znn-f8d56c578-cvbrk             2/2     Running     0          34m
kube-znn-f8d56c578-cwz5l             2/2     Running     0          34m
kube-znn-f8d56c578-pfsl8             2/2     Running     0          34m
kube-znn-f8d56c578-qgd4g             2/2     Running     0          34m
kube-znn-f8d56c578-ts5m6             2/2     Running     0          34m
kubow-68487cddff-b74zb               1/1     Running     0          40m
nginx-ingress-8558d96667-dnh8c       1/1     Running     0          40m
prometheus-ffc965799-xbl7t           1/1     Running     0          41m
