11/04/23 12:06:19 - Generating 3 times. 
11/04/23 12:09:10 - Deployments performed.
11/04/23 12:12:18 - K6 deployed.
11/04/23 12:12:32 - K6 running -- Initial data.
Replicas:               1 desired | 1 updated | 1 total | 1 available | 0 unavailable
    Image:      cmendes/znn:800k
11/04/23 12:15:04 - Generating 3 times. 
11/04/23 12:19:55 - Deployments performed.
11/04/23 12:22:08 - Generating 3 times. 
11/04/23 12:24:26 - Deployments performed.
11/04/23 12:28:35 - Generating 3 times. 
11/04/23 12:32:55 - Deployments performed.
11/04/23 12:35:58 - K6 deployed.
11/04/23 12:36:08 - K6 running -- Initial data.
Replicas:               1 desired | 1 updated | 1 total | 1 available | 0 unavailable
    Image:      cmendes/znn:800k
11/04/23 12:44:08 - K6 finishing -- Peak data.
Replicas:               10 desired | 5 updated | 13 total | 8 available | 5 unavailable
    Image:      cmendes/znn:400k
11/04/23 12:52:08 - K6 finised after unload -- Final data.
Replicas:               1 desired | 1 updated | 1 total | 1 available | 0 unavailable
    Image:      cmendes/znn:200k
11/04/23 12:52:08 - Restauration has finished.
Replicas:               1 desired | 1 updated | 1 total | 1 available | 0 unavailable
    Image:      cmendes/znn:200k
