12/03/23 23:35:58 - Generating 7 times. 
12/03/23 23:38:49 - Deployments performed.
12/03/23 23:43:01 - K6 deployed.
12/03/23 23:43:13 - K6 running -- Initial data.
Name:                   kube-znn
Namespace:              default
CreationTimestamp:      Sun, 03 Dec 2023 23:38:36 -0300
Labels:                 app=kube-znn
                        version=v1
Annotations:            deployment.kubernetes.io/revision: 1
Selector:               app=kube-znn,version=v1
Replicas:               1 desired | 1 updated | 1 total | 1 available | 0 unavailable
StrategyType:           RollingUpdate
MinReadySeconds:        0
RollingUpdateStrategy:  25% max unavailable, 25% max surge
Pod Template:
  Labels:       app=kube-znn
                version=v1
  Annotations:  prometheus.io/port: 9145
                prometheus.io/scrape: true
  Containers:
   znn:
    Image:      cmendes/znn:800k
    Port:       9000/TCP
    Host Port:  0/TCP
    Limits:
      cpu:     250m
      memory:  100Mi
    Environment:
      DB_HOST:  kube-znn-db
      DB_NAME:  znn
      DB_PASS:  znn_pass
    Mounts:
      /var/www/html from shared-files (rw)
   nginx:
    Image:        openresty/openresty:alpine-fat
    Ports:        80/TCP, 9145/TCP
    Host Ports:   0/TCP, 0/TCP
    Liveness:     http-get http://:80/liveness.php delay=0s timeout=1s period=10s #success=1 #failure=3
    Readiness:    http-get http://:80/readiness.php delay=0s timeout=1s period=10s #success=1 #failure=3
    Environment:  <none>
    Mounts:
      /etc/nginx/nginx-lua-prometheus/prometheus.lua from nginx-config-volume (rw,path="prometheus.lua")
      /etc/nginx/nginx-lua-prometheus/prometheus_keys.lua from nginx-config-volume (rw,path="prometheus_keys.lua")
      /etc/nginx/nginx-lua-prometheus/prometheus_resty_counter.lua from nginx-config-volume (rw,path="prometheus_resty_counter.lua")
      /usr/local/openresty/nginx/conf/nginx.conf from nginx-config-volume (rw,path="nginx.conf")
      /var/www/html from shared-files (rw)
  Volumes:
   shared-files:
    Type:       EmptyDir (a temporary directory that shares a pod's lifetime)
    Medium:     
    SizeLimit:  <unset>
   nginx-config-volume:
    Type:      ConfigMap (a volume populated by a ConfigMap)
    Name:      nginx-config-9dm8cm6k22
    Optional:  false
Conditions:
  Type           Status  Reason
  ----           ------  ------
  Available      True    MinimumReplicasAvailable
  Progressing    True    NewReplicaSetAvailable
OldReplicaSets:  <none>
NewReplicaSet:   kube-znn-68bd9d6b5b (1/1 replicas created)
Events:
  Type    Reason             Age    From                   Message
  ----    ------             ----   ----                   -------
  Normal  ScalingReplicaSet  4m37s  deployment-controller  Scaled up replica set kube-znn-68bd9d6b5b to 1
12/03/23 23:51:13 - K6 finishing -- Peak data.
Name:                   kube-znn
Namespace:              default
CreationTimestamp:      Sun, 03 Dec 2023 23:38:36 -0300
Labels:                 app=kube-znn
                        version=v1
Annotations:            deployment.kubernetes.io/revision: 7
Selector:               app=kube-znn,version=v1
Replicas:               6 desired | 6 updated | 8 total | 4 available | 4 unavailable
StrategyType:           RollingUpdate
MinReadySeconds:        0
RollingUpdateStrategy:  25% max unavailable, 25% max surge
Pod Template:
  Labels:       app=kube-znn
                version=v1
  Annotations:  prometheus.io/port: 9145
                prometheus.io/scrape: true
  Containers:
   znn:
    Image:      cmendes/znn:400k
    Port:       9000/TCP
    Host Port:  0/TCP
    Limits:
      cpu:     250m
      memory:  100Mi
    Environment:
      DB_HOST:  kube-znn-db
      DB_NAME:  znn
      DB_PASS:  znn_pass
    Mounts:
      /var/www/html from shared-files (rw)
   nginx:
    Image:        openresty/openresty:alpine-fat
    Ports:        80/TCP, 9145/TCP
    Host Ports:   0/TCP, 0/TCP
    Liveness:     http-get http://:80/liveness.php delay=0s timeout=1s period=10s #success=1 #failure=3
    Readiness:    http-get http://:80/readiness.php delay=0s timeout=1s period=10s #success=1 #failure=3
    Environment:  <none>
    Mounts:
      /etc/nginx/nginx-lua-prometheus/prometheus.lua from nginx-config-volume (rw,path="prometheus.lua")
      /etc/nginx/nginx-lua-prometheus/prometheus_keys.lua from nginx-config-volume (rw,path="prometheus_keys.lua")
      /etc/nginx/nginx-lua-prometheus/prometheus_resty_counter.lua from nginx-config-volume (rw,path="prometheus_resty_counter.lua")
      /usr/local/openresty/nginx/conf/nginx.conf from nginx-config-volume (rw,path="nginx.conf")
      /var/www/html from shared-files (rw)
  Volumes:
   shared-files:
    Type:       EmptyDir (a temporary directory that shares a pod's lifetime)
    Medium:     
    SizeLimit:  <unset>
   nginx-config-volume:
    Type:      ConfigMap (a volume populated by a ConfigMap)
    Name:      nginx-config-9dm8cm6k22
    Optional:  false
Conditions:
  Type           Status  Reason
  ----           ------  ------
  Available      False   MinimumReplicasUnavailable
  Progressing    True    ReplicaSetUpdated
OldReplicaSets:  kube-znn-7cbbf89f8 (2/2 replicas created)
NewReplicaSet:   kube-znn-68dbbf8bbd (6/6 replicas created)
Events:
  Type    Reason             Age                     From                   Message
  ----    ------             ----                    ----                   -------
  Normal  ScalingReplicaSet  12m                     deployment-controller  Scaled up replica set kube-znn-68bd9d6b5b to 1
  Normal  ScalingReplicaSet  7m53s                   deployment-controller  Scaled up replica set kube-znn-68bd9d6b5b to 2
  Normal  ScalingReplicaSet  7m45s                   deployment-controller  Scaled up replica set kube-znn-68bd9d6b5b to 3
  Normal  ScalingReplicaSet  7m40s                   deployment-controller  Scaled up replica set kube-znn-68bd9d6b5b to 4
  Normal  ScalingReplicaSet  7m35s                   deployment-controller  Scaled up replica set kube-znn-68bd9d6b5b to 5
  Normal  ScalingReplicaSet  7m30s                   deployment-controller  Scaled up replica set kube-znn-68bd9d6b5b to 6
  Normal  ScalingReplicaSet  7m25s                   deployment-controller  Scaled up replica set kube-znn-68bd9d6b5b to 7
  Normal  ScalingReplicaSet  7m20s                   deployment-controller  Scaled up replica set kube-znn-68bd9d6b5b to 8
  Normal  ScalingReplicaSet  7m15s                   deployment-controller  Scaled up replica set kube-znn-68bd9d6b5b to 9
  Normal  ScalingReplicaSet  6m23s                   deployment-controller  Scaled up replica set kube-znn-7cbbf89f8 to 3
  Normal  ScalingReplicaSet  5m9s                    deployment-controller  Scaled up replica set kube-znn-7cbbf89f8 to 5
  Normal  ScalingReplicaSet  4m41s (x15 over 7m10s)  deployment-controller  (combined from similar events): Scaled up replica set kube-znn-7cbbf89f8 to 10
12/03/23 23:59:13 - K6 finised after unload -- Final data.
Name:                   kube-znn
Namespace:              default
CreationTimestamp:      Sun, 03 Dec 2023 23:38:36 -0300
Labels:                 app=kube-znn
                        version=v1
Annotations:            deployment.kubernetes.io/revision: 39
Selector:               app=kube-znn,version=v1
Replicas:               6 desired | 3 updated | 8 total | 4 available | 4 unavailable
StrategyType:           RollingUpdate
MinReadySeconds:        0
RollingUpdateStrategy:  25% max unavailable, 25% max surge
Pod Template:
  Labels:       app=kube-znn
                version=v1
  Annotations:  prometheus.io/port: 9145
                prometheus.io/scrape: true
  Containers:
   znn:
    Image:      cmendes/znn:800k
    Port:       9000/TCP
    Host Port:  0/TCP
    Limits:
      cpu:     250m
      memory:  100Mi
    Environment:
      DB_HOST:  kube-znn-db
      DB_NAME:  znn
      DB_PASS:  znn_pass
    Mounts:
      /var/www/html from shared-files (rw)
   nginx:
    Image:        openresty/openresty:alpine-fat
    Ports:        80/TCP, 9145/TCP
    Host Ports:   0/TCP, 0/TCP
    Liveness:     http-get http://:80/liveness.php delay=0s timeout=1s period=10s #success=1 #failure=3
    Readiness:    http-get http://:80/readiness.php delay=0s timeout=1s period=10s #success=1 #failure=3
    Environment:  <none>
    Mounts:
      /etc/nginx/nginx-lua-prometheus/prometheus.lua from nginx-config-volume (rw,path="prometheus.lua")
      /etc/nginx/nginx-lua-prometheus/prometheus_keys.lua from nginx-config-volume (rw,path="prometheus_keys.lua")
      /etc/nginx/nginx-lua-prometheus/prometheus_resty_counter.lua from nginx-config-volume (rw,path="prometheus_resty_counter.lua")
      /usr/local/openresty/nginx/conf/nginx.conf from nginx-config-volume (rw,path="nginx.conf")
      /var/www/html from shared-files (rw)
  Volumes:
   shared-files:
    Type:       EmptyDir (a temporary directory that shares a pod's lifetime)
    Medium:     
    SizeLimit:  <unset>
   nginx-config-volume:
    Type:      ConfigMap (a volume populated by a ConfigMap)
    Name:      nginx-config-9dm8cm6k22
    Optional:  false
Conditions:
  Type           Status  Reason
  ----           ------  ------
  Available      False   MinimumReplicasUnavailable
  Progressing    True    ReplicaSetUpdated
OldReplicaSets:  kube-znn-7cbbf89f8 (1/1 replicas created), kube-znn-68dbbf8bbd (4/4 replicas created)
NewReplicaSet:   kube-znn-68bd9d6b5b (3/3 replicas created)
Events:
  Type    Reason             Age                   From                   Message
  ----    ------             ----                  ----                   -------
  Normal  ScalingReplicaSet  20m                   deployment-controller  Scaled up replica set kube-znn-68bd9d6b5b to 1
  Normal  ScalingReplicaSet  15m                   deployment-controller  Scaled up replica set kube-znn-68bd9d6b5b to 2
  Normal  ScalingReplicaSet  15m                   deployment-controller  Scaled up replica set kube-znn-68bd9d6b5b to 3
  Normal  ScalingReplicaSet  15m                   deployment-controller  Scaled up replica set kube-znn-68bd9d6b5b to 4
  Normal  ScalingReplicaSet  15m                   deployment-controller  Scaled up replica set kube-znn-68bd9d6b5b to 5
  Normal  ScalingReplicaSet  15m                   deployment-controller  Scaled up replica set kube-znn-68bd9d6b5b to 6
  Normal  ScalingReplicaSet  15m                   deployment-controller  Scaled up replica set kube-znn-68bd9d6b5b to 7
  Normal  ScalingReplicaSet  15m                   deployment-controller  Scaled up replica set kube-znn-68bd9d6b5b to 8
  Normal  ScalingReplicaSet  15m                   deployment-controller  Scaled up replica set kube-znn-68bd9d6b5b to 9
  Normal  ScalingReplicaSet  14m                   deployment-controller  Scaled up replica set kube-znn-7cbbf89f8 to 3
  Normal  ScalingReplicaSet  13m                   deployment-controller  Scaled up replica set kube-znn-7cbbf89f8 to 5
  Normal  ScalingReplicaSet  7m37s (x23 over 15m)  deployment-controller  (combined from similar events): Scaled down replica set kube-znn-68dbbf8bbd to 4
  Normal  ScalingReplicaSet  34s (x13 over 6m44s)  deployment-controller  Scaled down replica set kube-znn-68bd9d6b5b to 0
NAME       READY   UP-TO-DATE   AVAILABLE   AGE
kube-znn   4/6     3            4           20m
NAME                                    READY   STATUS      RESTARTS   AGE
failuremanager-ccc6cc495-mkllp          1/1     Running     0          20m
failuremonitor-68dd6cfd46-rj7d6         1/1     Running     0          20m
fidelitya-54bb58dbc6-8tj58              1/1     Running     0          11m
grafana-65787bb97f-wng2l                1/1     Running     2          20m
k6-6lfnq                                0/1     Completed   0          16m
kube-state-metrics-d4dff4b7c-b926r      1/1     Running     0          20m
kube-znn-68bd9d6b5b-5fgfd               0/2     Pending     0          4s
kube-znn-68bd9d6b5b-sjbv8               0/2     Pending     0          4s
kube-znn-68bd9d6b5b-wflk5               0/2     Pending     0          4s
kube-znn-68dbbf8bbd-n8f5s               0/2     Pending     0          10m
kube-znn-68dbbf8bbd-nsjtl               2/2     Running     0          11m
kube-znn-68dbbf8bbd-tbgt7               2/2     Running     0          12m
kube-znn-68dbbf8bbd-xb62g               2/2     Running     0          11m
kube-znn-7cbbf89f8-k8wf9                2/2     Running     0          12m
kube-znn-db-6cc48797cf-6r45r            1/1     Running     0          20m
metacontroller-kubow-86b49ccb9b-t965t   1/1     Running     0          20m
nginx-ingress-8558d96667-m7xqr          1/1     Running     0          20m
prometheus-ffc965799-jrhxs              1/1     Running     0          20m
scalabilitya-7495b4f5b6-vc92j           1/1     Running     0          11m
Name:                   kube-znn
Namespace:              default
CreationTimestamp:      Sun, 03 Dec 2023 23:38:36 -0300
Labels:                 app=kube-znn
                        version=v1
Annotations:            deployment.kubernetes.io/revision: 119
Selector:               app=kube-znn,version=v1
Replicas:               6 desired | 3 updated | 8 total | 4 available | 4 unavailable
StrategyType:           RollingUpdate
MinReadySeconds:        0
RollingUpdateStrategy:  25% max unavailable, 25% max surge
Pod Template:
  Labels:       app=kube-znn
                version=v1
  Annotations:  prometheus.io/port: 9145
                prometheus.io/scrape: true
  Containers:
   znn:
    Image:      cmendes/znn:800k
    Port:       9000/TCP
    Host Port:  0/TCP
    Limits:
      cpu:     250m
      memory:  100Mi
    Environment:
      DB_HOST:  kube-znn-db
      DB_NAME:  znn
      DB_PASS:  znn_pass
    Mounts:
      /var/www/html from shared-files (rw)
   nginx:
    Image:        openresty/openresty:alpine-fat
    Ports:        80/TCP, 9145/TCP
    Host Ports:   0/TCP, 0/TCP
    Liveness:     http-get http://:80/liveness.php delay=0s timeout=1s period=10s #success=1 #failure=3
    Readiness:    http-get http://:80/readiness.php delay=0s timeout=1s period=10s #success=1 #failure=3
    Environment:  <none>
    Mounts:
      /etc/nginx/nginx-lua-prometheus/prometheus.lua from nginx-config-volume (rw,path="prometheus.lua")
      /etc/nginx/nginx-lua-prometheus/prometheus_keys.lua from nginx-config-volume (rw,path="prometheus_keys.lua")
      /etc/nginx/nginx-lua-prometheus/prometheus_resty_counter.lua from nginx-config-volume (rw,path="prometheus_resty_counter.lua")
      /usr/local/openresty/nginx/conf/nginx.conf from nginx-config-volume (rw,path="nginx.conf")
      /var/www/html from shared-files (rw)
  Volumes:
   shared-files:
    Type:       EmptyDir (a temporary directory that shares a pod's lifetime)
    Medium:     
    SizeLimit:  <unset>
   nginx-config-volume:
    Type:      ConfigMap (a volume populated by a ConfigMap)
    Name:      nginx-config-9dm8cm6k22
    Optional:  false
Conditions:
  Type           Status  Reason
  ----           ------  ------
  Available      False   MinimumReplicasUnavailable
  Progressing    True    ReplicaSetUpdated
OldReplicaSets:  kube-znn-7cbbf89f8 (1/1 replicas created), kube-znn-68dbbf8bbd (4/4 replicas created)
NewReplicaSet:   kube-znn-68bd9d6b5b (3/3 replicas created)
Events:
  Type    Reason             Age                 From                   Message
  ----    ------             ----                ----                   -------
  Normal  ScalingReplicaSet  40m                 deployment-controller  Scaled up replica set kube-znn-68bd9d6b5b to 1
  Normal  ScalingReplicaSet  35m                 deployment-controller  Scaled up replica set kube-znn-68bd9d6b5b to 2
  Normal  ScalingReplicaSet  35m                 deployment-controller  Scaled up replica set kube-znn-68bd9d6b5b to 3
  Normal  ScalingReplicaSet  35m                 deployment-controller  Scaled up replica set kube-znn-68bd9d6b5b to 4
  Normal  ScalingReplicaSet  35m                 deployment-controller  Scaled up replica set kube-znn-68bd9d6b5b to 5
  Normal  ScalingReplicaSet  35m                 deployment-controller  Scaled up replica set kube-znn-68bd9d6b5b to 6
  Normal  ScalingReplicaSet  35m                 deployment-controller  Scaled up replica set kube-znn-68bd9d6b5b to 7
  Normal  ScalingReplicaSet  35m                 deployment-controller  Scaled up replica set kube-znn-68bd9d6b5b to 8
  Normal  ScalingReplicaSet  35m                 deployment-controller  Scaled up replica set kube-znn-68bd9d6b5b to 9
  Normal  ScalingReplicaSet  34m                 deployment-controller  Scaled up replica set kube-znn-7cbbf89f8 to 3
  Normal  ScalingReplicaSet  33m                 deployment-controller  Scaled up replica set kube-znn-7cbbf89f8 to 5
  Normal  ScalingReplicaSet  27m (x23 over 35m)  deployment-controller  (combined from similar events): Scaled down replica set kube-znn-68dbbf8bbd to 4
  Normal  ScalingReplicaSet  14s (x54 over 26m)  deployment-controller  Scaled down replica set kube-znn-68bd9d6b5b to 0
NAME       READY   UP-TO-DATE   AVAILABLE   AGE
kube-znn   4/6     3            4           40m
NAME                                    READY   STATUS      RESTARTS   AGE
failuremanager-ccc6cc495-mkllp          1/1     Running     0          40m
failuremonitor-68dd6cfd46-rj7d6         1/1     Running     0          40m
fidelitya-54bb58dbc6-8tj58              1/1     Running     0          31m
grafana-65787bb97f-wng2l                1/1     Running     2          40m
k6-6lfnq                                0/1     Completed   0          36m
kube-state-metrics-d4dff4b7c-b926r      1/1     Running     0          40m
kube-znn-68bd9d6b5b-9vv89               0/2     Pending     0          14s
kube-znn-68bd9d6b5b-chf6n               0/2     Pending     0          14s
kube-znn-68bd9d6b5b-rg8rb               0/2     Pending     0          14s
kube-znn-68dbbf8bbd-n8f5s               0/2     Pending     0          30m
kube-znn-68dbbf8bbd-nsjtl               2/2     Running     0          31m
kube-znn-68dbbf8bbd-tbgt7               2/2     Running     0          32m
kube-znn-68dbbf8bbd-xb62g               2/2     Running     0          31m
kube-znn-7cbbf89f8-k8wf9                2/2     Running     0          32m
kube-znn-db-6cc48797cf-6r45r            1/1     Running     0          40m
metacontroller-kubow-86b49ccb9b-t965t   1/1     Running     0          40m
nginx-ingress-8558d96667-m7xqr          1/1     Running     0          40m
prometheus-ffc965799-jrhxs              1/1     Running     0          40m
scalabilitya-7495b4f5b6-vc92j           1/1     Running     0          31m
