12/04/23 03:21:27 - Generating 12 times. 
12/04/23 03:24:07 - Deployments performed.
12/04/23 03:28:20 - K6 deployed.
12/04/23 03:28:31 - K6 running -- Initial data.
Name:                   kube-znn
Namespace:              default
CreationTimestamp:      Mon, 04 Dec 2023 03:23:56 -0300
Labels:                 app=kube-znn
                        version=v1
Annotations:            deployment.kubernetes.io/revision: 1
Selector:               app=kube-znn,version=v1
Replicas:               1 desired | 1 updated | 1 total | 1 available | 0 unavailable
StrategyType:           RollingUpdate
MinReadySeconds:        0
RollingUpdateStrategy:  25% max unavailable, 25% max surge
Pod Template:
  Labels:       app=kube-znn
                version=v1
  Annotations:  prometheus.io/port: 9145
                prometheus.io/scrape: true
  Containers:
   znn:
    Image:      cmendes/znn:800k
    Port:       9000/TCP
    Host Port:  0/TCP
    Limits:
      cpu:     250m
      memory:  100Mi
    Environment:
      DB_HOST:  kube-znn-db
      DB_NAME:  znn
      DB_PASS:  znn_pass
    Mounts:
      /var/www/html from shared-files (rw)
   nginx:
    Image:        openresty/openresty:alpine-fat
    Ports:        80/TCP, 9145/TCP
    Host Ports:   0/TCP, 0/TCP
    Liveness:     http-get http://:80/liveness.php delay=0s timeout=1s period=10s #success=1 #failure=3
    Readiness:    http-get http://:80/readiness.php delay=0s timeout=1s period=10s #success=1 #failure=3
    Environment:  <none>
    Mounts:
      /etc/nginx/nginx-lua-prometheus/prometheus.lua from nginx-config-volume (rw,path="prometheus.lua")
      /etc/nginx/nginx-lua-prometheus/prometheus_keys.lua from nginx-config-volume (rw,path="prometheus_keys.lua")
      /etc/nginx/nginx-lua-prometheus/prometheus_resty_counter.lua from nginx-config-volume (rw,path="prometheus_resty_counter.lua")
      /usr/local/openresty/nginx/conf/nginx.conf from nginx-config-volume (rw,path="nginx.conf")
      /var/www/html from shared-files (rw)
  Volumes:
   shared-files:
    Type:       EmptyDir (a temporary directory that shares a pod's lifetime)
    Medium:     
    SizeLimit:  <unset>
   nginx-config-volume:
    Type:      ConfigMap (a volume populated by a ConfigMap)
    Name:      nginx-config-9dm8cm6k22
    Optional:  false
Conditions:
  Type           Status  Reason
  ----           ------  ------
  Available      True    MinimumReplicasAvailable
  Progressing    True    NewReplicaSetAvailable
OldReplicaSets:  <none>
NewReplicaSet:   kube-znn-68bd9d6b5b (1/1 replicas created)
Events:
  Type    Reason             Age    From                   Message
  ----    ------             ----   ----                   -------
  Normal  ScalingReplicaSet  4m35s  deployment-controller  Scaled up replica set kube-znn-68bd9d6b5b to 1
12/04/23 03:36:31 - K6 finishing -- Peak data.
Name:                   kube-znn
Namespace:              default
CreationTimestamp:      Mon, 04 Dec 2023 03:23:56 -0300
Labels:                 app=kube-znn
                        version=v1
Annotations:            deployment.kubernetes.io/revision: 7
Selector:               app=kube-znn,version=v1
Replicas:               6 desired | 3 updated | 8 total | 4 available | 4 unavailable
StrategyType:           RollingUpdate
MinReadySeconds:        0
RollingUpdateStrategy:  25% max unavailable, 25% max surge
Pod Template:
  Labels:       app=kube-znn
                version=v1
  Annotations:  prometheus.io/port: 9145
                prometheus.io/scrape: true
  Containers:
   znn:
    Image:      cmendes/znn:600k
    Port:       9000/TCP
    Host Port:  0/TCP
    Limits:
      cpu:     250m
      memory:  100Mi
    Environment:
      DB_HOST:  kube-znn-db
      DB_NAME:  znn
      DB_PASS:  znn_pass
    Mounts:
      /var/www/html from shared-files (rw)
   nginx:
    Image:        openresty/openresty:alpine-fat
    Ports:        80/TCP, 9145/TCP
    Host Ports:   0/TCP, 0/TCP
    Liveness:     http-get http://:80/liveness.php delay=0s timeout=1s period=10s #success=1 #failure=3
    Readiness:    http-get http://:80/readiness.php delay=0s timeout=1s period=10s #success=1 #failure=3
    Environment:  <none>
    Mounts:
      /etc/nginx/nginx-lua-prometheus/prometheus.lua from nginx-config-volume (rw,path="prometheus.lua")
      /etc/nginx/nginx-lua-prometheus/prometheus_keys.lua from nginx-config-volume (rw,path="prometheus_keys.lua")
      /etc/nginx/nginx-lua-prometheus/prometheus_resty_counter.lua from nginx-config-volume (rw,path="prometheus_resty_counter.lua")
      /usr/local/openresty/nginx/conf/nginx.conf from nginx-config-volume (rw,path="nginx.conf")
      /var/www/html from shared-files (rw)
  Volumes:
   shared-files:
    Type:       EmptyDir (a temporary directory that shares a pod's lifetime)
    Medium:     
    SizeLimit:  <unset>
   nginx-config-volume:
    Type:      ConfigMap (a volume populated by a ConfigMap)
    Name:      nginx-config-9dm8cm6k22
    Optional:  false
Conditions:
  Type           Status  Reason
  ----           ------  ------
  Available      False   MinimumReplicasUnavailable
  Progressing    True    ReplicaSetUpdated
OldReplicaSets:  kube-znn-86cccc748b (5/5 replicas created)
NewReplicaSet:   kube-znn-7cbbf89f8 (3/3 replicas created)
Events:
  Type    Reason             Age                    From                   Message
  ----    ------             ----                   ----                   -------
  Normal  ScalingReplicaSet  12m                    deployment-controller  Scaled up replica set kube-znn-68bd9d6b5b to 1
  Normal  ScalingReplicaSet  7m47s                  deployment-controller  Scaled up replica set kube-znn-68bd9d6b5b to 2
  Normal  ScalingReplicaSet  7m39s                  deployment-controller  Scaled up replica set kube-znn-68bd9d6b5b to 3
  Normal  ScalingReplicaSet  7m34s                  deployment-controller  Scaled up replica set kube-znn-68bd9d6b5b to 4
  Normal  ScalingReplicaSet  7m29s                  deployment-controller  Scaled up replica set kube-znn-68bd9d6b5b to 5
  Normal  ScalingReplicaSet  7m24s                  deployment-controller  Scaled up replica set kube-znn-68bd9d6b5b to 6
  Normal  ScalingReplicaSet  7m19s                  deployment-controller  Scaled up replica set kube-znn-68bd9d6b5b to 7
  Normal  ScalingReplicaSet  7m14s                  deployment-controller  Scaled up replica set kube-znn-68bd9d6b5b to 8
  Normal  ScalingReplicaSet  7m9s                   deployment-controller  Scaled up replica set kube-znn-68bd9d6b5b to 9
  Normal  ScalingReplicaSet  2m28s (x46 over 7m4s)  deployment-controller  (combined from similar events): Scaled down replica set kube-znn-6b7655774 to 0
12/04/23 03:44:31 - K6 finised after unload -- Final data.
Name:                   kube-znn
Namespace:              default
CreationTimestamp:      Mon, 04 Dec 2023 03:23:56 -0300
Labels:                 app=kube-znn
                        version=v1
Annotations:            deployment.kubernetes.io/revision: 7
Selector:               app=kube-znn,version=v1
Replicas:               6 desired | 3 updated | 8 total | 4 available | 4 unavailable
StrategyType:           RollingUpdate
MinReadySeconds:        0
RollingUpdateStrategy:  25% max unavailable, 25% max surge
Pod Template:
  Labels:       app=kube-znn
                version=v1
  Annotations:  prometheus.io/port: 9145
                prometheus.io/scrape: true
  Containers:
   znn:
    Image:      cmendes/znn:600k
    Port:       9000/TCP
    Host Port:  0/TCP
    Limits:
      cpu:     250m
      memory:  100Mi
    Environment:
      DB_HOST:  kube-znn-db
      DB_NAME:  znn
      DB_PASS:  znn_pass
    Mounts:
      /var/www/html from shared-files (rw)
   nginx:
    Image:        openresty/openresty:alpine-fat
    Ports:        80/TCP, 9145/TCP
    Host Ports:   0/TCP, 0/TCP
    Liveness:     http-get http://:80/liveness.php delay=0s timeout=1s period=10s #success=1 #failure=3
    Readiness:    http-get http://:80/readiness.php delay=0s timeout=1s period=10s #success=1 #failure=3
    Environment:  <none>
    Mounts:
      /etc/nginx/nginx-lua-prometheus/prometheus.lua from nginx-config-volume (rw,path="prometheus.lua")
      /etc/nginx/nginx-lua-prometheus/prometheus_keys.lua from nginx-config-volume (rw,path="prometheus_keys.lua")
      /etc/nginx/nginx-lua-prometheus/prometheus_resty_counter.lua from nginx-config-volume (rw,path="prometheus_resty_counter.lua")
      /usr/local/openresty/nginx/conf/nginx.conf from nginx-config-volume (rw,path="nginx.conf")
      /var/www/html from shared-files (rw)
  Volumes:
   shared-files:
    Type:       EmptyDir (a temporary directory that shares a pod's lifetime)
    Medium:     
    SizeLimit:  <unset>
   nginx-config-volume:
    Type:      ConfigMap (a volume populated by a ConfigMap)
    Name:      nginx-config-9dm8cm6k22
    Optional:  false
Conditions:
  Type           Status  Reason
  ----           ------  ------
  Available      False   MinimumReplicasUnavailable
  Progressing    True    ReplicaSetUpdated
OldReplicaSets:  kube-znn-86cccc748b (5/5 replicas created)
NewReplicaSet:   kube-znn-7cbbf89f8 (3/3 replicas created)
Events:
  Type    Reason             Age                 From                   Message
  ----    ------             ----                ----                   -------
  Normal  ScalingReplicaSet  20m                 deployment-controller  Scaled up replica set kube-znn-68bd9d6b5b to 1
  Normal  ScalingReplicaSet  15m                 deployment-controller  Scaled up replica set kube-znn-68bd9d6b5b to 2
  Normal  ScalingReplicaSet  15m                 deployment-controller  Scaled up replica set kube-znn-68bd9d6b5b to 3
  Normal  ScalingReplicaSet  15m                 deployment-controller  Scaled up replica set kube-znn-68bd9d6b5b to 4
  Normal  ScalingReplicaSet  15m                 deployment-controller  Scaled up replica set kube-znn-68bd9d6b5b to 5
  Normal  ScalingReplicaSet  15m                 deployment-controller  Scaled up replica set kube-znn-68bd9d6b5b to 6
  Normal  ScalingReplicaSet  15m                 deployment-controller  Scaled up replica set kube-znn-68bd9d6b5b to 7
  Normal  ScalingReplicaSet  15m                 deployment-controller  Scaled up replica set kube-znn-68bd9d6b5b to 8
  Normal  ScalingReplicaSet  15m                 deployment-controller  Scaled up replica set kube-znn-68bd9d6b5b to 9
  Normal  ScalingReplicaSet  10m (x46 over 15m)  deployment-controller  (combined from similar events): Scaled down replica set kube-znn-6b7655774 to 0
NAME       READY   UP-TO-DATE   AVAILABLE   AGE
kube-znn   4/6     3            4           20m
NAME                                    READY   STATUS      RESTARTS   AGE
failuremanager-ccc6cc495-vx4v5          1/1     Running     0          20m
failuremonitor-68dd6cfd46-z4s74         1/1     Running     0          20m
fidelitya-54bb58dbc6-ktns7              1/1     Running     0          10m
grafana-65787bb97f-879db                1/1     Running     0          20m
k6-wzkss                                0/1     Completed   0          16m
kube-state-metrics-d4dff4b7c-pr6m2      1/1     Running     0          20m
kube-znn-7cbbf89f8-vtvkk                0/2     Pending     0          9m44s
kube-znn-7cbbf89f8-wj4sb                0/2     Pending     0          9m45s
kube-znn-7cbbf89f8-wmbw4                0/2     Pending     0          9m44s
kube-znn-86cccc748b-cxv7p               2/2     Running     0          10m
kube-znn-86cccc748b-fpwdr               2/2     Running     0          10m
kube-znn-86cccc748b-gdg8v               2/2     Running     0          10m
kube-znn-86cccc748b-wf6df               2/2     Running     0          10m
kube-znn-86cccc748b-wk4bv               0/2     Pending     0          10m
kube-znn-db-6cc48797cf-gdn4v            1/1     Running     0          20m
metacontroller-kubow-86b49ccb9b-khtcz   1/1     Running     0          20m
nginx-ingress-8558d96667-llbws          1/1     Running     0          20m
prometheus-ffc965799-6mjvc              1/1     Running     0          20m
scalabilitya-7495b4f5b6-x9hrt           1/1     Running     0          10m
Name:                   kube-znn
Namespace:              default
CreationTimestamp:      Mon, 04 Dec 2023 03:23:56 -0300
Labels:                 app=kube-znn
                        version=v1
Annotations:            deployment.kubernetes.io/revision: 7
Selector:               app=kube-znn,version=v1
Replicas:               6 desired | 3 updated | 8 total | 4 available | 4 unavailable
StrategyType:           RollingUpdate
MinReadySeconds:        0
RollingUpdateStrategy:  25% max unavailable, 25% max surge
Pod Template:
  Labels:       app=kube-znn
                version=v1
  Annotations:  prometheus.io/port: 9145
                prometheus.io/scrape: true
  Containers:
   znn:
    Image:      cmendes/znn:600k
    Port:       9000/TCP
    Host Port:  0/TCP
    Limits:
      cpu:     250m
      memory:  100Mi
    Environment:
      DB_HOST:  kube-znn-db
      DB_NAME:  znn
      DB_PASS:  znn_pass
    Mounts:
      /var/www/html from shared-files (rw)
   nginx:
    Image:        openresty/openresty:alpine-fat
    Ports:        80/TCP, 9145/TCP
    Host Ports:   0/TCP, 0/TCP
    Liveness:     http-get http://:80/liveness.php delay=0s timeout=1s period=10s #success=1 #failure=3
    Readiness:    http-get http://:80/readiness.php delay=0s timeout=1s period=10s #success=1 #failure=3
    Environment:  <none>
    Mounts:
      /etc/nginx/nginx-lua-prometheus/prometheus.lua from nginx-config-volume (rw,path="prometheus.lua")
      /etc/nginx/nginx-lua-prometheus/prometheus_keys.lua from nginx-config-volume (rw,path="prometheus_keys.lua")
      /etc/nginx/nginx-lua-prometheus/prometheus_resty_counter.lua from nginx-config-volume (rw,path="prometheus_resty_counter.lua")
      /usr/local/openresty/nginx/conf/nginx.conf from nginx-config-volume (rw,path="nginx.conf")
      /var/www/html from shared-files (rw)
  Volumes:
   shared-files:
    Type:       EmptyDir (a temporary directory that shares a pod's lifetime)
    Medium:     
    SizeLimit:  <unset>
   nginx-config-volume:
    Type:      ConfigMap (a volume populated by a ConfigMap)
    Name:      nginx-config-9dm8cm6k22
    Optional:  false
Conditions:
  Type           Status  Reason
  ----           ------  ------
  Available      False   MinimumReplicasUnavailable
  Progressing    False   ProgressDeadlineExceeded
OldReplicaSets:  kube-znn-86cccc748b (5/5 replicas created)
NewReplicaSet:   kube-znn-7cbbf89f8 (3/3 replicas created)
Events:
  Type    Reason             Age                 From                   Message
  ----    ------             ----                ----                   -------
  Normal  ScalingReplicaSet  40m                 deployment-controller  Scaled up replica set kube-znn-68bd9d6b5b to 1
  Normal  ScalingReplicaSet  35m                 deployment-controller  Scaled up replica set kube-znn-68bd9d6b5b to 2
  Normal  ScalingReplicaSet  35m                 deployment-controller  Scaled up replica set kube-znn-68bd9d6b5b to 3
  Normal  ScalingReplicaSet  35m                 deployment-controller  Scaled up replica set kube-znn-68bd9d6b5b to 4
  Normal  ScalingReplicaSet  35m                 deployment-controller  Scaled up replica set kube-znn-68bd9d6b5b to 5
  Normal  ScalingReplicaSet  35m                 deployment-controller  Scaled up replica set kube-znn-68bd9d6b5b to 6
  Normal  ScalingReplicaSet  35m                 deployment-controller  Scaled up replica set kube-znn-68bd9d6b5b to 7
  Normal  ScalingReplicaSet  35m                 deployment-controller  Scaled up replica set kube-znn-68bd9d6b5b to 8
  Normal  ScalingReplicaSet  35m                 deployment-controller  Scaled up replica set kube-znn-68bd9d6b5b to 9
  Normal  ScalingReplicaSet  30m (x46 over 35m)  deployment-controller  (combined from similar events): Scaled down replica set kube-znn-6b7655774 to 0
NAME       READY   UP-TO-DATE   AVAILABLE   AGE
kube-znn   4/6     3            4           40m
NAME                                    READY   STATUS      RESTARTS   AGE
failuremanager-ccc6cc495-vx4v5          1/1     Running     0          40m
failuremonitor-68dd6cfd46-z4s74         1/1     Running     0          40m
fidelitya-54bb58dbc6-ktns7              1/1     Running     0          30m
grafana-65787bb97f-879db                1/1     Running     0          40m
k6-wzkss                                0/1     Completed   0          36m
kube-state-metrics-d4dff4b7c-pr6m2      1/1     Running     0          40m
kube-znn-7cbbf89f8-vtvkk                0/2     Pending     0          29m
kube-znn-7cbbf89f8-wj4sb                0/2     Pending     0          29m
kube-znn-7cbbf89f8-wmbw4                0/2     Pending     0          29m
kube-znn-86cccc748b-cxv7p               2/2     Running     0          30m
kube-znn-86cccc748b-fpwdr               2/2     Running     0          30m
kube-znn-86cccc748b-gdg8v               2/2     Running     0          30m
kube-znn-86cccc748b-wf6df               2/2     Running     0          30m
kube-znn-86cccc748b-wk4bv               0/2     Pending     0          30m
kube-znn-db-6cc48797cf-gdn4v            1/1     Running     0          40m
metacontroller-kubow-86b49ccb9b-khtcz   1/1     Running     0          40m
nginx-ingress-8558d96667-llbws          1/1     Running     0          40m
prometheus-ffc965799-6mjvc              1/1     Running     0          40m
scalabilitya-7495b4f5b6-x9hrt           1/1     Running     0          30m
