11/15/23 07:20:51 - Generating 20 times. 
11/15/23 07:23:50 - Deployments performed.
11/15/23 07:28:24 - K6 deployed.
11/15/23 07:28:36 - K6 running -- Initial data.
Replicas:               1 desired | 1 updated | 1 total | 1 available | 0 unavailable
    Image:      cmendes/znn:800k
11/15/23 07:32:17 - Generating 20 times. 
11/15/23 07:34:38 - Generating 20 times. 
11/15/23 07:37:42 - Deployments performed.
11/15/23 07:42:22 - K6 deployed.
11/15/23 07:42:33 - K6 running -- Initial data.
Replicas:               1 desired | 1 updated | 1 total | 1 available | 0 unavailable
    Image:      cmendes/znn:800k
11/15/23 07:50:33 - K6 finishing -- Peak data.
Replicas:               10 desired | 10 updated | 10 total | 9 available | 1 unavailable
    Image:      cmendes/znn:800k
11/15/23 07:58:33 - K6 finised after unload -- Final data.
Replicas:               1 desired | 1 updated | 1 total | 1 available | 0 unavailable
    Image:      cmendes/znn:800k
11/15/23 07:58:34 - Restauration has finished.
Replicas:               1 desired | 1 updated | 1 total | 1 available | 0 unavailable
    Image:      cmendes/znn:800k
