11/29/23 12:41:43 - Generating 3 times. 
11/29/23 12:44:25 - Deployments performed.
11/29/23 12:49:30 - K6 deployed.
11/29/23 12:49:44 - K6 running -- Initial data.
Name:                   kube-znn
Namespace:              default
CreationTimestamp:      Wed, 29 Nov 2023 12:44:23 -0300
Labels:                 app=kube-znn
                        version=v1
Annotations:            deployment.kubernetes.io/revision: 1
Selector:               app=kube-znn,version=v1
Replicas:               1 desired | 1 updated | 1 total | 1 available | 0 unavailable
StrategyType:           RollingUpdate
MinReadySeconds:        0
RollingUpdateStrategy:  25% max unavailable, 25% max surge
Pod Template:
  Labels:       app=kube-znn
                version=v1
  Annotations:  prometheus.io/port: 9145
                prometheus.io/scrape: true
  Containers:
   znn:
    Image:      cmendes/znn:800k
    Port:       9000/TCP
    Host Port:  0/TCP
    Limits:
      cpu:     250m
      memory:  100Mi
    Environment:
      DB_HOST:  kube-znn-db
      DB_NAME:  znn
      DB_PASS:  znn_pass
    Mounts:
      /var/www/html from shared-files (rw)
   nginx:
    Image:        openresty/openresty:alpine-fat
    Ports:        80/TCP, 9145/TCP
    Host Ports:   0/TCP, 0/TCP
    Liveness:     http-get http://:80/liveness.php delay=0s timeout=1s period=10s #success=1 #failure=3
    Readiness:    http-get http://:80/readiness.php delay=0s timeout=1s period=10s #success=1 #failure=3
    Environment:  <none>
    Mounts:
      /etc/nginx/nginx-lua-prometheus/prometheus.lua from nginx-config-volume (rw,path="prometheus.lua")
      /etc/nginx/nginx-lua-prometheus/prometheus_keys.lua from nginx-config-volume (rw,path="prometheus_keys.lua")
      /etc/nginx/nginx-lua-prometheus/prometheus_resty_counter.lua from nginx-config-volume (rw,path="prometheus_resty_counter.lua")
      /usr/local/openresty/nginx/conf/nginx.conf from nginx-config-volume (rw,path="nginx.conf")
      /var/www/html from shared-files (rw)
  Volumes:
   shared-files:
    Type:       EmptyDir (a temporary directory that shares a pod's lifetime)
    Medium:     
    SizeLimit:  <unset>
   nginx-config-volume:
    Type:      ConfigMap (a volume populated by a ConfigMap)
    Name:      nginx-config-9dm8cm6k22
    Optional:  false
Conditions:
  Type           Status  Reason
  ----           ------  ------
  Available      True    MinimumReplicasAvailable
  Progressing    True    NewReplicaSetAvailable
OldReplicaSets:  <none>
NewReplicaSet:   kube-znn-5fb97667db (1/1 replicas created)
Events:
  Type    Reason             Age    From                   Message
  ----    ------             ----   ----                   -------
  Normal  ScalingReplicaSet  5m21s  deployment-controller  Scaled up replica set kube-znn-5fb97667db to 1
11/29/23 12:57:44 - K6 finishing -- Peak data.
Name:                   kube-znn
Namespace:              default
CreationTimestamp:      Wed, 29 Nov 2023 12:44:23 -0300
Labels:                 app=kube-znn
                        version=v1
Annotations:            deployment.kubernetes.io/revision: 167
Selector:               app=kube-znn,version=v1
Replicas:               10 desired | 5 updated | 13 total | 8 available | 5 unavailable
StrategyType:           RollingUpdate
MinReadySeconds:        0
RollingUpdateStrategy:  25% max unavailable, 25% max surge
Pod Template:
  Labels:       app=kube-znn
                version=v1
  Annotations:  prometheus.io/port: 9145
                prometheus.io/scrape: true
  Containers:
   znn:
    Image:      cmendes/znn:400k
    Port:       9000/TCP
    Host Port:  0/TCP
    Limits:
      cpu:     250m
      memory:  100Mi
    Environment:
      DB_HOST:  kube-znn-db
      DB_NAME:  znn
      DB_PASS:  znn_pass
    Mounts:
      /var/www/html from shared-files (rw)
   nginx:
    Image:        openresty/openresty:alpine-fat
    Ports:        80/TCP, 9145/TCP
    Host Ports:   0/TCP, 0/TCP
    Liveness:     http-get http://:80/liveness.php delay=0s timeout=1s period=10s #success=1 #failure=3
    Readiness:    http-get http://:80/readiness.php delay=0s timeout=1s period=10s #success=1 #failure=3
    Environment:  <none>
    Mounts:
      /etc/nginx/nginx-lua-prometheus/prometheus.lua from nginx-config-volume (rw,path="prometheus.lua")
      /etc/nginx/nginx-lua-prometheus/prometheus_keys.lua from nginx-config-volume (rw,path="prometheus_keys.lua")
      /etc/nginx/nginx-lua-prometheus/prometheus_resty_counter.lua from nginx-config-volume (rw,path="prometheus_resty_counter.lua")
      /usr/local/openresty/nginx/conf/nginx.conf from nginx-config-volume (rw,path="nginx.conf")
      /var/www/html from shared-files (rw)
  Volumes:
   shared-files:
    Type:       EmptyDir (a temporary directory that shares a pod's lifetime)
    Medium:     
    SizeLimit:  <unset>
   nginx-config-volume:
    Type:      ConfigMap (a volume populated by a ConfigMap)
    Name:      nginx-config-9dm8cm6k22
    Optional:  false
Conditions:
  Type           Status  Reason
  ----           ------  ------
  Available      True    MinimumReplicasAvailable
  Progressing    True    ReplicaSetUpdated
OldReplicaSets:  kube-znn-5fb97667db (7/7 replicas created), kube-znn-6978979d84 (1/1 replicas created)
NewReplicaSet:   kube-znn-f8d56c578 (5/5 replicas created)
Events:
  Type    Reason             Age                     From                   Message
  ----    ------             ----                    ----                   -------
  Normal  ScalingReplicaSet  13m                     deployment-controller  Scaled up replica set kube-znn-5fb97667db to 1
  Normal  ScalingReplicaSet  7m47s                   deployment-controller  Scaled up replica set kube-znn-5fb97667db to 2
  Normal  ScalingReplicaSet  7m40s                   deployment-controller  Scaled up replica set kube-znn-5fb97667db to 3
  Normal  ScalingReplicaSet  7m35s                   deployment-controller  Scaled up replica set kube-znn-5fb97667db to 4
  Normal  ScalingReplicaSet  7m30s                   deployment-controller  Scaled up replica set kube-znn-5fb97667db to 5
  Normal  ScalingReplicaSet  7m25s                   deployment-controller  Scaled up replica set kube-znn-5fb97667db to 6
  Normal  ScalingReplicaSet  7m20s                   deployment-controller  Scaled up replica set kube-znn-5fb97667db to 7
  Normal  ScalingReplicaSet  7m15s                   deployment-controller  Scaled up replica set kube-znn-5fb97667db to 8
  Normal  ScalingReplicaSet  7m10s                   deployment-controller  Scaled up replica set kube-znn-5fb97667db to 9
  Normal  ScalingReplicaSet  6m44s (x12 over 7m5s)   deployment-controller  (combined from similar events): Scaled up replica set kube-znn-f8d56c578 to 5
  Normal  ScalingReplicaSet  6m40s (x2 over 6m45s)   deployment-controller  Scaled up replica set kube-znn-6978979d84 to 6
  Normal  ScalingReplicaSet  6m40s                   deployment-controller  Scaled down replica set kube-znn-6978979d84 to 1
  Normal  ScalingReplicaSet  6m39s                   deployment-controller  Scaled up replica set kube-znn-f8d56c578 to 5
  Normal  ScalingReplicaSet  2m45s (x48 over 6m40s)  deployment-controller  Scaled down replica set kube-znn-f8d56c578 to 0
11/29/23 13:05:44 - K6 finised after unload -- Final data.
Name:                   kube-znn
Namespace:              default
CreationTimestamp:      Wed, 29 Nov 2023 12:44:23 -0300
Labels:                 app=kube-znn
                        version=v1
Annotations:            deployment.kubernetes.io/revision: 193
Selector:               app=kube-znn,version=v1
Replicas:               1 desired | 1 updated | 1 total | 1 available | 0 unavailable
StrategyType:           RollingUpdate
MinReadySeconds:        0
RollingUpdateStrategy:  25% max unavailable, 25% max surge
Pod Template:
  Labels:       app=kube-znn
                version=v1
  Annotations:  prometheus.io/port: 9145
                prometheus.io/scrape: true
  Containers:
   znn:
    Image:      cmendes/znn:800k
    Port:       9000/TCP
    Host Port:  0/TCP
    Limits:
      cpu:     250m
      memory:  100Mi
    Environment:
      DB_HOST:  kube-znn-db
      DB_NAME:  znn
      DB_PASS:  znn_pass
    Mounts:
      /var/www/html from shared-files (rw)
   nginx:
    Image:        openresty/openresty:alpine-fat
    Ports:        80/TCP, 9145/TCP
    Host Ports:   0/TCP, 0/TCP
    Liveness:     http-get http://:80/liveness.php delay=0s timeout=1s period=10s #success=1 #failure=3
    Readiness:    http-get http://:80/readiness.php delay=0s timeout=1s period=10s #success=1 #failure=3
    Environment:  <none>
    Mounts:
      /etc/nginx/nginx-lua-prometheus/prometheus.lua from nginx-config-volume (rw,path="prometheus.lua")
      /etc/nginx/nginx-lua-prometheus/prometheus_keys.lua from nginx-config-volume (rw,path="prometheus_keys.lua")
      /etc/nginx/nginx-lua-prometheus/prometheus_resty_counter.lua from nginx-config-volume (rw,path="prometheus_resty_counter.lua")
      /usr/local/openresty/nginx/conf/nginx.conf from nginx-config-volume (rw,path="nginx.conf")
      /var/www/html from shared-files (rw)
  Volumes:
   shared-files:
    Type:       EmptyDir (a temporary directory that shares a pod's lifetime)
    Medium:     
    SizeLimit:  <unset>
   nginx-config-volume:
    Type:      ConfigMap (a volume populated by a ConfigMap)
    Name:      nginx-config-9dm8cm6k22
    Optional:  false
Conditions:
  Type           Status  Reason
  ----           ------  ------
  Available      True    MinimumReplicasAvailable
  Progressing    True    NewReplicaSetAvailable
OldReplicaSets:  <none>
NewReplicaSet:   kube-znn-5fb97667db (1/1 replicas created)
Events:
  Type    Reason             Age                   From                   Message
  ----    ------             ----                  ----                   -------
  Normal  ScalingReplicaSet  21m                   deployment-controller  Scaled up replica set kube-znn-5fb97667db to 1
  Normal  ScalingReplicaSet  15m                   deployment-controller  Scaled up replica set kube-znn-5fb97667db to 2
  Normal  ScalingReplicaSet  15m                   deployment-controller  Scaled up replica set kube-znn-5fb97667db to 3
  Normal  ScalingReplicaSet  15m                   deployment-controller  Scaled up replica set kube-znn-5fb97667db to 4
  Normal  ScalingReplicaSet  15m                   deployment-controller  Scaled up replica set kube-znn-5fb97667db to 5
  Normal  ScalingReplicaSet  15m                   deployment-controller  Scaled up replica set kube-znn-5fb97667db to 6
  Normal  ScalingReplicaSet  15m                   deployment-controller  Scaled up replica set kube-znn-5fb97667db to 7
  Normal  ScalingReplicaSet  15m                   deployment-controller  Scaled up replica set kube-znn-5fb97667db to 8
  Normal  ScalingReplicaSet  15m                   deployment-controller  Scaled up replica set kube-znn-5fb97667db to 9
  Normal  ScalingReplicaSet  14m (x2 over 14m)     deployment-controller  Scaled up replica set kube-znn-6978979d84 to 6
  Normal  ScalingReplicaSet  14m                   deployment-controller  Scaled down replica set kube-znn-6978979d84 to 1
  Normal  ScalingReplicaSet  14m                   deployment-controller  Scaled up replica set kube-znn-f8d56c578 to 5
  Normal  ScalingReplicaSet  10m (x48 over 14m)    deployment-controller  Scaled down replica set kube-znn-f8d56c578 to 0
  Normal  ScalingReplicaSet  5m40s (x29 over 15m)  deployment-controller  (combined from similar events): Scaled down replica set kube-znn-f8d56c578 to 11
  Normal  ScalingReplicaSet  30s (x4 over 2m)      deployment-controller  Scaled up replica set kube-znn-6978979d84 to 1
NAME       READY   UP-TO-DATE   AVAILABLE   AGE
kube-znn   1/1     1            1           21m
NAME                                 READY   STATUS        RESTARTS   AGE
failuremanager-ccc6cc495-nfpr7       1/1     Running       0          21m
failuremonitor-68dd6cfd46-v4zc6      1/1     Running       0          21m
grafana-65787bb97f-9rdhj             1/1     Running       0          21m
k6-lhxcp                             0/1     Completed     0          16m
kube-state-metrics-d4dff4b7c-6jr8c   1/1     Running       0          21m
kube-znn-5fb97667db-9sjmg            2/2     Running       0          5m11s
kube-znn-6978979d84-b979r            0/2     Terminating   0          1s
kube-znn-db-6dd8968475-rbbkv         1/1     Running       0          21m
kubow-77f8dc498d-bwj76               1/1     Running       0          21m
nginx-ingress-8558d96667-mv7wf       1/1     Running       0          21m
prometheus-ffc965799-j7572           1/1     Running       0          21m
Name:                   kube-znn
Namespace:              default
CreationTimestamp:      Wed, 29 Nov 2023 12:44:23 -0300
Labels:                 app=kube-znn
                        version=v1
Annotations:            deployment.kubernetes.io/revision: 261
Selector:               app=kube-znn,version=v1
Replicas:               1 desired | 1 updated | 1 total | 1 available | 0 unavailable
StrategyType:           RollingUpdate
MinReadySeconds:        0
RollingUpdateStrategy:  25% max unavailable, 25% max surge
Pod Template:
  Labels:       app=kube-znn
                version=v1
  Annotations:  prometheus.io/port: 9145
                prometheus.io/scrape: true
  Containers:
   znn:
    Image:      cmendes/znn:800k
    Port:       9000/TCP
    Host Port:  0/TCP
    Limits:
      cpu:     250m
      memory:  100Mi
    Environment:
      DB_HOST:  kube-znn-db
      DB_NAME:  znn
      DB_PASS:  znn_pass
    Mounts:
      /var/www/html from shared-files (rw)
   nginx:
    Image:        openresty/openresty:alpine-fat
    Ports:        80/TCP, 9145/TCP
    Host Ports:   0/TCP, 0/TCP
    Liveness:     http-get http://:80/liveness.php delay=0s timeout=1s period=10s #success=1 #failure=3
    Readiness:    http-get http://:80/readiness.php delay=0s timeout=1s period=10s #success=1 #failure=3
    Environment:  <none>
    Mounts:
      /etc/nginx/nginx-lua-prometheus/prometheus.lua from nginx-config-volume (rw,path="prometheus.lua")
      /etc/nginx/nginx-lua-prometheus/prometheus_keys.lua from nginx-config-volume (rw,path="prometheus_keys.lua")
      /etc/nginx/nginx-lua-prometheus/prometheus_resty_counter.lua from nginx-config-volume (rw,path="prometheus_resty_counter.lua")
      /usr/local/openresty/nginx/conf/nginx.conf from nginx-config-volume (rw,path="nginx.conf")
      /var/www/html from shared-files (rw)
  Volumes:
   shared-files:
    Type:       EmptyDir (a temporary directory that shares a pod's lifetime)
    Medium:     
    SizeLimit:  <unset>
   nginx-config-volume:
    Type:      ConfigMap (a volume populated by a ConfigMap)
    Name:      nginx-config-9dm8cm6k22
    Optional:  false
Conditions:
  Type           Status  Reason
  ----           ------  ------
  Available      True    MinimumReplicasAvailable
  Progressing    True    NewReplicaSetAvailable
OldReplicaSets:  <none>
NewReplicaSet:   kube-znn-5fb97667db (1/1 replicas created)
Events:
  Type    Reason             Age                 From                   Message
  ----    ------             ----                ----                   -------
  Normal  ScalingReplicaSet  41m                 deployment-controller  Scaled up replica set kube-znn-5fb97667db to 1
  Normal  ScalingReplicaSet  35m                 deployment-controller  Scaled up replica set kube-znn-5fb97667db to 2
  Normal  ScalingReplicaSet  35m                 deployment-controller  Scaled up replica set kube-znn-5fb97667db to 3
  Normal  ScalingReplicaSet  35m                 deployment-controller  Scaled up replica set kube-znn-5fb97667db to 4
  Normal  ScalingReplicaSet  35m                 deployment-controller  Scaled up replica set kube-znn-5fb97667db to 5
  Normal  ScalingReplicaSet  35m                 deployment-controller  Scaled up replica set kube-znn-5fb97667db to 6
  Normal  ScalingReplicaSet  35m                 deployment-controller  Scaled up replica set kube-znn-5fb97667db to 7
  Normal  ScalingReplicaSet  35m                 deployment-controller  Scaled up replica set kube-znn-5fb97667db to 8
  Normal  ScalingReplicaSet  35m                 deployment-controller  Scaled up replica set kube-znn-5fb97667db to 9
  Normal  ScalingReplicaSet  34m (x2 over 34m)   deployment-controller  Scaled up replica set kube-znn-6978979d84 to 6
  Normal  ScalingReplicaSet  34m                 deployment-controller  Scaled down replica set kube-znn-6978979d84 to 1
  Normal  ScalingReplicaSet  34m                 deployment-controller  Scaled up replica set kube-znn-f8d56c578 to 5
  Normal  ScalingReplicaSet  30m (x48 over 34m)  deployment-controller  Scaled down replica set kube-znn-f8d56c578 to 0
  Normal  ScalingReplicaSet  10m (x61 over 35m)  deployment-controller  (combined from similar events): Scaled up replica set kube-znn-6978979d84 to 2
  Normal  ScalingReplicaSet  36s (x32 over 22m)  deployment-controller  Scaled up replica set kube-znn-6978979d84 to 1
NAME       READY   UP-TO-DATE   AVAILABLE   AGE
kube-znn   1/1     1            1           41m
NAME                                 READY   STATUS      RESTARTS   AGE
failuremanager-ccc6cc495-nfpr7       1/1     Running     0          41m
failuremonitor-68dd6cfd46-v4zc6      1/1     Running     0          41m
grafana-65787bb97f-9rdhj             1/1     Running     0          41m
k6-lhxcp                             0/1     Completed   0          36m
kube-state-metrics-d4dff4b7c-6jr8c   1/1     Running     0          41m
kube-znn-5fb97667db-9sjmg            2/2     Running     0          25m
kube-znn-db-6dd8968475-rbbkv         1/1     Running     0          41m
kubow-77f8dc498d-bwj76               1/1     Running     0          41m
nginx-ingress-8558d96667-mv7wf       1/1     Running     0          41m
prometheus-ffc965799-j7572           1/1     Running     0          41m
