11/30/23 07:24:59 - Generating 3 times. 
11/30/23 07:28:04 - Deployments performed.
11/30/23 07:33:01 - K6 deployed.
11/30/23 07:33:15 - K6 running -- Initial data.
Name:                   kube-znn
Namespace:              default
CreationTimestamp:      Thu, 30 Nov 2023 07:27:52 -0300
Labels:                 app=kube-znn
                        version=v1
Annotations:            deployment.kubernetes.io/revision: 1
Selector:               app=kube-znn,version=v1
Replicas:               1 desired | 1 updated | 1 total | 1 available | 0 unavailable
StrategyType:           RollingUpdate
MinReadySeconds:        0
RollingUpdateStrategy:  25% max unavailable, 25% max surge
Pod Template:
  Labels:       app=kube-znn
                version=v1
  Annotations:  prometheus.io/port: 9145
                prometheus.io/scrape: true
  Containers:
   znn:
    Image:      cmendes/znn:800k
    Port:       9000/TCP
    Host Port:  0/TCP
    Limits:
      cpu:     250m
      memory:  100Mi
    Environment:
      DB_HOST:  kube-znn-db
      DB_NAME:  znn
      DB_PASS:  znn_pass
    Mounts:
      /var/www/html from shared-files (rw)
   nginx:
    Image:        openresty/openresty:alpine-fat
    Ports:        80/TCP, 9145/TCP
    Host Ports:   0/TCP, 0/TCP
    Liveness:     http-get http://:80/liveness.php delay=0s timeout=1s period=10s #success=1 #failure=3
    Readiness:    http-get http://:80/readiness.php delay=0s timeout=1s period=10s #success=1 #failure=3
    Environment:  <none>
    Mounts:
      /etc/nginx/nginx-lua-prometheus/prometheus.lua from nginx-config-volume (rw,path="prometheus.lua")
      /etc/nginx/nginx-lua-prometheus/prometheus_keys.lua from nginx-config-volume (rw,path="prometheus_keys.lua")
      /etc/nginx/nginx-lua-prometheus/prometheus_resty_counter.lua from nginx-config-volume (rw,path="prometheus_resty_counter.lua")
      /usr/local/openresty/nginx/conf/nginx.conf from nginx-config-volume (rw,path="nginx.conf")
      /var/www/html from shared-files (rw)
  Volumes:
   shared-files:
    Type:       EmptyDir (a temporary directory that shares a pod's lifetime)
    Medium:     
    SizeLimit:  <unset>
   nginx-config-volume:
    Type:      ConfigMap (a volume populated by a ConfigMap)
    Name:      nginx-config-9dm8cm6k22
    Optional:  false
Conditions:
  Type           Status  Reason
  ----           ------  ------
  Available      True    MinimumReplicasAvailable
  Progressing    True    NewReplicaSetAvailable
OldReplicaSets:  <none>
NewReplicaSet:   kube-znn-68bd9d6b5b (1/1 replicas created)
Events:
  Type    Reason             Age    From                   Message
  ----    ------             ----   ----                   -------
  Normal  ScalingReplicaSet  5m23s  deployment-controller  Scaled up replica set kube-znn-68bd9d6b5b to 1
11/30/23 07:41:15 - K6 finishing -- Peak data.
Name:                   kube-znn
Namespace:              default
CreationTimestamp:      Thu, 30 Nov 2023 07:27:52 -0300
Labels:                 app=kube-znn
                        version=v1
Annotations:            deployment.kubernetes.io/revision: 13
Selector:               app=kube-znn,version=v1
Replicas:               10 desired | 5 updated | 13 total | 1 available | 12 unavailable
StrategyType:           RollingUpdate
MinReadySeconds:        0
RollingUpdateStrategy:  25% max unavailable, 25% max surge
Pod Template:
  Labels:       app=kube-znn
                version=v1
  Annotations:  prometheus.io/port: 9145
                prometheus.io/scrape: true
  Containers:
   znn:
    Image:      cmendes/znn:100k
    Port:       9000/TCP
    Host Port:  0/TCP
    Limits:
      cpu:     250m
      memory:  100Mi
    Environment:
      DB_HOST:  kube-znn-db
      DB_NAME:  znn
      DB_PASS:  znn_pass
    Mounts:
      /var/www/html from shared-files (rw)
   nginx:
    Image:        openresty/openresty:alpine-fat
    Ports:        80/TCP, 9145/TCP
    Host Ports:   0/TCP, 0/TCP
    Liveness:     http-get http://:80/liveness.php delay=0s timeout=1s period=10s #success=1 #failure=3
    Readiness:    http-get http://:80/readiness.php delay=0s timeout=1s period=10s #success=1 #failure=3
    Environment:  <none>
    Mounts:
      /etc/nginx/nginx-lua-prometheus/prometheus.lua from nginx-config-volume (rw,path="prometheus.lua")
      /etc/nginx/nginx-lua-prometheus/prometheus_keys.lua from nginx-config-volume (rw,path="prometheus_keys.lua")
      /etc/nginx/nginx-lua-prometheus/prometheus_resty_counter.lua from nginx-config-volume (rw,path="prometheus_resty_counter.lua")
      /usr/local/openresty/nginx/conf/nginx.conf from nginx-config-volume (rw,path="nginx.conf")
      /var/www/html from shared-files (rw)
  Volumes:
   shared-files:
    Type:       EmptyDir (a temporary directory that shares a pod's lifetime)
    Medium:     
    SizeLimit:  <unset>
   nginx-config-volume:
    Type:      ConfigMap (a volume populated by a ConfigMap)
    Name:      nginx-config-9dm8cm6k22
    Optional:  false
Conditions:
  Type           Status  Reason
  ----           ------  ------
  Available      False   MinimumReplicasUnavailable
  Progressing    True    ReplicaSetUpdated
OldReplicaSets:  kube-znn-6b7655774 (2/2 replicas created), kube-znn-68dbbf8bbd (6/6 replicas created)
NewReplicaSet:   kube-znn-7995d9b499 (5/5 replicas created)
Events:
  Type    Reason             Age                   From                   Message
  ----    ------             ----                  ----                   -------
  Normal  ScalingReplicaSet  13m                   deployment-controller  Scaled up replica set kube-znn-68bd9d6b5b to 1
  Normal  ScalingReplicaSet  7m53s                 deployment-controller  Scaled up replica set kube-znn-68bd9d6b5b to 2
  Normal  ScalingReplicaSet  7m49s                 deployment-controller  Scaled up replica set kube-znn-68bd9d6b5b to 3
  Normal  ScalingReplicaSet  7m44s                 deployment-controller  Scaled up replica set kube-znn-68bd9d6b5b to 4
  Normal  ScalingReplicaSet  7m40s                 deployment-controller  Scaled up replica set kube-znn-68bd9d6b5b to 5
  Normal  ScalingReplicaSet  7m35s                 deployment-controller  Scaled up replica set kube-znn-68bd9d6b5b to 6
  Normal  ScalingReplicaSet  7m30s                 deployment-controller  Scaled up replica set kube-znn-68bd9d6b5b to 7
  Normal  ScalingReplicaSet  7m25s                 deployment-controller  Scaled up replica set kube-znn-68bd9d6b5b to 8
  Normal  ScalingReplicaSet  7m20s                 deployment-controller  Scaled up replica set kube-znn-68bd9d6b5b to 9
  Normal  ScalingReplicaSet  52s (x48 over 7m15s)  deployment-controller  (combined from similar events): Scaled down replica set kube-znn-68dbbf8bbd to 7
11/30/23 07:49:15 - K6 finised after unload -- Final data.
Name:                   kube-znn
Namespace:              default
CreationTimestamp:      Thu, 30 Nov 2023 07:27:52 -0300
Labels:                 app=kube-znn
                        version=v1
Annotations:            deployment.kubernetes.io/revision: 22
Selector:               app=kube-znn,version=v1
Replicas:               4 desired | 2 updated | 5 total | 0 available | 5 unavailable
StrategyType:           RollingUpdate
MinReadySeconds:        0
RollingUpdateStrategy:  25% max unavailable, 25% max surge
Pod Template:
  Labels:       app=kube-znn
                version=v1
  Annotations:  prometheus.io/port: 9145
                prometheus.io/scrape: true
  Containers:
   znn:
    Image:      cmendes/znn:200k
    Port:       9000/TCP
    Host Port:  0/TCP
    Limits:
      cpu:     250m
      memory:  100Mi
    Environment:
      DB_HOST:  kube-znn-db
      DB_NAME:  znn
      DB_PASS:  znn_pass
    Mounts:
      /var/www/html from shared-files (rw)
   nginx:
    Image:        openresty/openresty:alpine-fat
    Ports:        80/TCP, 9145/TCP
    Host Ports:   0/TCP, 0/TCP
    Liveness:     http-get http://:80/liveness.php delay=0s timeout=1s period=10s #success=1 #failure=3
    Readiness:    http-get http://:80/readiness.php delay=0s timeout=1s period=10s #success=1 #failure=3
    Environment:  <none>
    Mounts:
      /etc/nginx/nginx-lua-prometheus/prometheus.lua from nginx-config-volume (rw,path="prometheus.lua")
      /etc/nginx/nginx-lua-prometheus/prometheus_keys.lua from nginx-config-volume (rw,path="prometheus_keys.lua")
      /etc/nginx/nginx-lua-prometheus/prometheus_resty_counter.lua from nginx-config-volume (rw,path="prometheus_resty_counter.lua")
      /usr/local/openresty/nginx/conf/nginx.conf from nginx-config-volume (rw,path="nginx.conf")
      /var/www/html from shared-files (rw)
  Volumes:
   shared-files:
    Type:       EmptyDir (a temporary directory that shares a pod's lifetime)
    Medium:     
    SizeLimit:  <unset>
   nginx-config-volume:
    Type:      ConfigMap (a volume populated by a ConfigMap)
    Name:      nginx-config-9dm8cm6k22
    Optional:  false
Conditions:
  Type           Status  Reason
  ----           ------  ------
  Available      False   MinimumReplicasUnavailable
  Progressing    True    ReplicaSetUpdated
OldReplicaSets:  kube-znn-7995d9b499 (1/1 replicas created), kube-znn-68dbbf8bbd (2/2 replicas created)
NewReplicaSet:   kube-znn-86cccc748b (2/2 replicas created)
Events:
  Type    Reason             Age                   From                   Message
  ----    ------             ----                  ----                   -------
  Normal  ScalingReplicaSet  21m                   deployment-controller  Scaled up replica set kube-znn-68bd9d6b5b to 1
  Normal  ScalingReplicaSet  15m                   deployment-controller  Scaled up replica set kube-znn-68bd9d6b5b to 2
  Normal  ScalingReplicaSet  15m                   deployment-controller  Scaled up replica set kube-znn-68bd9d6b5b to 3
  Normal  ScalingReplicaSet  15m                   deployment-controller  Scaled up replica set kube-znn-68bd9d6b5b to 4
  Normal  ScalingReplicaSet  15m                   deployment-controller  Scaled up replica set kube-znn-68bd9d6b5b to 5
  Normal  ScalingReplicaSet  15m                   deployment-controller  Scaled up replica set kube-znn-68bd9d6b5b to 6
  Normal  ScalingReplicaSet  15m                   deployment-controller  Scaled up replica set kube-znn-68bd9d6b5b to 7
  Normal  ScalingReplicaSet  15m                   deployment-controller  Scaled up replica set kube-znn-68bd9d6b5b to 8
  Normal  ScalingReplicaSet  15m                   deployment-controller  Scaled up replica set kube-znn-68bd9d6b5b to 9
  Normal  ScalingReplicaSet  5m38s (x56 over 15m)  deployment-controller  (combined from similar events): Scaled down replica set kube-znn-7995d9b499 to 1
  Normal  ScalingReplicaSet  3s                    deployment-controller  Scaled down replica set kube-znn-86cccc748b to 2
NAME       READY   UP-TO-DATE   AVAILABLE   AGE
kube-znn   0/4     2            0           21m
NAME                                    READY   STATUS        RESTARTS   AGE
failuremanager-ccc6cc495-vccvj          1/1     Running       0          21m
failuremonitor-68dd6cfd46-c5gkn         1/1     Running       0          21m
fidelitya-98588f486-hnb5h               1/1     Terminating   0          41s
fidelityb-6788b6c899-xfqfc              1/1     Running       0          26s
grafana-65787bb97f-jd2bj                1/1     Running       0          21m
k6-mbvwq                                0/1     Completed     0          16m
kube-state-metrics-d4dff4b7c-fxgvz      1/1     Running       0          21m
kube-znn-68dbbf8bbd-4psng               0/2     Pending       0          31s
kube-znn-68dbbf8bbd-rc77f               0/2     Pending       0          41s
kube-znn-7995d9b499-xwqph               0/2     Pending       0          41s
kube-znn-86cccc748b-94qv6               0/2     Pending       0          72s
kube-znn-86cccc748b-fgxkn               0/2     Pending       0          5m24s
kube-znn-db-6cc48797cf-lp475            1/1     Running       0          21m
metacontroller-kubow-5f49886686-8flv8   1/1     Running       0          21m
nginx-ingress-8558d96667-lwvnb          1/1     Running       0          21m
prometheus-ffc965799-qghgp              1/1     Running       0          21m
scalabilityb-5fc4cc4b94-jk9gz           1/1     Running       0          31s
Name:                   kube-znn
Namespace:              default
CreationTimestamp:      Thu, 30 Nov 2023 07:27:52 -0300
Labels:                 app=kube-znn
                        version=v1
Annotations:            deployment.kubernetes.io/revision: 23
Selector:               app=kube-znn,version=v1
Replicas:               4 desired | 4 updated | 4 total | 4 available | 0 unavailable
StrategyType:           RollingUpdate
MinReadySeconds:        0
RollingUpdateStrategy:  25% max unavailable, 25% max surge
Pod Template:
  Labels:       app=kube-znn
                version=v1
  Annotations:  prometheus.io/port: 9145
                prometheus.io/scrape: true
  Containers:
   znn:
    Image:      cmendes/znn:600k
    Port:       9000/TCP
    Host Port:  0/TCP
    Limits:
      cpu:     250m
      memory:  100Mi
    Environment:
      DB_HOST:  kube-znn-db
      DB_NAME:  znn
      DB_PASS:  znn_pass
    Mounts:
      /var/www/html from shared-files (rw)
   nginx:
    Image:        openresty/openresty:alpine-fat
    Ports:        80/TCP, 9145/TCP
    Host Ports:   0/TCP, 0/TCP
    Liveness:     http-get http://:80/liveness.php delay=0s timeout=1s period=10s #success=1 #failure=3
    Readiness:    http-get http://:80/readiness.php delay=0s timeout=1s period=10s #success=1 #failure=3
    Environment:  <none>
    Mounts:
      /etc/nginx/nginx-lua-prometheus/prometheus.lua from nginx-config-volume (rw,path="prometheus.lua")
      /etc/nginx/nginx-lua-prometheus/prometheus_keys.lua from nginx-config-volume (rw,path="prometheus_keys.lua")
      /etc/nginx/nginx-lua-prometheus/prometheus_resty_counter.lua from nginx-config-volume (rw,path="prometheus_resty_counter.lua")
      /usr/local/openresty/nginx/conf/nginx.conf from nginx-config-volume (rw,path="nginx.conf")
      /var/www/html from shared-files (rw)
  Volumes:
   shared-files:
    Type:       EmptyDir (a temporary directory that shares a pod's lifetime)
    Medium:     
    SizeLimit:  <unset>
   nginx-config-volume:
    Type:      ConfigMap (a volume populated by a ConfigMap)
    Name:      nginx-config-9dm8cm6k22
    Optional:  false
Conditions:
  Type           Status  Reason
  ----           ------  ------
  Available      True    MinimumReplicasAvailable
  Progressing    True    NewReplicaSetAvailable
OldReplicaSets:  <none>
NewReplicaSet:   kube-znn-7cbbf89f8 (4/4 replicas created)
Events:
  Type    Reason             Age                 From                   Message
  ----    ------             ----                ----                   -------
  Normal  ScalingReplicaSet  41m                 deployment-controller  Scaled up replica set kube-znn-68bd9d6b5b to 1
  Normal  ScalingReplicaSet  35m                 deployment-controller  Scaled up replica set kube-znn-68bd9d6b5b to 2
  Normal  ScalingReplicaSet  35m                 deployment-controller  Scaled up replica set kube-znn-68bd9d6b5b to 3
  Normal  ScalingReplicaSet  35m                 deployment-controller  Scaled up replica set kube-znn-68bd9d6b5b to 4
  Normal  ScalingReplicaSet  35m                 deployment-controller  Scaled up replica set kube-znn-68bd9d6b5b to 5
  Normal  ScalingReplicaSet  35m                 deployment-controller  Scaled up replica set kube-znn-68bd9d6b5b to 6
  Normal  ScalingReplicaSet  35m                 deployment-controller  Scaled up replica set kube-znn-68bd9d6b5b to 7
  Normal  ScalingReplicaSet  35m                 deployment-controller  Scaled up replica set kube-znn-68bd9d6b5b to 8
  Normal  ScalingReplicaSet  35m                 deployment-controller  Scaled up replica set kube-znn-68bd9d6b5b to 9
  Normal  ScalingReplicaSet  25m (x56 over 35m)  deployment-controller  (combined from similar events): Scaled down replica set kube-znn-7995d9b499 to 1
  Normal  ScalingReplicaSet  20m                 deployment-controller  Scaled down replica set kube-znn-86cccc748b to 2
NAME       READY   UP-TO-DATE   AVAILABLE   AGE
kube-znn   4/4     4            4           41m
NAME                                    READY   STATUS      RESTARTS   AGE
failuremanager-ccc6cc495-vccvj          1/1     Running     0          41m
failuremonitor-68dd6cfd46-c5gkn         1/1     Running     0          41m
fidelitya-98588f486-hhdbj               1/1     Running     0          19m
grafana-65787bb97f-jd2bj                1/1     Running     0          41m
k6-mbvwq                                0/1     Completed   0          36m
kube-state-metrics-d4dff4b7c-fxgvz      1/1     Running     0          41m
kube-znn-7cbbf89f8-62thf                2/2     Running     0          19m
kube-znn-7cbbf89f8-8fwkj                2/2     Running     0          18m
kube-znn-7cbbf89f8-vbl85                2/2     Running     0          18m
kube-znn-7cbbf89f8-w2dz5                2/2     Running     0          19m
kube-znn-db-6cc48797cf-lp475            1/1     Running     0          41m
metacontroller-kubow-5f49886686-8flv8   1/1     Running     0          41m
nginx-ingress-8558d96667-lwvnb          1/1     Running     0          41m
prometheus-ffc965799-qghgp              1/1     Running     0          41m
scalabilitya-695fc5f4d7-c7l96           1/1     Running     0          19m
