12/03/23 13:04:58 - Generating 5 times. 
12/03/23 13:07:33 - Deployments performed.
12/03/23 13:11:58 - K6 deployed.
12/03/23 13:12:08 - K6 running -- Initial data.
Name:                   kube-znn
Namespace:              default
CreationTimestamp:      Sun, 03 Dec 2023 13:07:25 -0300
Labels:                 app=kube-znn
                        version=v1
Annotations:            deployment.kubernetes.io/revision: 1
Selector:               app=kube-znn,version=v1
Replicas:               1 desired | 1 updated | 1 total | 1 available | 0 unavailable
StrategyType:           RollingUpdate
MinReadySeconds:        0
RollingUpdateStrategy:  25% max unavailable, 25% max surge
Pod Template:
  Labels:       app=kube-znn
                version=v1
  Annotations:  prometheus.io/port: 9145
                prometheus.io/scrape: true
  Containers:
   znn:
    Image:      cmendes/znn:800k
    Port:       9000/TCP
    Host Port:  0/TCP
    Limits:
      cpu:     250m
      memory:  100Mi
    Environment:
      DB_HOST:  kube-znn-db
      DB_NAME:  znn
      DB_PASS:  znn_pass
    Mounts:
      /var/www/html from shared-files (rw)
   nginx:
    Image:        openresty/openresty:alpine-fat
    Ports:        80/TCP, 9145/TCP
    Host Ports:   0/TCP, 0/TCP
    Liveness:     http-get http://:80/liveness.php delay=0s timeout=1s period=10s #success=1 #failure=3
    Readiness:    http-get http://:80/readiness.php delay=0s timeout=1s period=10s #success=1 #failure=3
    Environment:  <none>
    Mounts:
      /etc/nginx/nginx-lua-prometheus/prometheus.lua from nginx-config-volume (rw,path="prometheus.lua")
      /etc/nginx/nginx-lua-prometheus/prometheus_keys.lua from nginx-config-volume (rw,path="prometheus_keys.lua")
      /etc/nginx/nginx-lua-prometheus/prometheus_resty_counter.lua from nginx-config-volume (rw,path="prometheus_resty_counter.lua")
      /usr/local/openresty/nginx/conf/nginx.conf from nginx-config-volume (rw,path="nginx.conf")
      /var/www/html from shared-files (rw)
  Volumes:
   shared-files:
    Type:       EmptyDir (a temporary directory that shares a pod's lifetime)
    Medium:     
    SizeLimit:  <unset>
   nginx-config-volume:
    Type:      ConfigMap (a volume populated by a ConfigMap)
    Name:      nginx-config-9dm8cm6k22
    Optional:  false
Conditions:
  Type           Status  Reason
  ----           ------  ------
  Available      True    MinimumReplicasAvailable
  Progressing    True    NewReplicaSetAvailable
OldReplicaSets:  <none>
NewReplicaSet:   kube-znn-68bd9d6b5b (1/1 replicas created)
Events:
  Type    Reason             Age    From                   Message
  ----    ------             ----   ----                   -------
  Normal  ScalingReplicaSet  4m43s  deployment-controller  Scaled up replica set kube-znn-68bd9d6b5b to 1
12/03/23 13:20:08 - K6 finishing -- Peak data.
Name:                   kube-znn
Namespace:              default
CreationTimestamp:      Sun, 03 Dec 2023 13:07:25 -0300
Labels:                 app=kube-znn
                        version=v1
Annotations:            deployment.kubernetes.io/revision: 39
Selector:               app=kube-znn,version=v1
Replicas:               10 desired | 5 updated | 13 total | 8 available | 5 unavailable
StrategyType:           RollingUpdate
MinReadySeconds:        0
RollingUpdateStrategy:  25% max unavailable, 25% max surge
Pod Template:
  Labels:       app=kube-znn
                version=v1
  Annotations:  prometheus.io/port: 9145
                prometheus.io/scrape: true
  Containers:
   znn:
    Image:      cmendes/znn:20k
    Port:       9000/TCP
    Host Port:  0/TCP
    Limits:
      cpu:     250m
      memory:  100Mi
    Environment:
      DB_HOST:  kube-znn-db
      DB_NAME:  znn
      DB_PASS:  znn_pass
    Mounts:
      /var/www/html from shared-files (rw)
   nginx:
    Image:        openresty/openresty:alpine-fat
    Ports:        80/TCP, 9145/TCP
    Host Ports:   0/TCP, 0/TCP
    Liveness:     http-get http://:80/liveness.php delay=0s timeout=1s period=10s #success=1 #failure=3
    Readiness:    http-get http://:80/readiness.php delay=0s timeout=1s period=10s #success=1 #failure=3
    Environment:  <none>
    Mounts:
      /etc/nginx/nginx-lua-prometheus/prometheus.lua from nginx-config-volume (rw,path="prometheus.lua")
      /etc/nginx/nginx-lua-prometheus/prometheus_keys.lua from nginx-config-volume (rw,path="prometheus_keys.lua")
      /etc/nginx/nginx-lua-prometheus/prometheus_resty_counter.lua from nginx-config-volume (rw,path="prometheus_resty_counter.lua")
      /usr/local/openresty/nginx/conf/nginx.conf from nginx-config-volume (rw,path="nginx.conf")
      /var/www/html from shared-files (rw)
  Volumes:
   shared-files:
    Type:       EmptyDir (a temporary directory that shares a pod's lifetime)
    Medium:     
    SizeLimit:  <unset>
   nginx-config-volume:
    Type:      ConfigMap (a volume populated by a ConfigMap)
    Name:      nginx-config-9dm8cm6k22
    Optional:  false
Conditions:
  Type           Status  Reason
  ----           ------  ------
  Available      True    MinimumReplicasAvailable
  Progressing    True    ReplicaSetUpdated
OldReplicaSets:  kube-znn-68bd9d6b5b (4/4 replicas created), kube-znn-7cbbf89f8 (2/2 replicas created), kube-znn-68dbbf8bbd (2/2 replicas created)
NewReplicaSet:   kube-znn-6b7655774 (5/5 replicas created)
Events:
  Type    Reason             Age                    From                   Message
  ----    ------             ----                   ----                   -------
  Normal  ScalingReplicaSet  12m                    deployment-controller  Scaled up replica set kube-znn-68bd9d6b5b to 1
  Normal  ScalingReplicaSet  7m50s                  deployment-controller  Scaled up replica set kube-znn-68bd9d6b5b to 2
  Normal  ScalingReplicaSet  7m42s                  deployment-controller  Scaled up replica set kube-znn-68bd9d6b5b to 3
  Normal  ScalingReplicaSet  7m37s                  deployment-controller  Scaled up replica set kube-znn-68bd9d6b5b to 4
  Normal  ScalingReplicaSet  7m32s                  deployment-controller  Scaled up replica set kube-znn-68bd9d6b5b to 5
  Normal  ScalingReplicaSet  7m28s                  deployment-controller  Scaled up replica set kube-znn-68bd9d6b5b to 6
  Normal  ScalingReplicaSet  7m23s                  deployment-controller  Scaled up replica set kube-znn-68bd9d6b5b to 7
  Normal  ScalingReplicaSet  7m17s                  deployment-controller  Scaled up replica set kube-znn-68bd9d6b5b to 8
  Normal  ScalingReplicaSet  7m12s                  deployment-controller  Scaled up replica set kube-znn-68bd9d6b5b to 9
  Normal  ScalingReplicaSet  4m39s                  deployment-controller  Scaled down replica set kube-znn-68dbbf8bbd to 3
  Normal  ScalingReplicaSet  4m39s                  deployment-controller  Scaled up replica set kube-znn-7cbbf89f8 to 6
  Normal  ScalingReplicaSet  4m38s (x2 over 4m43s)  deployment-controller  Scaled down replica set kube-znn-7cbbf89f8 to 4
  Normal  ScalingReplicaSet  4m38s (x2 over 4m43s)  deployment-controller  Scaled up replica set kube-znn-68dbbf8bbd to 5
  Normal  ScalingReplicaSet  2m38s (x18 over 7m7s)  deployment-controller  (combined from similar events): Scaled down replica set kube-znn-7cbbf89f8 to 2
12/03/23 13:28:08 - K6 finised after unload -- Final data.
Name:                   kube-znn
Namespace:              default
CreationTimestamp:      Sun, 03 Dec 2023 13:07:25 -0300
Labels:                 app=kube-znn
                        version=v1
Annotations:            deployment.kubernetes.io/revision: 81
Selector:               app=kube-znn,version=v1
Replicas:               1 desired | 1 updated | 1 total | 1 available | 0 unavailable
StrategyType:           RollingUpdate
MinReadySeconds:        0
RollingUpdateStrategy:  25% max unavailable, 25% max surge
Pod Template:
  Labels:       app=kube-znn
                version=v1
  Annotations:  prometheus.io/port: 9145
                prometheus.io/scrape: true
  Containers:
   znn:
    Image:      cmendes/znn:200k
    Port:       9000/TCP
    Host Port:  0/TCP
    Limits:
      cpu:     250m
      memory:  100Mi
    Environment:
      DB_HOST:  kube-znn-db
      DB_NAME:  znn
      DB_PASS:  znn_pass
    Mounts:
      /var/www/html from shared-files (rw)
   nginx:
    Image:        openresty/openresty:alpine-fat
    Ports:        80/TCP, 9145/TCP
    Host Ports:   0/TCP, 0/TCP
    Liveness:     http-get http://:80/liveness.php delay=0s timeout=1s period=10s #success=1 #failure=3
    Readiness:    http-get http://:80/readiness.php delay=0s timeout=1s period=10s #success=1 #failure=3
    Environment:  <none>
    Mounts:
      /etc/nginx/nginx-lua-prometheus/prometheus.lua from nginx-config-volume (rw,path="prometheus.lua")
      /etc/nginx/nginx-lua-prometheus/prometheus_keys.lua from nginx-config-volume (rw,path="prometheus_keys.lua")
      /etc/nginx/nginx-lua-prometheus/prometheus_resty_counter.lua from nginx-config-volume (rw,path="prometheus_resty_counter.lua")
      /usr/local/openresty/nginx/conf/nginx.conf from nginx-config-volume (rw,path="nginx.conf")
      /var/www/html from shared-files (rw)
  Volumes:
   shared-files:
    Type:       EmptyDir (a temporary directory that shares a pod's lifetime)
    Medium:     
    SizeLimit:  <unset>
   nginx-config-volume:
    Type:      ConfigMap (a volume populated by a ConfigMap)
    Name:      nginx-config-9dm8cm6k22
    Optional:  false
Conditions:
  Type           Status  Reason
  ----           ------  ------
  Available      True    MinimumReplicasAvailable
  Progressing    True    NewReplicaSetAvailable
OldReplicaSets:  <none>
NewReplicaSet:   kube-znn-86cccc748b (1/1 replicas created)
Events:
  Type    Reason             Age                   From                   Message
  ----    ------             ----                  ----                   -------
  Normal  ScalingReplicaSet  20m                   deployment-controller  Scaled up replica set kube-znn-68bd9d6b5b to 1
  Normal  ScalingReplicaSet  15m                   deployment-controller  Scaled up replica set kube-znn-68bd9d6b5b to 2
  Normal  ScalingReplicaSet  15m                   deployment-controller  Scaled up replica set kube-znn-68bd9d6b5b to 3
  Normal  ScalingReplicaSet  15m                   deployment-controller  Scaled up replica set kube-znn-68bd9d6b5b to 4
  Normal  ScalingReplicaSet  15m                   deployment-controller  Scaled up replica set kube-znn-68bd9d6b5b to 5
  Normal  ScalingReplicaSet  15m                   deployment-controller  Scaled up replica set kube-znn-68bd9d6b5b to 6
  Normal  ScalingReplicaSet  15m                   deployment-controller  Scaled up replica set kube-znn-68bd9d6b5b to 7
  Normal  ScalingReplicaSet  15m                   deployment-controller  Scaled up replica set kube-znn-68bd9d6b5b to 8
  Normal  ScalingReplicaSet  15m                   deployment-controller  Scaled up replica set kube-znn-68bd9d6b5b to 9
  Normal  ScalingReplicaSet  12m                   deployment-controller  Scaled down replica set kube-znn-68dbbf8bbd to 3
  Normal  ScalingReplicaSet  12m                   deployment-controller  Scaled up replica set kube-znn-7cbbf89f8 to 6
  Normal  ScalingReplicaSet  12m (x2 over 12m)     deployment-controller  Scaled down replica set kube-znn-7cbbf89f8 to 4
  Normal  ScalingReplicaSet  12m (x2 over 12m)     deployment-controller  Scaled up replica set kube-znn-68dbbf8bbd to 5
  Normal  ScalingReplicaSet  5m27s (x46 over 15m)  deployment-controller  (combined from similar events): Scaled up replica set kube-znn-7995d9b499 to 1
  Normal  ScalingReplicaSet  42s (x12 over 4m7s)   deployment-controller  Scaled up replica set kube-znn-7995d9b499 to 1
NAME       READY   UP-TO-DATE   AVAILABLE   AGE
kube-znn   1/1     1            1           20m
NAME                                 READY   STATUS        RESTARTS   AGE
failuremanager-ccc6cc495-2rv7r       1/1     Running       0          20m
failuremonitor-68dd6cfd46-jbczq      1/1     Running       0          20m
fidelityb-7bbd8598c6-8dds4           1/1     Running       0          11m
grafana-65787bb97f-dfrbk             1/1     Running       0          20m
k6-bd4p9                             0/1     Completed     0          16m
kube-state-metrics-d4dff4b7c-l5gz5   1/1     Running       0          20m
kube-znn-7995d9b499-2j7zk            0/2     Terminating   0          7s
kube-znn-7995d9b499-kx4nd            0/2     Terminating   0          2s
kube-znn-86cccc748b-pvpdf            2/2     Running       0          7m2s
kube-znn-db-6cc48797cf-mcsc2         1/1     Running       0          20m
nginx-ingress-8558d96667-sxzck       1/1     Running       0          20m
prometheus-ffc965799-6jhjz           1/1     Running       0          20m
scalabilityb-6667554784-d92sc        1/1     Running       0          13m
Name:                   kube-znn
Namespace:              default
CreationTimestamp:      Sun, 03 Dec 2023 13:07:25 -0300
Labels:                 app=kube-znn
                        version=v1
Annotations:            deployment.kubernetes.io/revision: 201
Selector:               app=kube-znn,version=v1
Replicas:               1 desired | 1 updated | 1 total | 1 available | 0 unavailable
StrategyType:           RollingUpdate
MinReadySeconds:        0
RollingUpdateStrategy:  25% max unavailable, 25% max surge
Pod Template:
  Labels:       app=kube-znn
                version=v1
  Annotations:  prometheus.io/port: 9145
                prometheus.io/scrape: true
  Containers:
   znn:
    Image:      cmendes/znn:200k
    Port:       9000/TCP
    Host Port:  0/TCP
    Limits:
      cpu:     250m
      memory:  100Mi
    Environment:
      DB_HOST:  kube-znn-db
      DB_NAME:  znn
      DB_PASS:  znn_pass
    Mounts:
      /var/www/html from shared-files (rw)
   nginx:
    Image:        openresty/openresty:alpine-fat
    Ports:        80/TCP, 9145/TCP
    Host Ports:   0/TCP, 0/TCP
    Liveness:     http-get http://:80/liveness.php delay=0s timeout=1s period=10s #success=1 #failure=3
    Readiness:    http-get http://:80/readiness.php delay=0s timeout=1s period=10s #success=1 #failure=3
    Environment:  <none>
    Mounts:
      /etc/nginx/nginx-lua-prometheus/prometheus.lua from nginx-config-volume (rw,path="prometheus.lua")
      /etc/nginx/nginx-lua-prometheus/prometheus_keys.lua from nginx-config-volume (rw,path="prometheus_keys.lua")
      /etc/nginx/nginx-lua-prometheus/prometheus_resty_counter.lua from nginx-config-volume (rw,path="prometheus_resty_counter.lua")
      /usr/local/openresty/nginx/conf/nginx.conf from nginx-config-volume (rw,path="nginx.conf")
      /var/www/html from shared-files (rw)
  Volumes:
   shared-files:
    Type:       EmptyDir (a temporary directory that shares a pod's lifetime)
    Medium:     
    SizeLimit:  <unset>
   nginx-config-volume:
    Type:      ConfigMap (a volume populated by a ConfigMap)
    Name:      nginx-config-9dm8cm6k22
    Optional:  false
Conditions:
  Type           Status  Reason
  ----           ------  ------
  Available      True    MinimumReplicasAvailable
  Progressing    True    NewReplicaSetAvailable
OldReplicaSets:  <none>
NewReplicaSet:   kube-znn-86cccc748b (1/1 replicas created)
Events:
  Type    Reason             Age                 From                   Message
  ----    ------             ----                ----                   -------
  Normal  ScalingReplicaSet  40m                 deployment-controller  Scaled up replica set kube-znn-68bd9d6b5b to 1
  Normal  ScalingReplicaSet  35m                 deployment-controller  Scaled up replica set kube-znn-68bd9d6b5b to 2
  Normal  ScalingReplicaSet  35m                 deployment-controller  Scaled up replica set kube-znn-68bd9d6b5b to 3
  Normal  ScalingReplicaSet  35m                 deployment-controller  Scaled up replica set kube-znn-68bd9d6b5b to 4
  Normal  ScalingReplicaSet  35m                 deployment-controller  Scaled up replica set kube-znn-68bd9d6b5b to 5
  Normal  ScalingReplicaSet  35m                 deployment-controller  Scaled up replica set kube-znn-68bd9d6b5b to 6
  Normal  ScalingReplicaSet  35m                 deployment-controller  Scaled up replica set kube-znn-68bd9d6b5b to 7
  Normal  ScalingReplicaSet  35m                 deployment-controller  Scaled up replica set kube-znn-68bd9d6b5b to 8
  Normal  ScalingReplicaSet  35m                 deployment-controller  Scaled up replica set kube-znn-68bd9d6b5b to 9
  Normal  ScalingReplicaSet  32m                 deployment-controller  Scaled down replica set kube-znn-68dbbf8bbd to 3
  Normal  ScalingReplicaSet  32m                 deployment-controller  Scaled up replica set kube-znn-7cbbf89f8 to 6
  Normal  ScalingReplicaSet  32m (x2 over 32m)   deployment-controller  Scaled down replica set kube-znn-7cbbf89f8 to 4
  Normal  ScalingReplicaSet  32m (x2 over 32m)   deployment-controller  Scaled up replica set kube-znn-68dbbf8bbd to 5
  Normal  ScalingReplicaSet  25m (x46 over 35m)  deployment-controller  (combined from similar events): Scaled up replica set kube-znn-7995d9b499 to 1
  Normal  ScalingReplicaSet  42s (x72 over 24m)  deployment-controller  Scaled up replica set kube-znn-7995d9b499 to 1
NAME       READY   UP-TO-DATE   AVAILABLE   AGE
kube-znn   1/1     1            1           40m
NAME                                 READY   STATUS        RESTARTS   AGE
failuremanager-ccc6cc495-2rv7r       1/1     Running       0          40m
failuremonitor-68dd6cfd46-jbczq      1/1     Running       0          40m
fidelityb-7bbd8598c6-8dds4           1/1     Running       0          31m
grafana-65787bb97f-dfrbk             1/1     Running       0          40m
k6-bd4p9                             0/1     Completed     0          36m
kube-state-metrics-d4dff4b7c-l5gz5   1/1     Running       0          40m
kube-znn-7995d9b499-n6h7v            0/2     Terminating   0          2s
kube-znn-7995d9b499-zp8x9            0/2     Terminating   0          7s
kube-znn-86cccc748b-pvpdf            2/2     Running       0          27m
kube-znn-db-6cc48797cf-mcsc2         1/1     Running       0          40m
nginx-ingress-8558d96667-sxzck       1/1     Running       0          40m
prometheus-ffc965799-6jhjz           1/1     Running       0          40m
scalabilityb-6667554784-d92sc        1/1     Running       0          33m
