11/04/23 10:25:56 - Generating 2 times. 
11/04/23 10:29:22 - Deployments performed.
11/04/23 10:32:34 - K6 deployed.
11/04/23 10:32:44 - K6 running -- Initial data.
Replicas:               1 desired | 1 updated | 1 total | 1 available | 0 unavailable
    Image:      cmendes/znn:800k
11/04/23 10:40:44 - K6 finishing -- Peak data.
Replicas:               10 desired | 5 updated | 13 total | 8 available | 5 unavailable
    Image:      cmendes/znn:600k
11/04/23 10:48:44 - K6 finised after unload -- Final data.
Replicas:               10 desired | 5 updated | 13 total | 8 available | 5 unavailable
    Image:      cmendes/znn:600k
11/04/23 11:40:54 - Generating 2 times. 
11/04/23 11:45:16 - Deployments performed.
11/04/23 11:48:29 - K6 deployed.
11/04/23 11:48:40 - K6 running -- Initial data.
Replicas:               1 desired | 1 updated | 1 total | 1 available | 0 unavailable
    Image:      cmendes/znn:800k
11/04/23 11:56:40 - K6 finishing -- Peak data.
Replicas:               10 desired | 5 updated | 13 total | 8 available | 5 unavailable
    Image:      cmendes/znn:400k
11/04/23 12:04:40 - K6 finised after unload -- Final data.
Replicas:               1 desired | 1 updated | 1 total | 1 available | 0 unavailable
    Image:      cmendes/znn:800k
11/04/23 12:04:40 - Restauration has finished.
Replicas:               1 desired | 1 updated | 1 total | 1 available | 0 unavailable
    Image:      cmendes/znn:800k
