12/03/23 04:50:05 - Generating 6 times. 
12/03/23 04:52:45 - Deployments performed.
12/03/23 04:57:03 - K6 deployed.
12/03/23 04:57:14 - K6 running -- Initial data.
Name:                   kube-znn
Namespace:              default
CreationTimestamp:      Sun, 03 Dec 2023 04:52:41 -0300
Labels:                 app=kube-znn
                        version=v1
Annotations:            deployment.kubernetes.io/revision: 1
Selector:               app=kube-znn,version=v1
Replicas:               1 desired | 1 updated | 1 total | 1 available | 0 unavailable
StrategyType:           RollingUpdate
MinReadySeconds:        0
RollingUpdateStrategy:  25% max unavailable, 25% max surge
Pod Template:
  Labels:       app=kube-znn
                version=v1
  Annotations:  prometheus.io/port: 9145
                prometheus.io/scrape: true
  Containers:
   znn:
    Image:      cmendes/znn:800k
    Port:       9000/TCP
    Host Port:  0/TCP
    Limits:
      cpu:     250m
      memory:  100Mi
    Environment:
      DB_HOST:  kube-znn-db
      DB_NAME:  znn
      DB_PASS:  znn_pass
    Mounts:
      /var/www/html from shared-files (rw)
   nginx:
    Image:        openresty/openresty:alpine-fat
    Ports:        80/TCP, 9145/TCP
    Host Ports:   0/TCP, 0/TCP
    Liveness:     http-get http://:80/liveness.php delay=0s timeout=1s period=10s #success=1 #failure=3
    Readiness:    http-get http://:80/readiness.php delay=0s timeout=1s period=10s #success=1 #failure=3
    Environment:  <none>
    Mounts:
      /etc/nginx/nginx-lua-prometheus/prometheus.lua from nginx-config-volume (rw,path="prometheus.lua")
      /etc/nginx/nginx-lua-prometheus/prometheus_keys.lua from nginx-config-volume (rw,path="prometheus_keys.lua")
      /etc/nginx/nginx-lua-prometheus/prometheus_resty_counter.lua from nginx-config-volume (rw,path="prometheus_resty_counter.lua")
      /usr/local/openresty/nginx/conf/nginx.conf from nginx-config-volume (rw,path="nginx.conf")
      /var/www/html from shared-files (rw)
  Volumes:
   shared-files:
    Type:       EmptyDir (a temporary directory that shares a pod's lifetime)
    Medium:     
    SizeLimit:  <unset>
   nginx-config-volume:
    Type:      ConfigMap (a volume populated by a ConfigMap)
    Name:      nginx-config-9dm8cm6k22
    Optional:  false
Conditions:
  Type           Status  Reason
  ----           ------  ------
  Available      True    MinimumReplicasAvailable
  Progressing    True    NewReplicaSetAvailable
OldReplicaSets:  <none>
NewReplicaSet:   kube-znn-5fb97667db (1/1 replicas created)
Events:
  Type    Reason             Age    From                   Message
  ----    ------             ----   ----                   -------
  Normal  ScalingReplicaSet  4m33s  deployment-controller  Scaled up replica set kube-znn-5fb97667db to 1
12/03/23 05:05:14 - K6 finishing -- Peak data.
Name:                   kube-znn
Namespace:              default
CreationTimestamp:      Sun, 03 Dec 2023 04:52:41 -0300
Labels:                 app=kube-znn
                        version=v1
Annotations:            deployment.kubernetes.io/revision: 169
Selector:               app=kube-znn,version=v1
Replicas:               10 desired | 5 updated | 13 total | 8 available | 5 unavailable
StrategyType:           RollingUpdate
MinReadySeconds:        0
RollingUpdateStrategy:  25% max unavailable, 25% max surge
Pod Template:
  Labels:       app=kube-znn
                version=v1
  Annotations:  prometheus.io/port: 9145
                prometheus.io/scrape: true
  Containers:
   znn:
    Image:      cmendes/znn:400k
    Port:       9000/TCP
    Host Port:  0/TCP
    Limits:
      cpu:     250m
      memory:  100Mi
    Environment:
      DB_HOST:  kube-znn-db
      DB_NAME:  znn
      DB_PASS:  znn_pass
    Mounts:
      /var/www/html from shared-files (rw)
   nginx:
    Image:        openresty/openresty:alpine-fat
    Ports:        80/TCP, 9145/TCP
    Host Ports:   0/TCP, 0/TCP
    Liveness:     http-get http://:80/liveness.php delay=0s timeout=1s period=10s #success=1 #failure=3
    Readiness:    http-get http://:80/readiness.php delay=0s timeout=1s period=10s #success=1 #failure=3
    Environment:  <none>
    Mounts:
      /etc/nginx/nginx-lua-prometheus/prometheus.lua from nginx-config-volume (rw,path="prometheus.lua")
      /etc/nginx/nginx-lua-prometheus/prometheus_keys.lua from nginx-config-volume (rw,path="prometheus_keys.lua")
      /etc/nginx/nginx-lua-prometheus/prometheus_resty_counter.lua from nginx-config-volume (rw,path="prometheus_resty_counter.lua")
      /usr/local/openresty/nginx/conf/nginx.conf from nginx-config-volume (rw,path="nginx.conf")
      /var/www/html from shared-files (rw)
  Volumes:
   shared-files:
    Type:       EmptyDir (a temporary directory that shares a pod's lifetime)
    Medium:     
    SizeLimit:  <unset>
   nginx-config-volume:
    Type:      ConfigMap (a volume populated by a ConfigMap)
    Name:      nginx-config-9dm8cm6k22
    Optional:  false
Conditions:
  Type           Status  Reason
  ----           ------  ------
  Available      True    MinimumReplicasAvailable
  Progressing    True    ReplicaSetUpdated
OldReplicaSets:  kube-znn-5fb97667db (7/7 replicas created), kube-znn-6978979d84 (1/1 replicas created)
NewReplicaSet:   kube-znn-f8d56c578 (5/5 replicas created)
Events:
  Type    Reason             Age                     From                   Message
  ----    ------             ----                    ----                   -------
  Normal  ScalingReplicaSet  12m                     deployment-controller  Scaled up replica set kube-znn-5fb97667db to 1
  Normal  ScalingReplicaSet  7m49s                   deployment-controller  Scaled up replica set kube-znn-5fb97667db to 2
  Normal  ScalingReplicaSet  7m46s                   deployment-controller  Scaled up replica set kube-znn-5fb97667db to 3
  Normal  ScalingReplicaSet  7m41s                   deployment-controller  Scaled up replica set kube-znn-5fb97667db to 4
  Normal  ScalingReplicaSet  7m36s                   deployment-controller  Scaled up replica set kube-znn-5fb97667db to 5
  Normal  ScalingReplicaSet  7m31s                   deployment-controller  Scaled up replica set kube-znn-5fb97667db to 6
  Normal  ScalingReplicaSet  7m26s                   deployment-controller  Scaled up replica set kube-znn-5fb97667db to 7
  Normal  ScalingReplicaSet  7m21s                   deployment-controller  Scaled up replica set kube-znn-5fb97667db to 8
  Normal  ScalingReplicaSet  7m16s                   deployment-controller  Scaled up replica set kube-znn-5fb97667db to 9
  Normal  ScalingReplicaSet  6m46s (x12 over 7m11s)  deployment-controller  (combined from similar events): Scaled down replica set kube-znn-f8d56c578 to 0
  Normal  ScalingReplicaSet  6m46s (x2 over 6m51s)   deployment-controller  Scaled down replica set kube-znn-6978979d84 to 1
  Normal  ScalingReplicaSet  6m46s (x2 over 6m51s)   deployment-controller  Scaled up replica set kube-znn-f8d56c578 to 5
  Normal  ScalingReplicaSet  6m46s                   deployment-controller  Scaled up replica set kube-znn-6978979d84 to 6
  Normal  ScalingReplicaSet  2m31s (x51 over 6m41s)  deployment-controller  Scaled down replica set kube-znn-f8d56c578 to 0
12/03/23 05:13:14 - K6 finised after unload -- Final data.
Name:                   kube-znn
Namespace:              default
CreationTimestamp:      Sun, 03 Dec 2023 04:52:41 -0300
Labels:                 app=kube-znn
                        version=v1
Annotations:            deployment.kubernetes.io/revision: 205
Selector:               app=kube-znn,version=v1
Replicas:               1 desired | 1 updated | 1 total | 1 available | 0 unavailable
StrategyType:           RollingUpdate
MinReadySeconds:        0
RollingUpdateStrategy:  25% max unavailable, 25% max surge
Pod Template:
  Labels:       app=kube-znn
                version=v1
  Annotations:  prometheus.io/port: 9145
                prometheus.io/scrape: true
  Containers:
   znn:
    Image:      cmendes/znn:800k
    Port:       9000/TCP
    Host Port:  0/TCP
    Limits:
      cpu:     250m
      memory:  100Mi
    Environment:
      DB_HOST:  kube-znn-db
      DB_NAME:  znn
      DB_PASS:  znn_pass
    Mounts:
      /var/www/html from shared-files (rw)
   nginx:
    Image:        openresty/openresty:alpine-fat
    Ports:        80/TCP, 9145/TCP
    Host Ports:   0/TCP, 0/TCP
    Liveness:     http-get http://:80/liveness.php delay=0s timeout=1s period=10s #success=1 #failure=3
    Readiness:    http-get http://:80/readiness.php delay=0s timeout=1s period=10s #success=1 #failure=3
    Environment:  <none>
    Mounts:
      /etc/nginx/nginx-lua-prometheus/prometheus.lua from nginx-config-volume (rw,path="prometheus.lua")
      /etc/nginx/nginx-lua-prometheus/prometheus_keys.lua from nginx-config-volume (rw,path="prometheus_keys.lua")
      /etc/nginx/nginx-lua-prometheus/prometheus_resty_counter.lua from nginx-config-volume (rw,path="prometheus_resty_counter.lua")
      /usr/local/openresty/nginx/conf/nginx.conf from nginx-config-volume (rw,path="nginx.conf")
      /var/www/html from shared-files (rw)
  Volumes:
   shared-files:
    Type:       EmptyDir (a temporary directory that shares a pod's lifetime)
    Medium:     
    SizeLimit:  <unset>
   nginx-config-volume:
    Type:      ConfigMap (a volume populated by a ConfigMap)
    Name:      nginx-config-9dm8cm6k22
    Optional:  false
Conditions:
  Type           Status  Reason
  ----           ------  ------
  Available      True    MinimumReplicasAvailable
  Progressing    True    NewReplicaSetAvailable
OldReplicaSets:  <none>
NewReplicaSet:   kube-znn-5fb97667db (1/1 replicas created)
Events:
  Type    Reason             Age                   From                   Message
  ----    ------             ----                  ----                   -------
  Normal  ScalingReplicaSet  20m                   deployment-controller  Scaled up replica set kube-znn-5fb97667db to 1
  Normal  ScalingReplicaSet  15m                   deployment-controller  Scaled up replica set kube-znn-5fb97667db to 2
  Normal  ScalingReplicaSet  15m                   deployment-controller  Scaled up replica set kube-znn-5fb97667db to 3
  Normal  ScalingReplicaSet  15m                   deployment-controller  Scaled up replica set kube-znn-5fb97667db to 4
  Normal  ScalingReplicaSet  15m                   deployment-controller  Scaled up replica set kube-znn-5fb97667db to 5
  Normal  ScalingReplicaSet  15m                   deployment-controller  Scaled up replica set kube-znn-5fb97667db to 6
  Normal  ScalingReplicaSet  15m                   deployment-controller  Scaled up replica set kube-znn-5fb97667db to 7
  Normal  ScalingReplicaSet  15m                   deployment-controller  Scaled up replica set kube-znn-5fb97667db to 8
  Normal  ScalingReplicaSet  15m                   deployment-controller  Scaled up replica set kube-znn-5fb97667db to 9
  Normal  ScalingReplicaSet  14m (x12 over 15m)    deployment-controller  (combined from similar events): Scaled down replica set kube-znn-f8d56c578 to 0
  Normal  ScalingReplicaSet  14m (x2 over 14m)     deployment-controller  Scaled down replica set kube-znn-6978979d84 to 1
  Normal  ScalingReplicaSet  14m (x2 over 14m)     deployment-controller  Scaled up replica set kube-znn-f8d56c578 to 5
  Normal  ScalingReplicaSet  14m                   deployment-controller  Scaled up replica set kube-znn-6978979d84 to 6
  Normal  ScalingReplicaSet  10m (x51 over 14m)    deployment-controller  Scaled down replica set kube-znn-f8d56c578 to 0
  Normal  ScalingReplicaSet  26s (x11 over 5m36s)  deployment-controller  Scaled up replica set kube-znn-6978979d84 to 1
NAME       READY   UP-TO-DATE   AVAILABLE   AGE
kube-znn   1/1     1            1           20m
NAME                                 READY   STATUS      RESTARTS   AGE
failuremanager-ccc6cc495-w94rb       1/1     Running     0          20m
failuremonitor-68dd6cfd46-7mlpx      1/1     Running     0          20m
grafana-65787bb97f-zdzx4             1/1     Running     0          20m
k6-wqcz4                             0/1     Completed   0          16m
kube-state-metrics-d4dff4b7c-8xr4r   1/1     Running     0          20m
kube-znn-5fb97667db-lc9gm            2/2     Running     0          6m51s
kube-znn-db-6dd8968475-7cskv         1/1     Running     0          20m
kubow-79b96484b-dqkbh                1/1     Running     0          20m
nginx-ingress-8558d96667-kjpnd       1/1     Running     0          20m
prometheus-ffc965799-zgvtv           1/1     Running     0          20m
Name:                   kube-znn
Namespace:              default
CreationTimestamp:      Sun, 03 Dec 2023 04:52:41 -0300
Labels:                 app=kube-znn
                        version=v1
Annotations:            deployment.kubernetes.io/revision: 285
Selector:               app=kube-znn,version=v1
Replicas:               1 desired | 1 updated | 1 total | 1 available | 0 unavailable
StrategyType:           RollingUpdate
MinReadySeconds:        0
RollingUpdateStrategy:  25% max unavailable, 25% max surge
Pod Template:
  Labels:       app=kube-znn
                version=v1
  Annotations:  prometheus.io/port: 9145
                prometheus.io/scrape: true
  Containers:
   znn:
    Image:      cmendes/znn:800k
    Port:       9000/TCP
    Host Port:  0/TCP
    Limits:
      cpu:     250m
      memory:  100Mi
    Environment:
      DB_HOST:  kube-znn-db
      DB_NAME:  znn
      DB_PASS:  znn_pass
    Mounts:
      /var/www/html from shared-files (rw)
   nginx:
    Image:        openresty/openresty:alpine-fat
    Ports:        80/TCP, 9145/TCP
    Host Ports:   0/TCP, 0/TCP
    Liveness:     http-get http://:80/liveness.php delay=0s timeout=1s period=10s #success=1 #failure=3
    Readiness:    http-get http://:80/readiness.php delay=0s timeout=1s period=10s #success=1 #failure=3
    Environment:  <none>
    Mounts:
      /etc/nginx/nginx-lua-prometheus/prometheus.lua from nginx-config-volume (rw,path="prometheus.lua")
      /etc/nginx/nginx-lua-prometheus/prometheus_keys.lua from nginx-config-volume (rw,path="prometheus_keys.lua")
      /etc/nginx/nginx-lua-prometheus/prometheus_resty_counter.lua from nginx-config-volume (rw,path="prometheus_resty_counter.lua")
      /usr/local/openresty/nginx/conf/nginx.conf from nginx-config-volume (rw,path="nginx.conf")
      /var/www/html from shared-files (rw)
  Volumes:
   shared-files:
    Type:       EmptyDir (a temporary directory that shares a pod's lifetime)
    Medium:     
    SizeLimit:  <unset>
   nginx-config-volume:
    Type:      ConfigMap (a volume populated by a ConfigMap)
    Name:      nginx-config-9dm8cm6k22
    Optional:  false
Conditions:
  Type           Status  Reason
  ----           ------  ------
  Available      True    MinimumReplicasAvailable
  Progressing    True    NewReplicaSetAvailable
OldReplicaSets:  <none>
NewReplicaSet:   kube-znn-5fb97667db (1/1 replicas created)
Events:
  Type    Reason             Age                 From                   Message
  ----    ------             ----                ----                   -------
  Normal  ScalingReplicaSet  40m                 deployment-controller  Scaled up replica set kube-znn-5fb97667db to 1
  Normal  ScalingReplicaSet  35m                 deployment-controller  Scaled up replica set kube-znn-5fb97667db to 2
  Normal  ScalingReplicaSet  35m                 deployment-controller  Scaled up replica set kube-znn-5fb97667db to 3
  Normal  ScalingReplicaSet  35m                 deployment-controller  Scaled up replica set kube-znn-5fb97667db to 4
  Normal  ScalingReplicaSet  35m                 deployment-controller  Scaled up replica set kube-znn-5fb97667db to 5
  Normal  ScalingReplicaSet  35m                 deployment-controller  Scaled up replica set kube-znn-5fb97667db to 6
  Normal  ScalingReplicaSet  35m                 deployment-controller  Scaled up replica set kube-znn-5fb97667db to 7
  Normal  ScalingReplicaSet  35m                 deployment-controller  Scaled up replica set kube-znn-5fb97667db to 8
  Normal  ScalingReplicaSet  35m                 deployment-controller  Scaled up replica set kube-znn-5fb97667db to 9
  Normal  ScalingReplicaSet  34m (x12 over 35m)  deployment-controller  (combined from similar events): Scaled down replica set kube-znn-f8d56c578 to 0
  Normal  ScalingReplicaSet  34m (x2 over 34m)   deployment-controller  Scaled down replica set kube-znn-6978979d84 to 1
  Normal  ScalingReplicaSet  34m (x2 over 34m)   deployment-controller  Scaled up replica set kube-znn-f8d56c578 to 5
  Normal  ScalingReplicaSet  34m                 deployment-controller  Scaled up replica set kube-znn-6978979d84 to 6
  Normal  ScalingReplicaSet  30m (x51 over 34m)  deployment-controller  Scaled down replica set kube-znn-f8d56c578 to 0
  Normal  ScalingReplicaSet  26s (x51 over 25m)  deployment-controller  Scaled up replica set kube-znn-6978979d84 to 1
NAME       READY   UP-TO-DATE   AVAILABLE   AGE
kube-znn   1/1     1            1           40m
NAME                                 READY   STATUS      RESTARTS   AGE
failuremanager-ccc6cc495-w94rb       1/1     Running     0          40m
failuremonitor-68dd6cfd46-7mlpx      1/1     Running     0          40m
grafana-65787bb97f-zdzx4             1/1     Running     0          40m
k6-wqcz4                             0/1     Completed   0          36m
kube-state-metrics-d4dff4b7c-8xr4r   1/1     Running     0          40m
kube-znn-5fb97667db-lc9gm            2/2     Running     0          26m
kube-znn-db-6dd8968475-7cskv         1/1     Running     0          40m
kubow-79b96484b-dqkbh                1/1     Running     0          40m
nginx-ingress-8558d96667-kjpnd       1/1     Running     0          40m
prometheus-ffc965799-zgvtv           1/1     Running     0          40m
