12/01/23 15:03:20 - Generating 7 times. 
12/01/23 15:06:20 - Deployments performed.
12/01/23 15:11:08 - K6 deployed.
12/01/23 15:11:18 - K6 running -- Initial data.
Name:                   kube-znn
Namespace:              default
CreationTimestamp:      Fri, 01 Dec 2023 15:06:09 -0300
Labels:                 app=kube-znn
                        version=v1
Annotations:            deployment.kubernetes.io/revision: 1
Selector:               app=kube-znn,version=v1
Replicas:               1 desired | 1 updated | 1 total | 1 available | 0 unavailable
StrategyType:           RollingUpdate
MinReadySeconds:        0
RollingUpdateStrategy:  25% max unavailable, 25% max surge
Pod Template:
  Labels:       app=kube-znn
                version=v1
  Annotations:  prometheus.io/port: 9145
                prometheus.io/scrape: true
  Containers:
   znn:
    Image:      cmendes/znn:800k
    Port:       9000/TCP
    Host Port:  0/TCP
    Limits:
      cpu:     250m
      memory:  100Mi
    Environment:
      DB_HOST:  kube-znn-db
      DB_NAME:  znn
      DB_PASS:  znn_pass
    Mounts:
      /var/www/html from shared-files (rw)
   nginx:
    Image:        openresty/openresty:alpine-fat
    Ports:        80/TCP, 9145/TCP
    Host Ports:   0/TCP, 0/TCP
    Liveness:     http-get http://:80/liveness.php delay=0s timeout=1s period=10s #success=1 #failure=3
    Readiness:    http-get http://:80/readiness.php delay=0s timeout=1s period=10s #success=1 #failure=3
    Environment:  <none>
    Mounts:
      /etc/nginx/nginx-lua-prometheus/prometheus.lua from nginx-config-volume (rw,path="prometheus.lua")
      /etc/nginx/nginx-lua-prometheus/prometheus_keys.lua from nginx-config-volume (rw,path="prometheus_keys.lua")
      /etc/nginx/nginx-lua-prometheus/prometheus_resty_counter.lua from nginx-config-volume (rw,path="prometheus_resty_counter.lua")
      /usr/local/openresty/nginx/conf/nginx.conf from nginx-config-volume (rw,path="nginx.conf")
      /var/www/html from shared-files (rw)
  Volumes:
   shared-files:
    Type:       EmptyDir (a temporary directory that shares a pod's lifetime)
    Medium:     
    SizeLimit:  <unset>
   nginx-config-volume:
    Type:      ConfigMap (a volume populated by a ConfigMap)
    Name:      nginx-config-9dm8cm6k22
    Optional:  false
Conditions:
  Type           Status  Reason
  ----           ------  ------
  Available      True    MinimumReplicasAvailable
  Progressing    True    NewReplicaSetAvailable
OldReplicaSets:  <none>
NewReplicaSet:   kube-znn-68bd9d6b5b (1/1 replicas created)
Events:
  Type    Reason             Age   From                   Message
  ----    ------             ----  ----                   -------
  Normal  ScalingReplicaSet  5m9s  deployment-controller  Scaled up replica set kube-znn-68bd9d6b5b to 1
12/01/23 15:19:18 - K6 finishing -- Peak data.
Name:                   kube-znn
Namespace:              default
CreationTimestamp:      Fri, 01 Dec 2023 15:06:09 -0300
Labels:                 app=kube-znn
                        version=v1
Annotations:            deployment.kubernetes.io/revision: 5
Selector:               app=kube-znn,version=v1
Replicas:               6 desired | 3 updated | 8 total | 4 available | 4 unavailable
StrategyType:           RollingUpdate
MinReadySeconds:        0
RollingUpdateStrategy:  25% max unavailable, 25% max surge
Pod Template:
  Labels:       app=kube-znn
                version=v1
  Annotations:  prometheus.io/port: 9145
                prometheus.io/scrape: true
  Containers:
   znn:
    Image:      cmendes/znn:800k
    Port:       9000/TCP
    Host Port:  0/TCP
    Limits:
      cpu:     250m
      memory:  100Mi
    Environment:
      DB_HOST:  kube-znn-db
      DB_NAME:  znn
      DB_PASS:  znn_pass
    Mounts:
      /var/www/html from shared-files (rw)
   nginx:
    Image:        openresty/openresty:alpine-fat
    Ports:        80/TCP, 9145/TCP
    Host Ports:   0/TCP, 0/TCP
    Liveness:     http-get http://:80/liveness.php delay=0s timeout=1s period=10s #success=1 #failure=3
    Readiness:    http-get http://:80/readiness.php delay=0s timeout=1s period=10s #success=1 #failure=3
    Environment:  <none>
    Mounts:
      /etc/nginx/nginx-lua-prometheus/prometheus.lua from nginx-config-volume (rw,path="prometheus.lua")
      /etc/nginx/nginx-lua-prometheus/prometheus_keys.lua from nginx-config-volume (rw,path="prometheus_keys.lua")
      /etc/nginx/nginx-lua-prometheus/prometheus_resty_counter.lua from nginx-config-volume (rw,path="prometheus_resty_counter.lua")
      /usr/local/openresty/nginx/conf/nginx.conf from nginx-config-volume (rw,path="nginx.conf")
      /var/www/html from shared-files (rw)
  Volumes:
   shared-files:
    Type:       EmptyDir (a temporary directory that shares a pod's lifetime)
    Medium:     
    SizeLimit:  <unset>
   nginx-config-volume:
    Type:      ConfigMap (a volume populated by a ConfigMap)
    Name:      nginx-config-9dm8cm6k22
    Optional:  false
Conditions:
  Type           Status  Reason
  ----           ------  ------
  Available      False   MinimumReplicasUnavailable
  Progressing    True    ReplicaSetUpdated
OldReplicaSets:  kube-znn-7995d9b499 (2/2 replicas created), kube-znn-86cccc748b (3/3 replicas created)
NewReplicaSet:   kube-znn-68bd9d6b5b (3/3 replicas created)
Events:
  Type    Reason             Age                     From                   Message
  ----    ------             ----                    ----                   -------
  Normal  ScalingReplicaSet  13m                     deployment-controller  Scaled up replica set kube-znn-68bd9d6b5b to 1
  Normal  ScalingReplicaSet  7m48s                   deployment-controller  Scaled up replica set kube-znn-68bd9d6b5b to 2
  Normal  ScalingReplicaSet  7m40s                   deployment-controller  Scaled up replica set kube-znn-68bd9d6b5b to 3
  Normal  ScalingReplicaSet  7m30s                   deployment-controller  Scaled up replica set kube-znn-68bd9d6b5b to 4
  Normal  ScalingReplicaSet  7m20s                   deployment-controller  Scaled up replica set kube-znn-68bd9d6b5b to 5
  Normal  ScalingReplicaSet  7m15s                   deployment-controller  Scaled up replica set kube-znn-68bd9d6b5b to 6
  Normal  ScalingReplicaSet  7m10s                   deployment-controller  Scaled up replica set kube-znn-68bd9d6b5b to 7
  Normal  ScalingReplicaSet  7m5s                    deployment-controller  Scaled up replica set kube-znn-68bd9d6b5b to 8
  Normal  ScalingReplicaSet  7m                      deployment-controller  Scaled up replica set kube-znn-68bd9d6b5b to 9
  Normal  ScalingReplicaSet  4m29s (x17 over 6m55s)  deployment-controller  (combined from similar events): Scaled down replica set kube-znn-7995d9b499 to 2
12/01/23 15:27:18 - K6 finised after unload -- Final data.
Name:                   kube-znn
Namespace:              default
CreationTimestamp:      Fri, 01 Dec 2023 15:06:09 -0300
Labels:                 app=kube-znn
                        version=v1
Annotations:            deployment.kubernetes.io/revision: 5
Selector:               app=kube-znn,version=v1
Replicas:               7 desired | 3 updated | 9 total | 4 available | 5 unavailable
StrategyType:           RollingUpdate
MinReadySeconds:        0
RollingUpdateStrategy:  25% max unavailable, 25% max surge
Pod Template:
  Labels:       app=kube-znn
                version=v1
  Annotations:  prometheus.io/port: 9145
                prometheus.io/scrape: true
  Containers:
   znn:
    Image:      cmendes/znn:800k
    Port:       9000/TCP
    Host Port:  0/TCP
    Limits:
      cpu:     250m
      memory:  100Mi
    Environment:
      DB_HOST:  kube-znn-db
      DB_NAME:  znn
      DB_PASS:  znn_pass
    Mounts:
      /var/www/html from shared-files (rw)
   nginx:
    Image:        openresty/openresty:alpine-fat
    Ports:        80/TCP, 9145/TCP
    Host Ports:   0/TCP, 0/TCP
    Liveness:     http-get http://:80/liveness.php delay=0s timeout=1s period=10s #success=1 #failure=3
    Readiness:    http-get http://:80/readiness.php delay=0s timeout=1s period=10s #success=1 #failure=3
    Environment:  <none>
    Mounts:
      /etc/nginx/nginx-lua-prometheus/prometheus.lua from nginx-config-volume (rw,path="prometheus.lua")
      /etc/nginx/nginx-lua-prometheus/prometheus_keys.lua from nginx-config-volume (rw,path="prometheus_keys.lua")
      /etc/nginx/nginx-lua-prometheus/prometheus_resty_counter.lua from nginx-config-volume (rw,path="prometheus_resty_counter.lua")
      /usr/local/openresty/nginx/conf/nginx.conf from nginx-config-volume (rw,path="nginx.conf")
      /var/www/html from shared-files (rw)
  Volumes:
   shared-files:
    Type:       EmptyDir (a temporary directory that shares a pod's lifetime)
    Medium:     
    SizeLimit:  <unset>
   nginx-config-volume:
    Type:      ConfigMap (a volume populated by a ConfigMap)
    Name:      nginx-config-9dm8cm6k22
    Optional:  false
Conditions:
  Type           Status  Reason
  ----           ------  ------
  Available      False   MinimumReplicasUnavailable
  Progressing    False   ProgressDeadlineExceeded
OldReplicaSets:  kube-znn-7995d9b499 (2/2 replicas created), kube-znn-86cccc748b (4/4 replicas created)
NewReplicaSet:   kube-znn-68bd9d6b5b (3/3 replicas created)
Events:
  Type    Reason             Age                 From                   Message
  ----    ------             ----                ----                   -------
  Normal  ScalingReplicaSet  21m                 deployment-controller  Scaled up replica set kube-znn-68bd9d6b5b to 1
  Normal  ScalingReplicaSet  15m                 deployment-controller  Scaled up replica set kube-znn-68bd9d6b5b to 2
  Normal  ScalingReplicaSet  15m                 deployment-controller  Scaled up replica set kube-znn-68bd9d6b5b to 3
  Normal  ScalingReplicaSet  15m                 deployment-controller  Scaled up replica set kube-znn-68bd9d6b5b to 4
  Normal  ScalingReplicaSet  15m                 deployment-controller  Scaled up replica set kube-znn-68bd9d6b5b to 5
  Normal  ScalingReplicaSet  15m                 deployment-controller  Scaled up replica set kube-znn-68bd9d6b5b to 6
  Normal  ScalingReplicaSet  15m                 deployment-controller  Scaled up replica set kube-znn-68bd9d6b5b to 7
  Normal  ScalingReplicaSet  15m                 deployment-controller  Scaled up replica set kube-znn-68bd9d6b5b to 8
  Normal  ScalingReplicaSet  15m                 deployment-controller  Scaled up replica set kube-znn-68bd9d6b5b to 9
  Normal  ScalingReplicaSet  12m (x17 over 14m)  deployment-controller  (combined from similar events): Scaled down replica set kube-znn-7995d9b499 to 2
  Normal  ScalingReplicaSet  61s                 deployment-controller  Scaled up replica set kube-znn-86cccc748b to 4
NAME       READY   UP-TO-DATE   AVAILABLE   AGE
kube-znn   4/7     3            4           21m
NAME                                   READY   STATUS      RESTARTS   AGE
failuremanager-ccc6cc495-sfjkp         1/1     Running     0          21m
failuremonitor-68dd6cfd46-tpkxj        1/1     Running     0          20m
fidelitya-64ccf4dc6b-9g96j             1/1     Running     0          12m
grafana-65787bb97f-6gjkb               1/1     Running     0          21m
k6-c8wqr                               0/1     Completed   0          16m
kube-state-metrics-d4dff4b7c-6sb96     1/1     Running     0          21m
kube-znn-68bd9d6b5b-6lh94              0/2     Pending     0          11m
kube-znn-68bd9d6b5b-h2j6b              0/2     Pending     0          11m
kube-znn-68bd9d6b5b-trrbh              0/2     Pending     0          11m
kube-znn-7995d9b499-gtjc8              2/2     Running     0          12m
kube-znn-7995d9b499-lg6nc              2/2     Running     0          12m
kube-znn-86cccc748b-8vdnk              0/2     Pending     0          61s
kube-znn-86cccc748b-qbbm8              2/2     Running     0          12m
kube-znn-86cccc748b-vsflx              2/2     Running     0          12m
kube-znn-86cccc748b-w7jvf              0/2     Pending     0          12m
kube-znn-db-6cc48797cf-pwmfn           1/1     Running     0          21m
metacontroller-kubow-87d7f9fbb-44rf9   1/1     Running     0          20m
nginx-ingress-8558d96667-b69vz         1/1     Running     0          21m
prometheus-ffc965799-mk8xn             1/1     Running     0          21m
scalabilitya-c88d49c44-tdrc7           1/1     Running     0          12m
Name:                   kube-znn
Namespace:              default
CreationTimestamp:      Fri, 01 Dec 2023 15:06:09 -0300
Labels:                 app=kube-znn
                        version=v1
Annotations:            deployment.kubernetes.io/revision: 5
Selector:               app=kube-znn,version=v1
Replicas:               8 desired | 4 updated | 10 total | 4 available | 6 unavailable
StrategyType:           RollingUpdate
MinReadySeconds:        0
RollingUpdateStrategy:  25% max unavailable, 25% max surge
Pod Template:
  Labels:       app=kube-znn
                version=v1
  Annotations:  prometheus.io/port: 9145
                prometheus.io/scrape: true
  Containers:
   znn:
    Image:      cmendes/znn:800k
    Port:       9000/TCP
    Host Port:  0/TCP
    Limits:
      cpu:     250m
      memory:  100Mi
    Environment:
      DB_HOST:  kube-znn-db
      DB_NAME:  znn
      DB_PASS:  znn_pass
    Mounts:
      /var/www/html from shared-files (rw)
   nginx:
    Image:        openresty/openresty:alpine-fat
    Ports:        80/TCP, 9145/TCP
    Host Ports:   0/TCP, 0/TCP
    Liveness:     http-get http://:80/liveness.php delay=0s timeout=1s period=10s #success=1 #failure=3
    Readiness:    http-get http://:80/readiness.php delay=0s timeout=1s period=10s #success=1 #failure=3
    Environment:  <none>
    Mounts:
      /etc/nginx/nginx-lua-prometheus/prometheus.lua from nginx-config-volume (rw,path="prometheus.lua")
      /etc/nginx/nginx-lua-prometheus/prometheus_keys.lua from nginx-config-volume (rw,path="prometheus_keys.lua")
      /etc/nginx/nginx-lua-prometheus/prometheus_resty_counter.lua from nginx-config-volume (rw,path="prometheus_resty_counter.lua")
      /usr/local/openresty/nginx/conf/nginx.conf from nginx-config-volume (rw,path="nginx.conf")
      /var/www/html from shared-files (rw)
  Volumes:
   shared-files:
    Type:       EmptyDir (a temporary directory that shares a pod's lifetime)
    Medium:     
    SizeLimit:  <unset>
   nginx-config-volume:
    Type:      ConfigMap (a volume populated by a ConfigMap)
    Name:      nginx-config-9dm8cm6k22
    Optional:  false
Conditions:
  Type           Status  Reason
  ----           ------  ------
  Available      False   MinimumReplicasUnavailable
  Progressing    True    ReplicaSetUpdated
OldReplicaSets:  kube-znn-7995d9b499 (2/2 replicas created), kube-znn-86cccc748b (4/4 replicas created)
NewReplicaSet:   kube-znn-68bd9d6b5b (4/4 replicas created)
Events:
  Type    Reason             Age                  From                   Message
  ----    ------             ----                 ----                   -------
  Normal  ScalingReplicaSet  41m                  deployment-controller  Scaled up replica set kube-znn-68bd9d6b5b to 1
  Normal  ScalingReplicaSet  35m                  deployment-controller  Scaled up replica set kube-znn-68bd9d6b5b to 2
  Normal  ScalingReplicaSet  35m                  deployment-controller  Scaled up replica set kube-znn-68bd9d6b5b to 3
  Normal  ScalingReplicaSet  35m                  deployment-controller  Scaled up replica set kube-znn-68bd9d6b5b to 5
  Normal  ScalingReplicaSet  35m                  deployment-controller  Scaled up replica set kube-znn-68bd9d6b5b to 6
  Normal  ScalingReplicaSet  35m                  deployment-controller  Scaled up replica set kube-znn-68bd9d6b5b to 7
  Normal  ScalingReplicaSet  35m                  deployment-controller  Scaled up replica set kube-znn-68bd9d6b5b to 8
  Normal  ScalingReplicaSet  35m                  deployment-controller  Scaled up replica set kube-znn-68bd9d6b5b to 9
  Normal  ScalingReplicaSet  32m (x17 over 34m)   deployment-controller  (combined from similar events): Scaled down replica set kube-znn-7995d9b499 to 2
  Normal  ScalingReplicaSet  21m                  deployment-controller  Scaled up replica set kube-znn-86cccc748b to 4
  Normal  ScalingReplicaSet  9m46s (x2 over 35m)  deployment-controller  Scaled up replica set kube-znn-68bd9d6b5b to 4
  Normal  ScalingReplicaSet  9m46s                deployment-controller  Scaled up replica set kube-znn-86cccc748b to 5
  Normal  ScalingReplicaSet  9m46s                deployment-controller  Scaled down replica set kube-znn-86cccc748b to 4
NAME       READY   UP-TO-DATE   AVAILABLE   AGE
kube-znn   4/8     4            4           41m
NAME                                   READY   STATUS      RESTARTS   AGE
failuremanager-ccc6cc495-sfjkp         1/1     Running     0          41m
failuremonitor-68dd6cfd46-tpkxj        1/1     Running     0          40m
fidelitya-64ccf4dc6b-9g96j             1/1     Running     0          32m
grafana-65787bb97f-6gjkb               1/1     Running     0          41m
k6-c8wqr                               0/1     Completed   0          36m
kube-state-metrics-d4dff4b7c-6sb96     1/1     Running     0          41m
kube-znn-68bd9d6b5b-6lh94              0/2     Pending     0          31m
kube-znn-68bd9d6b5b-h2j6b              0/2     Pending     0          31m
kube-znn-68bd9d6b5b-ntkch              0/2     Pending     0          9m46s
kube-znn-68bd9d6b5b-trrbh              0/2     Pending     0          31m
kube-znn-7995d9b499-gtjc8              2/2     Running     0          32m
kube-znn-7995d9b499-lg6nc              2/2     Running     0          32m
kube-znn-86cccc748b-8vdnk              0/2     Pending     0          21m
kube-znn-86cccc748b-qbbm8              2/2     Running     0          32m
kube-znn-86cccc748b-vsflx              2/2     Running     0          32m
kube-znn-86cccc748b-w7jvf              0/2     Pending     0          32m
kube-znn-db-6cc48797cf-pwmfn           1/1     Running     0          41m
metacontroller-kubow-87d7f9fbb-44rf9   1/1     Running     0          40m
nginx-ingress-8558d96667-b69vz         1/1     Running     0          41m
prometheus-ffc965799-mk8xn             1/1     Running     0          41m
scalabilitya-c88d49c44-tdrc7           1/1     Running     0          32m
