11/28/23 10:35:42 - Generating 8 times. 
11/28/23 10:38:42 - Deployments performed.
11/28/23 10:45:20 - K6 deployed.
11/28/23 10:45:33 - K6 running -- Initial data.
Name:                   kube-znn
Namespace:              default
CreationTimestamp:      Tue, 28 Nov 2023 10:38:32 -0300
Labels:                 app=kube-znn
                        version=v1
Annotations:            deployment.kubernetes.io/revision: 1
Selector:               app=kube-znn,version=v1
Replicas:               1 desired | 1 updated | 1 total | 1 available | 0 unavailable
StrategyType:           RollingUpdate
MinReadySeconds:        0
RollingUpdateStrategy:  25% max unavailable, 25% max surge
Pod Template:
  Labels:       app=kube-znn
                version=v1
  Annotations:  prometheus.io/port: 9145
                prometheus.io/scrape: true
  Containers:
   znn:
    Image:      cmendes/znn:800k
    Port:       9000/TCP
    Host Port:  0/TCP
    Limits:
      cpu:     250m
      memory:  100Mi
    Environment:
      DB_HOST:  kube-znn-db
      DB_NAME:  znn
      DB_PASS:  znn_pass
    Mounts:
      /var/www/html from shared-files (rw)
   nginx:
    Image:        openresty/openresty:alpine-fat
    Ports:        80/TCP, 9145/TCP
    Host Ports:   0/TCP, 0/TCP
    Liveness:     http-get http://:80/liveness.php delay=0s timeout=1s period=10s #success=1 #failure=3
    Readiness:    http-get http://:80/readiness.php delay=0s timeout=1s period=10s #success=1 #failure=3
    Environment:  <none>
    Mounts:
      /etc/nginx/nginx-lua-prometheus/prometheus.lua from nginx-config-volume (rw,path="prometheus.lua")
      /etc/nginx/nginx-lua-prometheus/prometheus_keys.lua from nginx-config-volume (rw,path="prometheus_keys.lua")
      /etc/nginx/nginx-lua-prometheus/prometheus_resty_counter.lua from nginx-config-volume (rw,path="prometheus_resty_counter.lua")
      /usr/local/openresty/nginx/conf/nginx.conf from nginx-config-volume (rw,path="nginx.conf")
      /var/www/html from shared-files (rw)
  Volumes:
   shared-files:
    Type:       EmptyDir (a temporary directory that shares a pod's lifetime)
    Medium:     
    SizeLimit:  <unset>
   nginx-config-volume:
    Type:      ConfigMap (a volume populated by a ConfigMap)
    Name:      nginx-config-9dm8cm6k22
    Optional:  false
Conditions:
  Type           Status  Reason
  ----           ------  ------
  Available      True    MinimumReplicasAvailable
  Progressing    True    NewReplicaSetAvailable
OldReplicaSets:  <none>
NewReplicaSet:   kube-znn-68bd9d6b5b (1/1 replicas created)
Events:
  Type    Reason             Age   From                   Message
  ----    ------             ----  ----                   -------
  Normal  ScalingReplicaSet  7m1s  deployment-controller  Scaled up replica set kube-znn-68bd9d6b5b to 1
11/28/23 10:53:33 - K6 finishing -- Peak data.
Name:                   kube-znn
Namespace:              default
CreationTimestamp:      Tue, 28 Nov 2023 10:38:32 -0300
Labels:                 app=kube-znn
                        version=v1
Annotations:            deployment.kubernetes.io/revision: 145
Selector:               app=kube-znn,version=v1
Replicas:               10 desired | 5 updated | 13 total | 8 available | 5 unavailable
StrategyType:           RollingUpdate
MinReadySeconds:        0
RollingUpdateStrategy:  25% max unavailable, 25% max surge
Pod Template:
  Labels:       app=kube-znn
                version=v1
  Annotations:  prometheus.io/port: 9145
                prometheus.io/scrape: true
  Containers:
   znn:
    Image:      cmendes/znn:400k
    Port:       9000/TCP
    Host Port:  0/TCP
    Limits:
      cpu:     250m
      memory:  100Mi
    Environment:
      DB_HOST:  kube-znn-db
      DB_NAME:  znn
      DB_PASS:  znn_pass
    Mounts:
      /var/www/html from shared-files (rw)
   nginx:
    Image:        openresty/openresty:alpine-fat
    Ports:        80/TCP, 9145/TCP
    Host Ports:   0/TCP, 0/TCP
    Liveness:     http-get http://:80/liveness.php delay=0s timeout=1s period=10s #success=1 #failure=3
    Readiness:    http-get http://:80/readiness.php delay=0s timeout=1s period=10s #success=1 #failure=3
    Environment:  <none>
    Mounts:
      /etc/nginx/nginx-lua-prometheus/prometheus.lua from nginx-config-volume (rw,path="prometheus.lua")
      /etc/nginx/nginx-lua-prometheus/prometheus_keys.lua from nginx-config-volume (rw,path="prometheus_keys.lua")
      /etc/nginx/nginx-lua-prometheus/prometheus_resty_counter.lua from nginx-config-volume (rw,path="prometheus_resty_counter.lua")
      /usr/local/openresty/nginx/conf/nginx.conf from nginx-config-volume (rw,path="nginx.conf")
      /var/www/html from shared-files (rw)
  Volumes:
   shared-files:
    Type:       EmptyDir (a temporary directory that shares a pod's lifetime)
    Medium:     
    SizeLimit:  <unset>
   nginx-config-volume:
    Type:      ConfigMap (a volume populated by a ConfigMap)
    Name:      nginx-config-9dm8cm6k22
    Optional:  false
Conditions:
  Type           Status  Reason
  ----           ------  ------
  Available      True    MinimumReplicasAvailable
  Progressing    True    ReplicaSetUpdated
OldReplicaSets:  kube-znn-68bd9d6b5b (4/4 replicas created), kube-znn-7cbbf89f8 (4/4 replicas created)
NewReplicaSet:   kube-znn-68dbbf8bbd (5/5 replicas created)
Events:
  Type    Reason             Age                     From                   Message
  ----    ------             ----                    ----                   -------
  Normal  ScalingReplicaSet  15m                     deployment-controller  Scaled up replica set kube-znn-68bd9d6b5b to 1
  Normal  ScalingReplicaSet  7m54s                   deployment-controller  Scaled up replica set kube-znn-68bd9d6b5b to 2
  Normal  ScalingReplicaSet  7m51s                   deployment-controller  Scaled up replica set kube-znn-68bd9d6b5b to 3
  Normal  ScalingReplicaSet  7m46s                   deployment-controller  Scaled up replica set kube-znn-68bd9d6b5b to 4
  Normal  ScalingReplicaSet  7m41s                   deployment-controller  Scaled up replica set kube-znn-68bd9d6b5b to 5
  Normal  ScalingReplicaSet  7m36s                   deployment-controller  Scaled up replica set kube-znn-68bd9d6b5b to 6
  Normal  ScalingReplicaSet  7m31s                   deployment-controller  Scaled up replica set kube-znn-68bd9d6b5b to 7
  Normal  ScalingReplicaSet  7m26s                   deployment-controller  Scaled up replica set kube-znn-68bd9d6b5b to 8
  Normal  ScalingReplicaSet  7m21s                   deployment-controller  Scaled up replica set kube-znn-68bd9d6b5b to 9
  Normal  ScalingReplicaSet  5m50s (x11 over 7m16s)  deployment-controller  (combined from similar events): Scaled up replica set kube-znn-7cbbf89f8 to 8
  Normal  ScalingReplicaSet  5m49s (x2 over 5m55s)   deployment-controller  Scaled down replica set kube-znn-7cbbf89f8 to 4
  Normal  ScalingReplicaSet  5m49s (x2 over 5m54s)   deployment-controller  Scaled up replica set kube-znn-68dbbf8bbd to 5
  Normal  ScalingReplicaSet  5m45s                   deployment-controller  Scaled down replica set kube-znn-68dbbf8bbd to 1
  Normal  ScalingReplicaSet  5m45s                   deployment-controller  Scaled up replica set kube-znn-7cbbf89f8 to 8
  Normal  ScalingReplicaSet  2m50s (x34 over 5m35s)  deployment-controller  Scaled down replica set kube-znn-68dbbf8bbd to 0
11/28/23 11:01:33 - K6 finised after unload -- Final data.
Name:                   kube-znn
Namespace:              default
CreationTimestamp:      Tue, 28 Nov 2023 10:38:32 -0300
Labels:                 app=kube-znn
                        version=v1
Annotations:            deployment.kubernetes.io/revision: 191
Selector:               app=kube-znn,version=v1
Replicas:               1 desired | 1 updated | 1 total | 1 available | 0 unavailable
StrategyType:           RollingUpdate
MinReadySeconds:        0
RollingUpdateStrategy:  25% max unavailable, 25% max surge
Pod Template:
  Labels:       app=kube-znn
                version=v1
  Annotations:  prometheus.io/port: 9145
                prometheus.io/scrape: true
  Containers:
   znn:
    Image:      cmendes/znn:200k
    Port:       9000/TCP
    Host Port:  0/TCP
    Limits:
      cpu:     250m
      memory:  100Mi
    Environment:
      DB_HOST:  kube-znn-db
      DB_NAME:  znn
      DB_PASS:  znn_pass
    Mounts:
      /var/www/html from shared-files (rw)
   nginx:
    Image:        openresty/openresty:alpine-fat
    Ports:        80/TCP, 9145/TCP
    Host Ports:   0/TCP, 0/TCP
    Liveness:     http-get http://:80/liveness.php delay=0s timeout=1s period=10s #success=1 #failure=3
    Readiness:    http-get http://:80/readiness.php delay=0s timeout=1s period=10s #success=1 #failure=3
    Environment:  <none>
    Mounts:
      /etc/nginx/nginx-lua-prometheus/prometheus.lua from nginx-config-volume (rw,path="prometheus.lua")
      /etc/nginx/nginx-lua-prometheus/prometheus_keys.lua from nginx-config-volume (rw,path="prometheus_keys.lua")
      /etc/nginx/nginx-lua-prometheus/prometheus_resty_counter.lua from nginx-config-volume (rw,path="prometheus_resty_counter.lua")
      /usr/local/openresty/nginx/conf/nginx.conf from nginx-config-volume (rw,path="nginx.conf")
      /var/www/html from shared-files (rw)
  Volumes:
   shared-files:
    Type:       EmptyDir (a temporary directory that shares a pod's lifetime)
    Medium:     
    SizeLimit:  <unset>
   nginx-config-volume:
    Type:      ConfigMap (a volume populated by a ConfigMap)
    Name:      nginx-config-9dm8cm6k22
    Optional:  false
Conditions:
  Type           Status  Reason
  ----           ------  ------
  Available      True    MinimumReplicasAvailable
  Progressing    True    NewReplicaSetAvailable
OldReplicaSets:  <none>
NewReplicaSet:   kube-znn-86cccc748b (1/1 replicas created)
Events:
  Type    Reason             Age                   From                   Message
  ----    ------             ----                  ----                   -------
  Normal  ScalingReplicaSet  23m                   deployment-controller  Scaled up replica set kube-znn-68bd9d6b5b to 1
  Normal  ScalingReplicaSet  15m                   deployment-controller  Scaled up replica set kube-znn-68bd9d6b5b to 2
  Normal  ScalingReplicaSet  15m                   deployment-controller  Scaled up replica set kube-znn-68bd9d6b5b to 3
  Normal  ScalingReplicaSet  15m                   deployment-controller  Scaled up replica set kube-znn-68bd9d6b5b to 4
  Normal  ScalingReplicaSet  15m                   deployment-controller  Scaled up replica set kube-znn-68bd9d6b5b to 5
  Normal  ScalingReplicaSet  15m                   deployment-controller  Scaled up replica set kube-znn-68bd9d6b5b to 6
  Normal  ScalingReplicaSet  15m                   deployment-controller  Scaled up replica set kube-znn-68bd9d6b5b to 7
  Normal  ScalingReplicaSet  15m                   deployment-controller  Scaled up replica set kube-znn-68bd9d6b5b to 8
  Normal  ScalingReplicaSet  15m                   deployment-controller  Scaled up replica set kube-znn-68bd9d6b5b to 9
  Normal  ScalingReplicaSet  13m (x2 over 13m)     deployment-controller  Scaled down replica set kube-znn-7cbbf89f8 to 4
  Normal  ScalingReplicaSet  13m (x2 over 13m)     deployment-controller  Scaled up replica set kube-znn-68dbbf8bbd to 5
  Normal  ScalingReplicaSet  13m                   deployment-controller  Scaled down replica set kube-znn-68dbbf8bbd to 1
  Normal  ScalingReplicaSet  13m                   deployment-controller  Scaled up replica set kube-znn-7cbbf89f8 to 8
  Normal  ScalingReplicaSet  10m (x34 over 13m)    deployment-controller  Scaled down replica set kube-znn-68dbbf8bbd to 0
  Normal  ScalingReplicaSet  5m44s (x34 over 15m)  deployment-controller  (combined from similar events): Scaled up replica set kube-znn-86cccc748b to 1
  Normal  ScalingReplicaSet  25s (x14 over 5m)     deployment-controller  Scaled up replica set kube-znn-7995d9b499 to 1
NAME       READY   UP-TO-DATE   AVAILABLE   AGE
kube-znn   1/1     1            1           23m
NAME                                 READY   STATUS      RESTARTS   AGE
failuremanager-ccc6cc495-ppbgk       1/1     Running     0          22m
failuremonitor-68dd6cfd46-xfsn5      1/1     Running     0          22m
fidelityb-869b77676d-p4rkv           1/1     Running     0          7m35s
grafana-65787bb97f-n6kfp             1/1     Running     0          23m
k6-5g5l2                             0/1     Completed   0          16m
kube-state-metrics-d4dff4b7c-sw8cq   1/1     Running     0          23m
kube-znn-86cccc748b-jw2km            2/2     Running     0          5m39s
kube-znn-db-6cc48797cf-f472l         1/1     Running     0          23m
nginx-ingress-8558d96667-jj6ck       1/1     Running     0          23m
prometheus-ffc965799-7k8rz           1/1     Running     0          23m
scalabilityb-86466b859b-zfdwn        1/1     Running     0          14m
Name:                   kube-znn
Namespace:              default
CreationTimestamp:      Tue, 28 Nov 2023 10:38:32 -0300
Labels:                 app=kube-znn
                        version=v1
Annotations:            deployment.kubernetes.io/revision: 305
Selector:               app=kube-znn,version=v1
Replicas:               1 desired | 1 updated | 1 total | 1 available | 0 unavailable
StrategyType:           RollingUpdate
MinReadySeconds:        0
RollingUpdateStrategy:  25% max unavailable, 25% max surge
Pod Template:
  Labels:       app=kube-znn
                version=v1
  Annotations:  prometheus.io/port: 9145
                prometheus.io/scrape: true
  Containers:
   znn:
    Image:      cmendes/znn:200k
    Port:       9000/TCP
    Host Port:  0/TCP
    Limits:
      cpu:     250m
      memory:  100Mi
    Environment:
      DB_HOST:  kube-znn-db
      DB_NAME:  znn
      DB_PASS:  znn_pass
    Mounts:
      /var/www/html from shared-files (rw)
   nginx:
    Image:        openresty/openresty:alpine-fat
    Ports:        80/TCP, 9145/TCP
    Host Ports:   0/TCP, 0/TCP
    Liveness:     http-get http://:80/liveness.php delay=0s timeout=1s period=10s #success=1 #failure=3
    Readiness:    http-get http://:80/readiness.php delay=0s timeout=1s period=10s #success=1 #failure=3
    Environment:  <none>
    Mounts:
      /etc/nginx/nginx-lua-prometheus/prometheus.lua from nginx-config-volume (rw,path="prometheus.lua")
      /etc/nginx/nginx-lua-prometheus/prometheus_keys.lua from nginx-config-volume (rw,path="prometheus_keys.lua")
      /etc/nginx/nginx-lua-prometheus/prometheus_resty_counter.lua from nginx-config-volume (rw,path="prometheus_resty_counter.lua")
      /usr/local/openresty/nginx/conf/nginx.conf from nginx-config-volume (rw,path="nginx.conf")
      /var/www/html from shared-files (rw)
  Volumes:
   shared-files:
    Type:       EmptyDir (a temporary directory that shares a pod's lifetime)
    Medium:     
    SizeLimit:  <unset>
   nginx-config-volume:
    Type:      ConfigMap (a volume populated by a ConfigMap)
    Name:      nginx-config-9dm8cm6k22
    Optional:  false
Conditions:
  Type           Status  Reason
  ----           ------  ------
  Available      True    MinimumReplicasAvailable
  Progressing    True    NewReplicaSetAvailable
OldReplicaSets:  <none>
NewReplicaSet:   kube-znn-86cccc748b (1/1 replicas created)
Events:
  Type    Reason             Age                 From                   Message
  ----    ------             ----                ----                   -------
  Normal  ScalingReplicaSet  43m                 deployment-controller  Scaled up replica set kube-znn-68bd9d6b5b to 1
  Normal  ScalingReplicaSet  35m                 deployment-controller  Scaled up replica set kube-znn-68bd9d6b5b to 2
  Normal  ScalingReplicaSet  35m                 deployment-controller  Scaled up replica set kube-znn-68bd9d6b5b to 3
  Normal  ScalingReplicaSet  35m                 deployment-controller  Scaled up replica set kube-znn-68bd9d6b5b to 4
  Normal  ScalingReplicaSet  35m                 deployment-controller  Scaled up replica set kube-znn-68bd9d6b5b to 5
  Normal  ScalingReplicaSet  35m                 deployment-controller  Scaled up replica set kube-znn-68bd9d6b5b to 6
  Normal  ScalingReplicaSet  35m                 deployment-controller  Scaled up replica set kube-znn-68bd9d6b5b to 7
  Normal  ScalingReplicaSet  35m                 deployment-controller  Scaled up replica set kube-znn-68bd9d6b5b to 8
  Normal  ScalingReplicaSet  35m                 deployment-controller  Scaled up replica set kube-znn-68bd9d6b5b to 9
  Normal  ScalingReplicaSet  33m (x2 over 33m)   deployment-controller  Scaled down replica set kube-znn-7cbbf89f8 to 4
  Normal  ScalingReplicaSet  33m (x2 over 33m)   deployment-controller  Scaled up replica set kube-znn-68dbbf8bbd to 5
  Normal  ScalingReplicaSet  33m                 deployment-controller  Scaled down replica set kube-znn-68dbbf8bbd to 1
  Normal  ScalingReplicaSet  33m                 deployment-controller  Scaled up replica set kube-znn-7cbbf89f8 to 8
  Normal  ScalingReplicaSet  30m (x34 over 33m)  deployment-controller  Scaled down replica set kube-znn-68dbbf8bbd to 0
  Normal  ScalingReplicaSet  25m (x34 over 35m)  deployment-controller  (combined from similar events): Scaled up replica set kube-znn-86cccc748b to 1
  Normal  ScalingReplicaSet  35s (x71 over 25m)  deployment-controller  Scaled up replica set kube-znn-7995d9b499 to 1
NAME       READY   UP-TO-DATE   AVAILABLE   AGE
kube-znn   1/1     1            1           43m
NAME                                 READY   STATUS        RESTARTS   AGE
failuremanager-ccc6cc495-ppbgk       1/1     Running       0          42m
failuremonitor-68dd6cfd46-xfsn5      1/1     Running       0          42m
fidelityb-869b77676d-p4rkv           1/1     Running       0          27m
grafana-65787bb97f-n6kfp             1/1     Running       0          43m
k6-5g5l2                             0/1     Completed     0          36m
kube-state-metrics-d4dff4b7c-sw8cq   1/1     Running       0          43m
kube-znn-7995d9b499-hxv98            0/2     Terminating   0          5s
kube-znn-86cccc748b-jw2km            2/2     Running       0          25m
kube-znn-db-6cc48797cf-f472l         1/1     Running       0          43m
nginx-ingress-8558d96667-jj6ck       1/1     Running       0          43m
prometheus-ffc965799-7k8rz           1/1     Running       0          43m
scalabilityb-86466b859b-zfdwn        1/1     Running       0          34m
