12/03/23 13:49:56 - Generating 6 times. 
12/03/23 13:52:43 - Deployments performed.
12/03/23 13:57:08 - K6 deployed.
12/03/23 13:57:18 - K6 running -- Initial data.
Name:                   kube-znn
Namespace:              default
CreationTimestamp:      Sun, 03 Dec 2023 13:52:35 -0300
Labels:                 app=kube-znn
                        version=v1
Annotations:            deployment.kubernetes.io/revision: 1
Selector:               app=kube-znn,version=v1
Replicas:               1 desired | 1 updated | 1 total | 1 available | 0 unavailable
StrategyType:           RollingUpdate
MinReadySeconds:        0
RollingUpdateStrategy:  25% max unavailable, 25% max surge
Pod Template:
  Labels:       app=kube-znn
                version=v1
  Annotations:  prometheus.io/port: 9145
                prometheus.io/scrape: true
  Containers:
   znn:
    Image:      cmendes/znn:800k
    Port:       9000/TCP
    Host Port:  0/TCP
    Limits:
      cpu:     250m
      memory:  100Mi
    Environment:
      DB_HOST:  kube-znn-db
      DB_NAME:  znn
      DB_PASS:  znn_pass
    Mounts:
      /var/www/html from shared-files (rw)
   nginx:
    Image:        openresty/openresty:alpine-fat
    Ports:        80/TCP, 9145/TCP
    Host Ports:   0/TCP, 0/TCP
    Liveness:     http-get http://:80/liveness.php delay=0s timeout=1s period=10s #success=1 #failure=3
    Readiness:    http-get http://:80/readiness.php delay=0s timeout=1s period=10s #success=1 #failure=3
    Environment:  <none>
    Mounts:
      /etc/nginx/nginx-lua-prometheus/prometheus.lua from nginx-config-volume (rw,path="prometheus.lua")
      /etc/nginx/nginx-lua-prometheus/prometheus_keys.lua from nginx-config-volume (rw,path="prometheus_keys.lua")
      /etc/nginx/nginx-lua-prometheus/prometheus_resty_counter.lua from nginx-config-volume (rw,path="prometheus_resty_counter.lua")
      /usr/local/openresty/nginx/conf/nginx.conf from nginx-config-volume (rw,path="nginx.conf")
      /var/www/html from shared-files (rw)
  Volumes:
   shared-files:
    Type:       EmptyDir (a temporary directory that shares a pod's lifetime)
    Medium:     
    SizeLimit:  <unset>
   nginx-config-volume:
    Type:      ConfigMap (a volume populated by a ConfigMap)
    Name:      nginx-config-9dm8cm6k22
    Optional:  false
Conditions:
  Type           Status  Reason
  ----           ------  ------
  Available      True    MinimumReplicasAvailable
  Progressing    True    NewReplicaSetAvailable
OldReplicaSets:  <none>
NewReplicaSet:   kube-znn-68bd9d6b5b (1/1 replicas created)
Events:
  Type    Reason             Age    From                   Message
  ----    ------             ----   ----                   -------
  Normal  ScalingReplicaSet  4m44s  deployment-controller  Scaled up replica set kube-znn-68bd9d6b5b to 1
12/03/23 14:05:19 - K6 finishing -- Peak data.
Name:                   kube-znn
Namespace:              default
CreationTimestamp:      Sun, 03 Dec 2023 13:52:35 -0300
Labels:                 app=kube-znn
                        version=v1
Annotations:            deployment.kubernetes.io/revision: 2
Selector:               app=kube-znn,version=v1
Replicas:               10 desired | 5 updated | 13 total | 8 available | 5 unavailable
StrategyType:           RollingUpdate
MinReadySeconds:        0
RollingUpdateStrategy:  25% max unavailable, 25% max surge
Pod Template:
  Labels:       app=kube-znn
                version=v1
  Annotations:  prometheus.io/port: 9145
                prometheus.io/scrape: true
  Containers:
   znn:
    Image:      cmendes/znn:600k
    Port:       9000/TCP
    Host Port:  0/TCP
    Limits:
      cpu:     250m
      memory:  100Mi
    Environment:
      DB_HOST:  kube-znn-db
      DB_NAME:  znn
      DB_PASS:  znn_pass
    Mounts:
      /var/www/html from shared-files (rw)
   nginx:
    Image:        openresty/openresty:alpine-fat
    Ports:        80/TCP, 9145/TCP
    Host Ports:   0/TCP, 0/TCP
    Liveness:     http-get http://:80/liveness.php delay=0s timeout=1s period=10s #success=1 #failure=3
    Readiness:    http-get http://:80/readiness.php delay=0s timeout=1s period=10s #success=1 #failure=3
    Environment:  <none>
    Mounts:
      /etc/nginx/nginx-lua-prometheus/prometheus.lua from nginx-config-volume (rw,path="prometheus.lua")
      /etc/nginx/nginx-lua-prometheus/prometheus_keys.lua from nginx-config-volume (rw,path="prometheus_keys.lua")
      /etc/nginx/nginx-lua-prometheus/prometheus_resty_counter.lua from nginx-config-volume (rw,path="prometheus_resty_counter.lua")
      /usr/local/openresty/nginx/conf/nginx.conf from nginx-config-volume (rw,path="nginx.conf")
      /var/www/html from shared-files (rw)
  Volumes:
   shared-files:
    Type:       EmptyDir (a temporary directory that shares a pod's lifetime)
    Medium:     
    SizeLimit:  <unset>
   nginx-config-volume:
    Type:      ConfigMap (a volume populated by a ConfigMap)
    Name:      nginx-config-9dm8cm6k22
    Optional:  false
Conditions:
  Type           Status  Reason
  ----           ------  ------
  Available      True    MinimumReplicasAvailable
  Progressing    True    ReplicaSetUpdated
OldReplicaSets:  kube-znn-68bd9d6b5b (8/8 replicas created)
NewReplicaSet:   kube-znn-7cbbf89f8 (5/5 replicas created)
Events:
  Type    Reason             Age                    From                   Message
  ----    ------             ----                   ----                   -------
  Normal  ScalingReplicaSet  12m                    deployment-controller  Scaled up replica set kube-znn-68bd9d6b5b to 1
  Normal  ScalingReplicaSet  7m51s                  deployment-controller  Scaled up replica set kube-znn-68bd9d6b5b to 2
  Normal  ScalingReplicaSet  7m42s                  deployment-controller  Scaled up replica set kube-znn-68bd9d6b5b to 3
  Normal  ScalingReplicaSet  7m32s                  deployment-controller  Scaled up replica set kube-znn-68bd9d6b5b to 4
  Normal  ScalingReplicaSet  7m22s                  deployment-controller  Scaled up replica set kube-znn-68bd9d6b5b to 5
  Normal  ScalingReplicaSet  7m13s                  deployment-controller  Scaled up replica set kube-znn-68bd9d6b5b to 6
  Normal  ScalingReplicaSet  7m8s                   deployment-controller  Scaled up replica set kube-znn-68bd9d6b5b to 7
  Normal  ScalingReplicaSet  7m2s                   deployment-controller  Scaled up replica set kube-znn-68bd9d6b5b to 8
  Normal  ScalingReplicaSet  6m53s                  deployment-controller  Scaled up replica set kube-znn-68bd9d6b5b to 9
  Normal  ScalingReplicaSet  6m41s (x4 over 6m48s)  deployment-controller  (combined from similar events): Scaled up replica set kube-znn-7cbbf89f8 to 5
12/03/23 14:13:19 - K6 finised after unload -- Final data.
Name:                   kube-znn
Namespace:              default
CreationTimestamp:      Sun, 03 Dec 2023 13:52:35 -0300
Labels:                 app=kube-znn
                        version=v1
Annotations:            deployment.kubernetes.io/revision: 2
Selector:               app=kube-znn,version=v1
Replicas:               10 desired | 5 updated | 13 total | 8 available | 5 unavailable
StrategyType:           RollingUpdate
MinReadySeconds:        0
RollingUpdateStrategy:  25% max unavailable, 25% max surge
Pod Template:
  Labels:       app=kube-znn
                version=v1
  Annotations:  prometheus.io/port: 9145
                prometheus.io/scrape: true
  Containers:
   znn:
    Image:      cmendes/znn:600k
    Port:       9000/TCP
    Host Port:  0/TCP
    Limits:
      cpu:     250m
      memory:  100Mi
    Environment:
      DB_HOST:  kube-znn-db
      DB_NAME:  znn
      DB_PASS:  znn_pass
    Mounts:
      /var/www/html from shared-files (rw)
   nginx:
    Image:        openresty/openresty:alpine-fat
    Ports:        80/TCP, 9145/TCP
    Host Ports:   0/TCP, 0/TCP
    Liveness:     http-get http://:80/liveness.php delay=0s timeout=1s period=10s #success=1 #failure=3
    Readiness:    http-get http://:80/readiness.php delay=0s timeout=1s period=10s #success=1 #failure=3
    Environment:  <none>
    Mounts:
      /etc/nginx/nginx-lua-prometheus/prometheus.lua from nginx-config-volume (rw,path="prometheus.lua")
      /etc/nginx/nginx-lua-prometheus/prometheus_keys.lua from nginx-config-volume (rw,path="prometheus_keys.lua")
      /etc/nginx/nginx-lua-prometheus/prometheus_resty_counter.lua from nginx-config-volume (rw,path="prometheus_resty_counter.lua")
      /usr/local/openresty/nginx/conf/nginx.conf from nginx-config-volume (rw,path="nginx.conf")
      /var/www/html from shared-files (rw)
  Volumes:
   shared-files:
    Type:       EmptyDir (a temporary directory that shares a pod's lifetime)
    Medium:     
    SizeLimit:  <unset>
   nginx-config-volume:
    Type:      ConfigMap (a volume populated by a ConfigMap)
    Name:      nginx-config-9dm8cm6k22
    Optional:  false
Conditions:
  Type           Status  Reason
  ----           ------  ------
  Available      True    MinimumReplicasAvailable
  Progressing    False   ProgressDeadlineExceeded
OldReplicaSets:  kube-znn-68bd9d6b5b (8/8 replicas created)
NewReplicaSet:   kube-znn-7cbbf89f8 (5/5 replicas created)
Events:
  Type    Reason             Age                From                   Message
  ----    ------             ----               ----                   -------
  Normal  ScalingReplicaSet  20m                deployment-controller  Scaled up replica set kube-znn-68bd9d6b5b to 1
  Normal  ScalingReplicaSet  15m                deployment-controller  Scaled up replica set kube-znn-68bd9d6b5b to 2
  Normal  ScalingReplicaSet  15m                deployment-controller  Scaled up replica set kube-znn-68bd9d6b5b to 3
  Normal  ScalingReplicaSet  15m                deployment-controller  Scaled up replica set kube-znn-68bd9d6b5b to 4
  Normal  ScalingReplicaSet  15m                deployment-controller  Scaled up replica set kube-znn-68bd9d6b5b to 5
  Normal  ScalingReplicaSet  15m                deployment-controller  Scaled up replica set kube-znn-68bd9d6b5b to 6
  Normal  ScalingReplicaSet  15m                deployment-controller  Scaled up replica set kube-znn-68bd9d6b5b to 7
  Normal  ScalingReplicaSet  15m                deployment-controller  Scaled up replica set kube-znn-68bd9d6b5b to 8
  Normal  ScalingReplicaSet  14m                deployment-controller  Scaled up replica set kube-znn-68bd9d6b5b to 9
  Normal  ScalingReplicaSet  14m (x4 over 14m)  deployment-controller  (combined from similar events): Scaled up replica set kube-znn-7cbbf89f8 to 5
NAME       READY   UP-TO-DATE   AVAILABLE   AGE
kube-znn   8/10    5            8           20m
NAME                                 READY   STATUS      RESTARTS   AGE
failuremanager-ccc6cc495-2lcst       1/1     Running     0          20m
failuremonitor-68dd6cfd46-x582k      1/1     Running     0          20m
fidelitya-747848d79-5b7hp            1/1     Running     0          20m
grafana-65787bb97f-dmg76             1/1     Running     0          20m
k6-fcm85                             0/1     Completed   0          16m
kube-state-metrics-d4dff4b7c-7vzd9   1/1     Running     0          20m
kube-znn-68bd9d6b5b-2s6kd            2/2     Running     0          20m
kube-znn-68bd9d6b5b-7nvk5            2/2     Running     0          15m
kube-znn-68bd9d6b5b-bjf2d            2/2     Running     0          15m
kube-znn-68bd9d6b5b-dhbvm            2/2     Running     0          15m
kube-znn-68bd9d6b5b-dw7r7            2/2     Running     0          15m
kube-znn-68bd9d6b5b-jjz46            2/2     Running     0          15m
kube-znn-68bd9d6b5b-kbt54            2/2     Running     0          15m
kube-znn-68bd9d6b5b-kmx4k            2/2     Running     0          15m
kube-znn-7cbbf89f8-c5dpj             0/2     Pending     0          14m
kube-znn-7cbbf89f8-k926j             0/2     Pending     0          14m
kube-znn-7cbbf89f8-mbj7q             0/2     Pending     0          14m
kube-znn-7cbbf89f8-rc45r             0/2     Pending     0          14m
kube-znn-7cbbf89f8-rr9z4             0/2     Pending     0          14m
kube-znn-db-6cc48797cf-2t42b         1/1     Running     0          20m
nginx-ingress-8558d96667-nv8zz       1/1     Running     0          20m
prometheus-ffc965799-5gfvk           1/1     Running     0          20m
scalabilitya-7c4746db74-fjcks        1/1     Running     0          20m
Name:                   kube-znn
Namespace:              default
CreationTimestamp:      Sun, 03 Dec 2023 13:52:35 -0300
Labels:                 app=kube-znn
                        version=v1
Annotations:            deployment.kubernetes.io/revision: 2
Selector:               app=kube-znn,version=v1
Replicas:               10 desired | 5 updated | 13 total | 8 available | 5 unavailable
StrategyType:           RollingUpdate
MinReadySeconds:        0
RollingUpdateStrategy:  25% max unavailable, 25% max surge
Pod Template:
  Labels:       app=kube-znn
                version=v1
  Annotations:  prometheus.io/port: 9145
                prometheus.io/scrape: true
  Containers:
   znn:
    Image:      cmendes/znn:600k
    Port:       9000/TCP
    Host Port:  0/TCP
    Limits:
      cpu:     250m
      memory:  100Mi
    Environment:
      DB_HOST:  kube-znn-db
      DB_NAME:  znn
      DB_PASS:  znn_pass
    Mounts:
      /var/www/html from shared-files (rw)
   nginx:
    Image:        openresty/openresty:alpine-fat
    Ports:        80/TCP, 9145/TCP
    Host Ports:   0/TCP, 0/TCP
    Liveness:     http-get http://:80/liveness.php delay=0s timeout=1s period=10s #success=1 #failure=3
    Readiness:    http-get http://:80/readiness.php delay=0s timeout=1s period=10s #success=1 #failure=3
    Environment:  <none>
    Mounts:
      /etc/nginx/nginx-lua-prometheus/prometheus.lua from nginx-config-volume (rw,path="prometheus.lua")
      /etc/nginx/nginx-lua-prometheus/prometheus_keys.lua from nginx-config-volume (rw,path="prometheus_keys.lua")
      /etc/nginx/nginx-lua-prometheus/prometheus_resty_counter.lua from nginx-config-volume (rw,path="prometheus_resty_counter.lua")
      /usr/local/openresty/nginx/conf/nginx.conf from nginx-config-volume (rw,path="nginx.conf")
      /var/www/html from shared-files (rw)
  Volumes:
   shared-files:
    Type:       EmptyDir (a temporary directory that shares a pod's lifetime)
    Medium:     
    SizeLimit:  <unset>
   nginx-config-volume:
    Type:      ConfigMap (a volume populated by a ConfigMap)
    Name:      nginx-config-9dm8cm6k22
    Optional:  false
Conditions:
  Type           Status  Reason
  ----           ------  ------
  Available      True    MinimumReplicasAvailable
  Progressing    False   ProgressDeadlineExceeded
OldReplicaSets:  kube-znn-68bd9d6b5b (8/8 replicas created)
NewReplicaSet:   kube-znn-7cbbf89f8 (5/5 replicas created)
Events:
  Type    Reason             Age                From                   Message
  ----    ------             ----               ----                   -------
  Normal  ScalingReplicaSet  40m                deployment-controller  Scaled up replica set kube-znn-68bd9d6b5b to 1
  Normal  ScalingReplicaSet  35m                deployment-controller  Scaled up replica set kube-znn-68bd9d6b5b to 2
  Normal  ScalingReplicaSet  35m                deployment-controller  Scaled up replica set kube-znn-68bd9d6b5b to 3
  Normal  ScalingReplicaSet  35m                deployment-controller  Scaled up replica set kube-znn-68bd9d6b5b to 4
  Normal  ScalingReplicaSet  35m                deployment-controller  Scaled up replica set kube-znn-68bd9d6b5b to 5
  Normal  ScalingReplicaSet  35m                deployment-controller  Scaled up replica set kube-znn-68bd9d6b5b to 6
  Normal  ScalingReplicaSet  35m                deployment-controller  Scaled up replica set kube-znn-68bd9d6b5b to 7
  Normal  ScalingReplicaSet  35m                deployment-controller  Scaled up replica set kube-znn-68bd9d6b5b to 8
  Normal  ScalingReplicaSet  34m                deployment-controller  Scaled up replica set kube-znn-68bd9d6b5b to 9
  Normal  ScalingReplicaSet  34m (x4 over 34m)  deployment-controller  (combined from similar events): Scaled up replica set kube-znn-7cbbf89f8 to 5
NAME       READY   UP-TO-DATE   AVAILABLE   AGE
kube-znn   8/10    5            8           40m
NAME                                 READY   STATUS      RESTARTS   AGE
failuremanager-ccc6cc495-2lcst       1/1     Running     0          40m
failuremonitor-68dd6cfd46-x582k      1/1     Running     0          40m
fidelitya-747848d79-5b7hp            1/1     Running     0          40m
grafana-65787bb97f-dmg76             1/1     Running     0          40m
k6-fcm85                             0/1     Completed   0          36m
kube-state-metrics-d4dff4b7c-7vzd9   1/1     Running     0          40m
kube-znn-68bd9d6b5b-2s6kd            2/2     Running     0          40m
kube-znn-68bd9d6b5b-7nvk5            2/2     Running     0          35m
kube-znn-68bd9d6b5b-bjf2d            2/2     Running     0          35m
kube-znn-68bd9d6b5b-dhbvm            2/2     Running     0          35m
kube-znn-68bd9d6b5b-dw7r7            2/2     Running     0          35m
kube-znn-68bd9d6b5b-jjz46            2/2     Running     0          35m
kube-znn-68bd9d6b5b-kbt54            2/2     Running     0          35m
kube-znn-68bd9d6b5b-kmx4k            2/2     Running     0          35m
kube-znn-7cbbf89f8-c5dpj             0/2     Pending     0          34m
kube-znn-7cbbf89f8-k926j             0/2     Pending     0          34m
kube-znn-7cbbf89f8-mbj7q             0/2     Pending     0          34m
kube-znn-7cbbf89f8-rc45r             0/2     Pending     0          34m
kube-znn-7cbbf89f8-rr9z4             0/2     Pending     0          34m
kube-znn-db-6cc48797cf-2t42b         1/1     Running     0          40m
nginx-ingress-8558d96667-nv8zz       1/1     Running     0          40m
prometheus-ffc965799-5gfvk           1/1     Running     0          40m
scalabilitya-7c4746db74-fjcks        1/1     Running     0          40m
