11/03/23 03:48:46 - Generating 1 times. 
11/03/23 03:51:03 - Deployments performed.
11/03/23 03:53:59 - K6 deployed.
11/03/23 03:54:09 - K6 running -- Initial data.
Replicas:               1 desired | 1 updated | 1 total | 1 available | 0 unavailable
    Image:      cmendes/znn:800k
11/03/23 03:57:58 - Generating 1 times. 
11/03/23 04:02:38 - Deployments performed.
11/03/23 04:05:44 - K6 deployed.
11/03/23 04:05:56 - K6 running -- Initial data.
Replicas:               1 desired | 1 updated | 1 total | 1 available | 0 unavailable
    Image:      cmendes/znn:800k
11/03/23 04:13:56 - K6 finishing -- Peak data.
Replicas:               8 desired | 8 updated | 8 total | 7 available | 1 unavailable
    Image:      cmendes/znn:400k
11/03/23 04:21:56 - K6 finised after unload -- Final data.
Replicas:               1 desired | 1 updated | 1 total | 1 available | 0 unavailable
    Image:      cmendes/znn:800k
11/03/23 04:21:57 - Restauration has finished.
Replicas:               1 desired | 1 updated | 1 total | 1 available | 0 unavailable
    Image:      cmendes/znn:800k
