11/30/23 22:59:11 - Generating 10 times. 
11/30/23 23:02:09 - Deployments performed.
11/30/23 23:03:21 - K6 deployed.
11/30/23 23:06:54 - K6 running -- Initial data.
Name:                   kube-znn
Namespace:              default
CreationTimestamp:      Thu, 30 Nov 2023 23:02:06 -0300
Labels:                 app=kube-znn
                        version=v1
Annotations:            deployment.kubernetes.io/revision: 1
Selector:               app=kube-znn,version=v1
Replicas:               1 desired | 1 updated | 1 total | 1 available | 0 unavailable
StrategyType:           RollingUpdate
MinReadySeconds:        0
RollingUpdateStrategy:  25% max unavailable, 25% max surge
Pod Template:
  Labels:       app=kube-znn
                version=v1
  Annotations:  prometheus.io/port: 9145
                prometheus.io/scrape: true
  Containers:
   znn:
    Image:      cmendes/znn:800k
    Port:       9000/TCP
    Host Port:  0/TCP
    Limits:
      cpu:     250m
      memory:  100Mi
    Environment:
      DB_HOST:  kube-znn-db
      DB_NAME:  znn
      DB_PASS:  znn_pass
    Mounts:
      /var/www/html from shared-files (rw)
   nginx:
    Image:        openresty/openresty:alpine-fat
    Ports:        80/TCP, 9145/TCP
    Host Ports:   0/TCP, 0/TCP
    Liveness:     http-get http://:80/liveness.php delay=0s timeout=1s period=10s #success=1 #failure=3
    Readiness:    http-get http://:80/readiness.php delay=0s timeout=1s period=10s #success=1 #failure=3
    Environment:  <none>
    Mounts:
      /etc/nginx/nginx-lua-prometheus/prometheus.lua from nginx-config-volume (rw,path="prometheus.lua")
      /etc/nginx/nginx-lua-prometheus/prometheus_keys.lua from nginx-config-volume (rw,path="prometheus_keys.lua")
      /etc/nginx/nginx-lua-prometheus/prometheus_resty_counter.lua from nginx-config-volume (rw,path="prometheus_resty_counter.lua")
      /usr/local/openresty/nginx/conf/nginx.conf from nginx-config-volume (rw,path="nginx.conf")
      /var/www/html from shared-files (rw)
  Volumes:
   shared-files:
    Type:       EmptyDir (a temporary directory that shares a pod's lifetime)
    Medium:     
    SizeLimit:  <unset>
   nginx-config-volume:
    Type:      ConfigMap (a volume populated by a ConfigMap)
    Name:      nginx-config-9dm8cm6k22
    Optional:  false
Conditions:
  Type           Status  Reason
  ----           ------  ------
  Available      True    MinimumReplicasAvailable
  Progressing    True    NewReplicaSetAvailable
OldReplicaSets:  <none>
NewReplicaSet:   kube-znn-5fb97667db (1/1 replicas created)
Events:
  Type    Reason             Age    From                   Message
  ----    ------             ----   ----                   -------
  Normal  ScalingReplicaSet  4m49s  deployment-controller  Scaled up replica set kube-znn-5fb97667db to 1
11/30/23 23:14:55 - K6 finishing -- Peak data.
Name:                   kube-znn
Namespace:              default
CreationTimestamp:      Thu, 30 Nov 2023 23:02:06 -0300
Labels:                 app=kube-znn
                        version=v1
Annotations:            deployment.kubernetes.io/revision: 149
Selector:               app=kube-znn,version=v1
Replicas:               10 desired | 5 updated | 13 total | 8 available | 5 unavailable
StrategyType:           RollingUpdate
MinReadySeconds:        0
RollingUpdateStrategy:  25% max unavailable, 25% max surge
Pod Template:
  Labels:       app=kube-znn
                version=v1
  Annotations:  prometheus.io/port: 9145
                prometheus.io/scrape: true
  Containers:
   znn:
    Image:      cmendes/znn:400k
    Port:       9000/TCP
    Host Port:  0/TCP
    Limits:
      cpu:     250m
      memory:  100Mi
    Environment:
      DB_HOST:  kube-znn-db
      DB_NAME:  znn
      DB_PASS:  znn_pass
    Mounts:
      /var/www/html from shared-files (rw)
   nginx:
    Image:        openresty/openresty:alpine-fat
    Ports:        80/TCP, 9145/TCP
    Host Ports:   0/TCP, 0/TCP
    Liveness:     http-get http://:80/liveness.php delay=0s timeout=1s period=10s #success=1 #failure=3
    Readiness:    http-get http://:80/readiness.php delay=0s timeout=1s period=10s #success=1 #failure=3
    Environment:  <none>
    Mounts:
      /etc/nginx/nginx-lua-prometheus/prometheus.lua from nginx-config-volume (rw,path="prometheus.lua")
      /etc/nginx/nginx-lua-prometheus/prometheus_keys.lua from nginx-config-volume (rw,path="prometheus_keys.lua")
      /etc/nginx/nginx-lua-prometheus/prometheus_resty_counter.lua from nginx-config-volume (rw,path="prometheus_resty_counter.lua")
      /usr/local/openresty/nginx/conf/nginx.conf from nginx-config-volume (rw,path="nginx.conf")
      /var/www/html from shared-files (rw)
  Volumes:
   shared-files:
    Type:       EmptyDir (a temporary directory that shares a pod's lifetime)
    Medium:     
    SizeLimit:  <unset>
   nginx-config-volume:
    Type:      ConfigMap (a volume populated by a ConfigMap)
    Name:      nginx-config-9dm8cm6k22
    Optional:  false
Conditions:
  Type           Status  Reason
  ----           ------  ------
  Available      True    MinimumReplicasAvailable
  Progressing    True    ReplicaSetUpdated
OldReplicaSets:  kube-znn-5fb97667db (6/6 replicas created), kube-znn-6978979d84 (2/2 replicas created)
NewReplicaSet:   kube-znn-f8d56c578 (5/5 replicas created)
Events:
  Type    Reason             Age                     From                   Message
  ----    ------             ----                    ----                   -------
  Normal  ScalingReplicaSet  12m                     deployment-controller  Scaled up replica set kube-znn-5fb97667db to 1
  Normal  ScalingReplicaSet  7m43s                   deployment-controller  Scaled up replica set kube-znn-5fb97667db to 2
  Normal  ScalingReplicaSet  7m35s                   deployment-controller  Scaled up replica set kube-znn-5fb97667db to 3
  Normal  ScalingReplicaSet  7m25s                   deployment-controller  Scaled up replica set kube-znn-5fb97667db to 4
  Normal  ScalingReplicaSet  7m15s                   deployment-controller  Scaled up replica set kube-znn-5fb97667db to 5
  Normal  ScalingReplicaSet  7m5s                    deployment-controller  Scaled up replica set kube-znn-5fb97667db to 6
  Normal  ScalingReplicaSet  6m55s                   deployment-controller  Scaled up replica set kube-znn-5fb97667db to 7
  Normal  ScalingReplicaSet  6m45s                   deployment-controller  Scaled up replica set kube-znn-5fb97667db to 8
  Normal  ScalingReplicaSet  6m35s                   deployment-controller  Scaled up replica set kube-znn-5fb97667db to 9
  Normal  ScalingReplicaSet  6m                      deployment-controller  Scaled up replica set kube-znn-f8d56c578 to 5
  Normal  ScalingReplicaSet  5m55s (x14 over 6m25s)  deployment-controller  (combined from similar events): Scaled down replica set kube-znn-f8d56c578 to 0
  Normal  ScalingReplicaSet  5m55s                   deployment-controller  Scaled up replica set kube-znn-6978979d84 to 7
  Normal  ScalingReplicaSet  5m55s                   deployment-controller  Scaled down replica set kube-znn-6978979d84 to 2
  Normal  ScalingReplicaSet  2m40s (x38 over 5m45s)  deployment-controller  Scaled down replica set kube-znn-f8d56c578 to 0
11/30/23 23:22:55 - K6 finised after unload -- Final data.
Name:                   kube-znn
Namespace:              default
CreationTimestamp:      Thu, 30 Nov 2023 23:02:06 -0300
Labels:                 app=kube-znn
                        version=v1
Annotations:            deployment.kubernetes.io/revision: 185
Selector:               app=kube-znn,version=v1
Replicas:               1 desired | 1 updated | 1 total | 1 available | 0 unavailable
StrategyType:           RollingUpdate
MinReadySeconds:        0
RollingUpdateStrategy:  25% max unavailable, 25% max surge
Pod Template:
  Labels:       app=kube-znn
                version=v1
  Annotations:  prometheus.io/port: 9145
                prometheus.io/scrape: true
  Containers:
   znn:
    Image:      cmendes/znn:800k
    Port:       9000/TCP
    Host Port:  0/TCP
    Limits:
      cpu:     250m
      memory:  100Mi
    Environment:
      DB_HOST:  kube-znn-db
      DB_NAME:  znn
      DB_PASS:  znn_pass
    Mounts:
      /var/www/html from shared-files (rw)
   nginx:
    Image:        openresty/openresty:alpine-fat
    Ports:        80/TCP, 9145/TCP
    Host Ports:   0/TCP, 0/TCP
    Liveness:     http-get http://:80/liveness.php delay=0s timeout=1s period=10s #success=1 #failure=3
    Readiness:    http-get http://:80/readiness.php delay=0s timeout=1s period=10s #success=1 #failure=3
    Environment:  <none>
    Mounts:
      /etc/nginx/nginx-lua-prometheus/prometheus.lua from nginx-config-volume (rw,path="prometheus.lua")
      /etc/nginx/nginx-lua-prometheus/prometheus_keys.lua from nginx-config-volume (rw,path="prometheus_keys.lua")
      /etc/nginx/nginx-lua-prometheus/prometheus_resty_counter.lua from nginx-config-volume (rw,path="prometheus_resty_counter.lua")
      /usr/local/openresty/nginx/conf/nginx.conf from nginx-config-volume (rw,path="nginx.conf")
      /var/www/html from shared-files (rw)
  Volumes:
   shared-files:
    Type:       EmptyDir (a temporary directory that shares a pod's lifetime)
    Medium:     
    SizeLimit:  <unset>
   nginx-config-volume:
    Type:      ConfigMap (a volume populated by a ConfigMap)
    Name:      nginx-config-9dm8cm6k22
    Optional:  false
Conditions:
  Type           Status  Reason
  ----           ------  ------
  Available      True    MinimumReplicasAvailable
  Progressing    True    NewReplicaSetAvailable
OldReplicaSets:  <none>
NewReplicaSet:   kube-znn-5fb97667db (1/1 replicas created)
Events:
  Type    Reason             Age                   From                   Message
  ----    ------             ----                  ----                   -------
  Normal  ScalingReplicaSet  20m                   deployment-controller  Scaled up replica set kube-znn-5fb97667db to 1
  Normal  ScalingReplicaSet  15m                   deployment-controller  Scaled up replica set kube-znn-5fb97667db to 2
  Normal  ScalingReplicaSet  15m                   deployment-controller  Scaled up replica set kube-znn-5fb97667db to 3
  Normal  ScalingReplicaSet  15m                   deployment-controller  Scaled up replica set kube-znn-5fb97667db to 4
  Normal  ScalingReplicaSet  15m                   deployment-controller  Scaled up replica set kube-znn-5fb97667db to 5
  Normal  ScalingReplicaSet  15m                   deployment-controller  Scaled up replica set kube-znn-5fb97667db to 6
  Normal  ScalingReplicaSet  14m                   deployment-controller  Scaled up replica set kube-znn-5fb97667db to 7
  Normal  ScalingReplicaSet  14m                   deployment-controller  Scaled up replica set kube-znn-5fb97667db to 8
  Normal  ScalingReplicaSet  14m                   deployment-controller  Scaled up replica set kube-znn-5fb97667db to 9
  Normal  ScalingReplicaSet  14m                   deployment-controller  Scaled up replica set kube-znn-f8d56c578 to 5
  Normal  ScalingReplicaSet  13m                   deployment-controller  Scaled up replica set kube-znn-6978979d84 to 7
  Normal  ScalingReplicaSet  13m                   deployment-controller  Scaled down replica set kube-znn-6978979d84 to 2
  Normal  ScalingReplicaSet  10m (x38 over 13m)    deployment-controller  Scaled down replica set kube-znn-f8d56c578 to 0
  Normal  ScalingReplicaSet  4m45s (x49 over 14m)  deployment-controller  (combined from similar events): Scaled down replica set kube-znn-5fb97667db to 5
  Normal  ScalingReplicaSet  40s (x6 over 2m45s)   deployment-controller  Scaled up replica set kube-znn-6978979d84 to 1
NAME       READY   UP-TO-DATE   AVAILABLE   AGE
kube-znn   1/1     1            1           20m
NAME                                 READY   STATUS        RESTARTS   AGE
failuremanager-ccc6cc495-4srtn       1/1     Running       0          20m
failuremonitor-68dd6cfd46-2h7jk      1/1     Running       0          20m
grafana-65787bb97f-6fvcb             1/1     Running       0          20m
k6-vtlh4                             0/1     Completed     0          19m
kube-state-metrics-d4dff4b7c-htrwh   1/1     Running       0          20m
kube-znn-5fb97667db-xhwq4            2/2     Running       0          6m14s
kube-znn-6978979d84-j5pds            0/2     Terminating   0          5s
kube-znn-6978979d84-mpbr8            0/2     Terminating   0          0s
kube-znn-db-6dd8968475-7lcwn         1/1     Running       0          20m
kubow-68487cddff-4pdpc               1/1     Running       0          20m
nginx-ingress-8558d96667-xhcvf       1/1     Running       0          20m
prometheus-ffc965799-tc489           1/1     Running       0          20m
Name:                   kube-znn
Namespace:              default
CreationTimestamp:      Thu, 30 Nov 2023 23:02:06 -0300
Labels:                 app=kube-znn
                        version=v1
Annotations:            deployment.kubernetes.io/revision: 277
Selector:               app=kube-znn,version=v1
Replicas:               1 desired | 1 updated | 1 total | 1 available | 0 unavailable
StrategyType:           RollingUpdate
MinReadySeconds:        0
RollingUpdateStrategy:  25% max unavailable, 25% max surge
Pod Template:
  Labels:       app=kube-znn
                version=v1
  Annotations:  prometheus.io/port: 9145
                prometheus.io/scrape: true
  Containers:
   znn:
    Image:      cmendes/znn:800k
    Port:       9000/TCP
    Host Port:  0/TCP
    Limits:
      cpu:     250m
      memory:  100Mi
    Environment:
      DB_HOST:  kube-znn-db
      DB_NAME:  znn
      DB_PASS:  znn_pass
    Mounts:
      /var/www/html from shared-files (rw)
   nginx:
    Image:        openresty/openresty:alpine-fat
    Ports:        80/TCP, 9145/TCP
    Host Ports:   0/TCP, 0/TCP
    Liveness:     http-get http://:80/liveness.php delay=0s timeout=1s period=10s #success=1 #failure=3
    Readiness:    http-get http://:80/readiness.php delay=0s timeout=1s period=10s #success=1 #failure=3
    Environment:  <none>
    Mounts:
      /etc/nginx/nginx-lua-prometheus/prometheus.lua from nginx-config-volume (rw,path="prometheus.lua")
      /etc/nginx/nginx-lua-prometheus/prometheus_keys.lua from nginx-config-volume (rw,path="prometheus_keys.lua")
      /etc/nginx/nginx-lua-prometheus/prometheus_resty_counter.lua from nginx-config-volume (rw,path="prometheus_resty_counter.lua")
      /usr/local/openresty/nginx/conf/nginx.conf from nginx-config-volume (rw,path="nginx.conf")
      /var/www/html from shared-files (rw)
  Volumes:
   shared-files:
    Type:       EmptyDir (a temporary directory that shares a pod's lifetime)
    Medium:     
    SizeLimit:  <unset>
   nginx-config-volume:
    Type:      ConfigMap (a volume populated by a ConfigMap)
    Name:      nginx-config-9dm8cm6k22
    Optional:  false
Conditions:
  Type           Status  Reason
  ----           ------  ------
  Available      True    MinimumReplicasAvailable
  Progressing    True    NewReplicaSetAvailable
OldReplicaSets:  <none>
NewReplicaSet:   kube-znn-5fb97667db (1/1 replicas created)
Events:
  Type    Reason             Age                 From                   Message
  ----    ------             ----                ----                   -------
  Normal  ScalingReplicaSet  40m                 deployment-controller  Scaled up replica set kube-znn-5fb97667db to 1
  Normal  ScalingReplicaSet  35m                 deployment-controller  Scaled up replica set kube-znn-5fb97667db to 2
  Normal  ScalingReplicaSet  35m                 deployment-controller  Scaled up replica set kube-znn-5fb97667db to 3
  Normal  ScalingReplicaSet  35m                 deployment-controller  Scaled up replica set kube-znn-5fb97667db to 4
  Normal  ScalingReplicaSet  35m                 deployment-controller  Scaled up replica set kube-znn-5fb97667db to 5
  Normal  ScalingReplicaSet  35m                 deployment-controller  Scaled up replica set kube-znn-5fb97667db to 6
  Normal  ScalingReplicaSet  34m                 deployment-controller  Scaled up replica set kube-znn-5fb97667db to 7
  Normal  ScalingReplicaSet  34m                 deployment-controller  Scaled up replica set kube-znn-5fb97667db to 8
  Normal  ScalingReplicaSet  34m                 deployment-controller  Scaled up replica set kube-znn-5fb97667db to 9
  Normal  ScalingReplicaSet  34m                 deployment-controller  Scaled up replica set kube-znn-f8d56c578 to 5
  Normal  ScalingReplicaSet  33m                 deployment-controller  Scaled up replica set kube-znn-6978979d84 to 7
  Normal  ScalingReplicaSet  33m                 deployment-controller  Scaled down replica set kube-znn-6978979d84 to 2
  Normal  ScalingReplicaSet  30m (x38 over 33m)  deployment-controller  Scaled down replica set kube-znn-f8d56c578 to 0
  Normal  ScalingReplicaSet  10m (x71 over 34m)  deployment-controller  (combined from similar events): Scaled up replica set kube-znn-5fb97667db to 6
  Normal  ScalingReplicaSet  41s (x44 over 22m)  deployment-controller  Scaled up replica set kube-znn-6978979d84 to 1
NAME       READY   UP-TO-DATE   AVAILABLE   AGE
kube-znn   1/1     1            1           40m
NAME                                 READY   STATUS        RESTARTS   AGE
failuremanager-ccc6cc495-4srtn       1/1     Running       0          40m
failuremonitor-68dd6cfd46-2h7jk      1/1     Running       0          40m
grafana-65787bb97f-6fvcb             1/1     Running       0          40m
k6-vtlh4                             0/1     Completed     0          39m
kube-state-metrics-d4dff4b7c-htrwh   1/1     Running       0          40m
kube-znn-5fb97667db-xhwq4            2/2     Running       0          26m
kube-znn-6978979d84-4q4n8            0/2     Terminating   0          1s
kube-znn-6978979d84-dp6f6            0/2     Terminating   0          6s
kube-znn-db-6dd8968475-7lcwn         1/1     Running       0          40m
kubow-68487cddff-4pdpc               1/1     Running       0          40m
nginx-ingress-8558d96667-xhcvf       1/1     Running       0          40m
prometheus-ffc965799-tc489           1/1     Running       0          40m
