11/04/23 16:45:00 - Generating 7 times. 
11/04/23 16:49:44 - Deployments performed.
11/04/23 16:52:50 - K6 deployed.
11/04/23 16:53:00 - K6 running -- Initial data.
Replicas:               1 desired | 1 updated | 1 total | 1 available | 0 unavailable
    Image:      cmendes/znn:800k
11/04/23 17:01:00 - K6 finishing -- Peak data.
Replicas:               10 desired | 5 updated | 13 total | 8 available | 5 unavailable
    Image:      cmendes/znn:600k
11/04/23 17:09:00 - K6 finised after unload -- Final data.
Replicas:               10 desired | 5 updated | 13 total | 8 available | 5 unavailable
    Image:      cmendes/znn:600k
11/04/23 17:26:08 - Generating 7 times. 
11/04/23 17:28:36 - Deployments performed.
11/04/23 17:31:52 - K6 deployed.
11/04/23 17:32:02 - K6 running -- Initial data.
Replicas:               1 desired | 1 updated | 1 total | 1 available | 0 unavailable
    Image:      cmendes/znn:800k
11/04/23 17:40:02 - K6 finishing -- Peak data.
Replicas:               10 desired | 5 updated | 13 total | 8 available | 5 unavailable
    Image:      cmendes/znn:400k
11/04/23 17:48:02 - K6 finised after unload -- Final data.
Replicas:               1 desired | 1 updated | 1 total | 1 available | 0 unavailable
    Image:      cmendes/znn:200k
11/04/23 17:48:03 - Restauration has finished.
Replicas:               1 desired | 1 updated | 1 total | 1 available | 0 unavailable
    Image:      cmendes/znn:200k
