12/01/23 08:08:14 - Generating 10 times. 
12/01/23 08:10:52 - Deployments performed.
12/01/23 08:15:37 - K6 deployed.
12/01/23 08:15:48 - K6 running -- Initial data.
Name:                   kube-znn
Namespace:              default
CreationTimestamp:      Fri, 01 Dec 2023 08:10:44 -0300
Labels:                 app=kube-znn
                        version=v1
Annotations:            deployment.kubernetes.io/revision: 1
Selector:               app=kube-znn,version=v1
Replicas:               1 desired | 1 updated | 1 total | 1 available | 0 unavailable
StrategyType:           RollingUpdate
MinReadySeconds:        0
RollingUpdateStrategy:  25% max unavailable, 25% max surge
Pod Template:
  Labels:       app=kube-znn
                version=v1
  Annotations:  prometheus.io/port: 9145
                prometheus.io/scrape: true
  Containers:
   znn:
    Image:      cmendes/znn:800k
    Port:       9000/TCP
    Host Port:  0/TCP
    Limits:
      cpu:     250m
      memory:  100Mi
    Environment:
      DB_HOST:  kube-znn-db
      DB_NAME:  znn
      DB_PASS:  znn_pass
    Mounts:
      /var/www/html from shared-files (rw)
   nginx:
    Image:        openresty/openresty:alpine-fat
    Ports:        80/TCP, 9145/TCP
    Host Ports:   0/TCP, 0/TCP
    Liveness:     http-get http://:80/liveness.php delay=0s timeout=1s period=10s #success=1 #failure=3
    Readiness:    http-get http://:80/readiness.php delay=0s timeout=1s period=10s #success=1 #failure=3
    Environment:  <none>
    Mounts:
      /etc/nginx/nginx-lua-prometheus/prometheus.lua from nginx-config-volume (rw,path="prometheus.lua")
      /etc/nginx/nginx-lua-prometheus/prometheus_keys.lua from nginx-config-volume (rw,path="prometheus_keys.lua")
      /etc/nginx/nginx-lua-prometheus/prometheus_resty_counter.lua from nginx-config-volume (rw,path="prometheus_resty_counter.lua")
      /usr/local/openresty/nginx/conf/nginx.conf from nginx-config-volume (rw,path="nginx.conf")
      /var/www/html from shared-files (rw)
  Volumes:
   shared-files:
    Type:       EmptyDir (a temporary directory that shares a pod's lifetime)
    Medium:     
    SizeLimit:  <unset>
   nginx-config-volume:
    Type:      ConfigMap (a volume populated by a ConfigMap)
    Name:      nginx-config-9dm8cm6k22
    Optional:  false
Conditions:
  Type           Status  Reason
  ----           ------  ------
  Available      True    MinimumReplicasAvailable
  Progressing    True    NewReplicaSetAvailable
OldReplicaSets:  <none>
NewReplicaSet:   kube-znn-68bd9d6b5b (1/1 replicas created)
Events:
  Type    Reason             Age   From                   Message
  ----    ------             ----  ----                   -------
  Normal  ScalingReplicaSet  5m4s  deployment-controller  Scaled up replica set kube-znn-68bd9d6b5b to 1
12/01/23 08:23:48 - K6 finishing -- Peak data.
Name:                   kube-znn
Namespace:              default
CreationTimestamp:      Fri, 01 Dec 2023 08:10:44 -0300
Labels:                 app=kube-znn
                        version=v1
Annotations:            deployment.kubernetes.io/revision: 2
Selector:               app=kube-znn,version=v1
Replicas:               10 desired | 5 updated | 13 total | 8 available | 5 unavailable
StrategyType:           RollingUpdate
MinReadySeconds:        0
RollingUpdateStrategy:  25% max unavailable, 25% max surge
Pod Template:
  Labels:       app=kube-znn
                version=v1
  Annotations:  prometheus.io/port: 9145
                prometheus.io/scrape: true
  Containers:
   znn:
    Image:      cmendes/znn:600k
    Port:       9000/TCP
    Host Port:  0/TCP
    Limits:
      cpu:     250m
      memory:  100Mi
    Environment:
      DB_HOST:  kube-znn-db
      DB_NAME:  znn
      DB_PASS:  znn_pass
    Mounts:
      /var/www/html from shared-files (rw)
   nginx:
    Image:        openresty/openresty:alpine-fat
    Ports:        80/TCP, 9145/TCP
    Host Ports:   0/TCP, 0/TCP
    Liveness:     http-get http://:80/liveness.php delay=0s timeout=1s period=10s #success=1 #failure=3
    Readiness:    http-get http://:80/readiness.php delay=0s timeout=1s period=10s #success=1 #failure=3
    Environment:  <none>
    Mounts:
      /etc/nginx/nginx-lua-prometheus/prometheus.lua from nginx-config-volume (rw,path="prometheus.lua")
      /etc/nginx/nginx-lua-prometheus/prometheus_keys.lua from nginx-config-volume (rw,path="prometheus_keys.lua")
      /etc/nginx/nginx-lua-prometheus/prometheus_resty_counter.lua from nginx-config-volume (rw,path="prometheus_resty_counter.lua")
      /usr/local/openresty/nginx/conf/nginx.conf from nginx-config-volume (rw,path="nginx.conf")
      /var/www/html from shared-files (rw)
  Volumes:
   shared-files:
    Type:       EmptyDir (a temporary directory that shares a pod's lifetime)
    Medium:     
    SizeLimit:  <unset>
   nginx-config-volume:
    Type:      ConfigMap (a volume populated by a ConfigMap)
    Name:      nginx-config-9dm8cm6k22
    Optional:  false
Conditions:
  Type           Status  Reason
  ----           ------  ------
  Available      True    MinimumReplicasAvailable
  Progressing    True    ReplicaSetUpdated
OldReplicaSets:  kube-znn-68bd9d6b5b (8/8 replicas created)
NewReplicaSet:   kube-znn-7cbbf89f8 (5/5 replicas created)
Events:
  Type    Reason             Age                   From                   Message
  ----    ------             ----                  ----                   -------
  Normal  ScalingReplicaSet  13m                   deployment-controller  Scaled up replica set kube-znn-68bd9d6b5b to 1
  Normal  ScalingReplicaSet  7m47s                 deployment-controller  Scaled up replica set kube-znn-68bd9d6b5b to 2
  Normal  ScalingReplicaSet  7m45s                 deployment-controller  Scaled up replica set kube-znn-68bd9d6b5b to 3
  Normal  ScalingReplicaSet  7m40s                 deployment-controller  Scaled up replica set kube-znn-68bd9d6b5b to 4
  Normal  ScalingReplicaSet  7m35s                 deployment-controller  Scaled up replica set kube-znn-68bd9d6b5b to 5
  Normal  ScalingReplicaSet  7m30s                 deployment-controller  Scaled up replica set kube-znn-68bd9d6b5b to 6
  Normal  ScalingReplicaSet  7m25s                 deployment-controller  Scaled up replica set kube-znn-68bd9d6b5b to 7
  Normal  ScalingReplicaSet  7m20s                 deployment-controller  Scaled up replica set kube-znn-68bd9d6b5b to 8
  Normal  ScalingReplicaSet  7m15s                 deployment-controller  Scaled up replica set kube-znn-68bd9d6b5b to 9
  Normal  ScalingReplicaSet  7m4s (x4 over 7m10s)  deployment-controller  (combined from similar events): Scaled up replica set kube-znn-7cbbf89f8 to 5
12/01/23 08:31:48 - K6 finised after unload -- Final data.
Name:                   kube-znn
Namespace:              default
CreationTimestamp:      Fri, 01 Dec 2023 08:10:44 -0300
Labels:                 app=kube-znn
                        version=v1
Annotations:            deployment.kubernetes.io/revision: 2
Selector:               app=kube-znn,version=v1
Replicas:               10 desired | 5 updated | 13 total | 8 available | 5 unavailable
StrategyType:           RollingUpdate
MinReadySeconds:        0
RollingUpdateStrategy:  25% max unavailable, 25% max surge
Pod Template:
  Labels:       app=kube-znn
                version=v1
  Annotations:  prometheus.io/port: 9145
                prometheus.io/scrape: true
  Containers:
   znn:
    Image:      cmendes/znn:600k
    Port:       9000/TCP
    Host Port:  0/TCP
    Limits:
      cpu:     250m
      memory:  100Mi
    Environment:
      DB_HOST:  kube-znn-db
      DB_NAME:  znn
      DB_PASS:  znn_pass
    Mounts:
      /var/www/html from shared-files (rw)
   nginx:
    Image:        openresty/openresty:alpine-fat
    Ports:        80/TCP, 9145/TCP
    Host Ports:   0/TCP, 0/TCP
    Liveness:     http-get http://:80/liveness.php delay=0s timeout=1s period=10s #success=1 #failure=3
    Readiness:    http-get http://:80/readiness.php delay=0s timeout=1s period=10s #success=1 #failure=3
    Environment:  <none>
    Mounts:
      /etc/nginx/nginx-lua-prometheus/prometheus.lua from nginx-config-volume (rw,path="prometheus.lua")
      /etc/nginx/nginx-lua-prometheus/prometheus_keys.lua from nginx-config-volume (rw,path="prometheus_keys.lua")
      /etc/nginx/nginx-lua-prometheus/prometheus_resty_counter.lua from nginx-config-volume (rw,path="prometheus_resty_counter.lua")
      /usr/local/openresty/nginx/conf/nginx.conf from nginx-config-volume (rw,path="nginx.conf")
      /var/www/html from shared-files (rw)
  Volumes:
   shared-files:
    Type:       EmptyDir (a temporary directory that shares a pod's lifetime)
    Medium:     
    SizeLimit:  <unset>
   nginx-config-volume:
    Type:      ConfigMap (a volume populated by a ConfigMap)
    Name:      nginx-config-9dm8cm6k22
    Optional:  false
Conditions:
  Type           Status  Reason
  ----           ------  ------
  Available      True    MinimumReplicasAvailable
  Progressing    False   ProgressDeadlineExceeded
OldReplicaSets:  kube-znn-68bd9d6b5b (8/8 replicas created)
NewReplicaSet:   kube-znn-7cbbf89f8 (5/5 replicas created)
Events:
  Type    Reason             Age                From                   Message
  ----    ------             ----               ----                   -------
  Normal  ScalingReplicaSet  21m                deployment-controller  Scaled up replica set kube-znn-68bd9d6b5b to 1
  Normal  ScalingReplicaSet  15m                deployment-controller  Scaled up replica set kube-znn-68bd9d6b5b to 2
  Normal  ScalingReplicaSet  15m                deployment-controller  Scaled up replica set kube-znn-68bd9d6b5b to 3
  Normal  ScalingReplicaSet  15m                deployment-controller  Scaled up replica set kube-znn-68bd9d6b5b to 4
  Normal  ScalingReplicaSet  15m                deployment-controller  Scaled up replica set kube-znn-68bd9d6b5b to 5
  Normal  ScalingReplicaSet  15m                deployment-controller  Scaled up replica set kube-znn-68bd9d6b5b to 6
  Normal  ScalingReplicaSet  15m                deployment-controller  Scaled up replica set kube-znn-68bd9d6b5b to 7
  Normal  ScalingReplicaSet  15m                deployment-controller  Scaled up replica set kube-znn-68bd9d6b5b to 8
  Normal  ScalingReplicaSet  15m                deployment-controller  Scaled up replica set kube-znn-68bd9d6b5b to 9
  Normal  ScalingReplicaSet  15m (x4 over 15m)  deployment-controller  (combined from similar events): Scaled up replica set kube-znn-7cbbf89f8 to 5
NAME       READY   UP-TO-DATE   AVAILABLE   AGE
kube-znn   8/10    5            8           21m
NAME                                 READY   STATUS      RESTARTS   AGE
failuremanager-ccc6cc495-v2xkg       1/1     Running     0          20m
failuremonitor-68dd6cfd46-g4hc9      1/1     Running     0          20m
fidelitya-648c7465f8-g7429           1/1     Running     0          21m
grafana-65787bb97f-h5ws9             1/1     Running     0          21m
k6-p72zr                             0/1     Completed   0          16m
kube-state-metrics-d4dff4b7c-spfxh   1/1     Running     0          21m
kube-znn-68bd9d6b5b-7s2cq            2/2     Running     0          15m
kube-znn-68bd9d6b5b-b29fq            2/2     Running     0          15m
kube-znn-68bd9d6b5b-bbw52            2/2     Running     0          15m
kube-znn-68bd9d6b5b-lx6ct            2/2     Running     0          15m
kube-znn-68bd9d6b5b-rfq86            2/2     Running     0          21m
kube-znn-68bd9d6b5b-swmlx            2/2     Running     0          15m
kube-znn-68bd9d6b5b-v4jz9            2/2     Running     0          15m
kube-znn-68bd9d6b5b-wbp8r            2/2     Running     0          15m
kube-znn-7cbbf89f8-4xxz9             0/2     Pending     0          15m
kube-znn-7cbbf89f8-nv266             0/2     Pending     0          15m
kube-znn-7cbbf89f8-wgqvg             0/2     Pending     0          15m
kube-znn-7cbbf89f8-wwqfc             0/2     Pending     0          15m
kube-znn-7cbbf89f8-zxv8m             0/2     Pending     0          15m
kube-znn-db-6cc48797cf-mscnt         1/1     Running     0          21m
nginx-ingress-8558d96667-2vpjf       1/1     Running     0          21m
prometheus-ffc965799-xc2c5           1/1     Running     0          21m
scalabilitya-69689dc784-6xtxw        1/1     Running     0          21m
Name:                   kube-znn
Namespace:              default
CreationTimestamp:      Fri, 01 Dec 2023 08:10:44 -0300
Labels:                 app=kube-znn
                        version=v1
Annotations:            deployment.kubernetes.io/revision: 2
Selector:               app=kube-znn,version=v1
Replicas:               10 desired | 5 updated | 13 total | 8 available | 5 unavailable
StrategyType:           RollingUpdate
MinReadySeconds:        0
RollingUpdateStrategy:  25% max unavailable, 25% max surge
Pod Template:
  Labels:       app=kube-znn
                version=v1
  Annotations:  prometheus.io/port: 9145
                prometheus.io/scrape: true
  Containers:
   znn:
    Image:      cmendes/znn:600k
    Port:       9000/TCP
    Host Port:  0/TCP
    Limits:
      cpu:     250m
      memory:  100Mi
    Environment:
      DB_HOST:  kube-znn-db
      DB_NAME:  znn
      DB_PASS:  znn_pass
    Mounts:
      /var/www/html from shared-files (rw)
   nginx:
    Image:        openresty/openresty:alpine-fat
    Ports:        80/TCP, 9145/TCP
    Host Ports:   0/TCP, 0/TCP
    Liveness:     http-get http://:80/liveness.php delay=0s timeout=1s period=10s #success=1 #failure=3
    Readiness:    http-get http://:80/readiness.php delay=0s timeout=1s period=10s #success=1 #failure=3
    Environment:  <none>
    Mounts:
      /etc/nginx/nginx-lua-prometheus/prometheus.lua from nginx-config-volume (rw,path="prometheus.lua")
      /etc/nginx/nginx-lua-prometheus/prometheus_keys.lua from nginx-config-volume (rw,path="prometheus_keys.lua")
      /etc/nginx/nginx-lua-prometheus/prometheus_resty_counter.lua from nginx-config-volume (rw,path="prometheus_resty_counter.lua")
      /usr/local/openresty/nginx/conf/nginx.conf from nginx-config-volume (rw,path="nginx.conf")
      /var/www/html from shared-files (rw)
  Volumes:
   shared-files:
    Type:       EmptyDir (a temporary directory that shares a pod's lifetime)
    Medium:     
    SizeLimit:  <unset>
   nginx-config-volume:
    Type:      ConfigMap (a volume populated by a ConfigMap)
    Name:      nginx-config-9dm8cm6k22
    Optional:  false
Conditions:
  Type           Status  Reason
  ----           ------  ------
  Available      True    MinimumReplicasAvailable
  Progressing    False   ProgressDeadlineExceeded
OldReplicaSets:  kube-znn-68bd9d6b5b (8/8 replicas created)
NewReplicaSet:   kube-znn-7cbbf89f8 (5/5 replicas created)
Events:
  Type    Reason             Age                From                   Message
  ----    ------             ----               ----                   -------
  Normal  ScalingReplicaSet  41m                deployment-controller  Scaled up replica set kube-znn-68bd9d6b5b to 1
  Normal  ScalingReplicaSet  35m                deployment-controller  Scaled up replica set kube-znn-68bd9d6b5b to 2
  Normal  ScalingReplicaSet  35m                deployment-controller  Scaled up replica set kube-znn-68bd9d6b5b to 3
  Normal  ScalingReplicaSet  35m                deployment-controller  Scaled up replica set kube-znn-68bd9d6b5b to 4
  Normal  ScalingReplicaSet  35m                deployment-controller  Scaled up replica set kube-znn-68bd9d6b5b to 5
  Normal  ScalingReplicaSet  35m                deployment-controller  Scaled up replica set kube-znn-68bd9d6b5b to 6
  Normal  ScalingReplicaSet  35m                deployment-controller  Scaled up replica set kube-znn-68bd9d6b5b to 7
  Normal  ScalingReplicaSet  35m                deployment-controller  Scaled up replica set kube-znn-68bd9d6b5b to 8
  Normal  ScalingReplicaSet  35m                deployment-controller  Scaled up replica set kube-znn-68bd9d6b5b to 9
  Normal  ScalingReplicaSet  35m (x4 over 35m)  deployment-controller  (combined from similar events): Scaled up replica set kube-znn-7cbbf89f8 to 5
NAME       READY   UP-TO-DATE   AVAILABLE   AGE
kube-znn   8/10    5            8           41m
NAME                                 READY   STATUS      RESTARTS   AGE
failuremanager-ccc6cc495-v2xkg       1/1     Running     0          40m
failuremonitor-68dd6cfd46-g4hc9      1/1     Running     0          40m
fidelitya-648c7465f8-g7429           1/1     Running     0          41m
grafana-65787bb97f-h5ws9             1/1     Running     0          41m
k6-p72zr                             0/1     Completed   0          36m
kube-state-metrics-d4dff4b7c-spfxh   1/1     Running     0          41m
kube-znn-68bd9d6b5b-7s2cq            2/2     Running     0          35m
kube-znn-68bd9d6b5b-b29fq            2/2     Running     0          35m
kube-znn-68bd9d6b5b-bbw52            2/2     Running     0          35m
kube-znn-68bd9d6b5b-lx6ct            2/2     Running     0          35m
kube-znn-68bd9d6b5b-rfq86            2/2     Running     0          41m
kube-znn-68bd9d6b5b-swmlx            2/2     Running     0          35m
kube-znn-68bd9d6b5b-v4jz9            2/2     Running     0          35m
kube-znn-68bd9d6b5b-wbp8r            2/2     Running     0          35m
kube-znn-7cbbf89f8-4xxz9             0/2     Pending     0          35m
kube-znn-7cbbf89f8-nv266             0/2     Pending     0          35m
kube-znn-7cbbf89f8-wgqvg             0/2     Pending     0          35m
kube-znn-7cbbf89f8-wwqfc             0/2     Pending     0          35m
kube-znn-7cbbf89f8-zxv8m             0/2     Pending     0          35m
kube-znn-db-6cc48797cf-mscnt         1/1     Running     0          41m
nginx-ingress-8558d96667-2vpjf       1/1     Running     0          41m
prometheus-ffc965799-xc2c5           1/1     Running     0          41m
scalabilitya-69689dc784-6xtxw        1/1     Running     0          41m
